02:09:09
183462
02:09:10
183462
02:09:11
183461
02:09:12
183461
02:09:13
183451
02:09:14
183461
02:09:15
183462
02:09:16
183461
02:09:17
183458
02:09:18
183460
02:09:19
183460
02:09:20
183460
02:09:21
182957
02:09:22
182042
02:09:23
182992
02:09:24
183158
02:09:25
183136
02:09:26
183121
02:09:27
183108
02:09:28
183094
02:09:29
183052
02:09:30
183051
02:09:31
183052
02:09:32
183051
02:09:33
183051
02:09:34
183049
02:09:35
182846
02:09:36
182459
02:09:37
182068
02:09:38
181680
02:09:39
181293
02:09:40
180583
02:09:41
181243
02:09:42
181503
02:09:43
181375
02:09:44
181272
02:09:45
179531
02:09:46
178046
02:09:47
177370
02:09:48
177127
02:09:49
177001
02:09:50
177026
02:09:51
176933
02:09:52
176899
02:09:53
176896
02:09:54
176890
02:09:55
176804
02:09:56
176779
02:09:57
176808
02:09:58
176825
02:09:59
176832
02:10:00
176840
02:10:01
176861
02:10:02
176829
02:10:03
176805
02:10:04
176790
02:10:05
176797
02:10:06
176821
02:10:07
176793
02:10:08
176738
02:10:09
176739
02:10:10
176726
02:10:11
176749
02:10:12
176714
02:10:13
176724
02:10:14
176685
02:10:15
176626
02:10:16
176632
02:10:17
176626
02:10:18
176683
02:10:19
176681
02:10:20
176659
02:10:21
176640
02:10:22
176559
02:10:23
176535
02:10:24
176545
02:10:25
176561
02:10:26
176504
02:10:27
176454
02:10:28
176477
02:10:29
176518
02:10:30
176526
02:10:31
176485
02:10:32
176498
02:10:33
176518
02:10:34
176551
02:10:35
176489
02:10:36
176524
02:10:37
176514
02:10:38
176527
02:10:39
176528
02:10:40
176513
02:10:41
177415
02:10:42
176672
02:10:43
176670
02:10:44
176668
02:10:45
176659
02:10:46
176658
02:10:47
176657
02:10:48
176656
02:10:49
176653
02:10:50
176653
02:10:51
176653
02:10:52
176653
02:10:53
176654
02:10:54
176653
02:10:55
176652
02:10:56
176653
02:10:57
176653
02:10:58
176653
02:10:59
176650
02:11:00
176650
02:11:01
176650
02:11:02
176650
02:11:03
176649
02:11:04
176648
02:11:05
176648
02:11:06
176648
02:11:08
176647
02:11:09
176646
02:11:10
176646
02:11:11
176644
02:11:12
176644
02:11:13
176644
02:11:14
176643
02:11:15
176643
02:11:16
176643
02:11:17
176645
02:11:18
176646
02:11:19
176646
02:11:20
176646
02:11:21
176643
02:11:22
176643
02:11:23
176643
02:11:24
176644
02:11:25
176644
02:11:26
176644
02:11:27
176640
02:11:28
176643
02:11:29
176642
02:11:30
176641
02:11:31
176639
02:11:32
176639
02:11:33
176640
02:11:34
176639
02:11:35
176639
02:11:36
176639
02:11:37
176638
02:11:38
176639
02:11:39
176640
02:11:40
176640
02:11:41
176637
02:11:42
176643
02:11:43
176641
02:11:44
176641
02:11:45
176639
02:11:46
176639
02:11:47
176623
02:11:48
176638
02:11:49
176637
02:11:50
176636
02:11:51
176631
02:11:52
176632
02:11:53
176631
02:11:54
176632
02:11:55
176632
02:11:56
176632
02:11:57
176631
02:11:58
176630
02:11:59
176629
02:12:00
176629
02:12:01
176629
02:12:02
176626
02:12:03
176629
02:12:04
176629
02:12:05
176629
02:12:06
176628
02:12:07
176628
02:12:08
176627
02:12:09
176629
02:12:10
176629
02:12:11
176630
02:12:12
176627
02:12:13
176630
02:12:14
176630
02:12:15
176629
02:12:16
176630
02:12:17
176631
02:12:18
176631
02:12:19
176632
02:12:20
176631
02:12:21
176631
02:12:22
176628
02:12:23
176628
02:12:24
176629
02:12:25
176629
02:12:26
176629
02:12:27
176630
02:12:28
176628
02:12:29
176631
02:12:30
176631
02:12:31
176630
02:12:32
176627
02:12:33
176630
02:12:34
176631
02:12:35
182877
02:12:36
182882
02:12:37
182882
02:12:38
182871
02:12:39
182882
02:12:40
182882
02:12:41
182881
02:12:42
182880
02:12:43
182882
02:12:44
182882
02:12:45
182882
02:12:46
182881
02:12:47
182880
02:12:48
182881
02:12:49
182881
02:12:50
182881
02:12:51
182881
02:12:52
182881
02:12:53
182880
02:12:54
182882
02:12:55
182882
02:12:56
182883
02:12:57
182883
02:12:58
182882
02:12:59
182884
02:13:00
182883
02:13:01
182883
02:13:02
182883
02:13:03
182884
02:13:04
182884
02:13:05
182885
02:13:06
182884
