10:04:38
108246
10:04:39
108246
10:04:40
108245
10:04:41
108245
10:04:42
108245
10:04:43
108244
10:04:44
108244
10:04:45
108243
10:04:46
108241
10:04:47
108242
10:04:48
108241
10:04:49
108242
10:04:50
108241
10:04:51
108242
10:04:52
108242
10:04:53
108243
10:04:54
108243
10:04:55
108242
10:04:56
108241
10:04:57
108240
10:04:58
108239
10:04:59
108238
10:05:00
108237
10:05:01
108237
10:05:02
108238
10:05:03
108237
10:05:04
108236
10:05:05
108236
10:05:06
108235
10:05:07
108235
10:05:08
108233
10:05:09
108232
10:05:10
108231
10:05:11
108230
10:05:12
108231
10:05:13
108231
10:05:14
108231
10:05:15
108230
10:05:16
108229
10:05:17
108228
10:05:18
108229
10:05:19
108227
10:05:20
108227
10:05:21
108227
10:05:22
108228
10:05:23
108228
10:05:24
108227
10:05:25
108227
10:05:26
108227
10:05:27
108225
10:05:28
108225
10:05:29
108226
10:05:30
108226
10:05:31
108225
10:05:32
108224
10:05:33
108223
10:05:34
108224
10:05:35
108224
10:05:36
108226
10:05:37
108226
10:05:38
108226
10:05:39
108227
10:05:40
108226
10:05:41
108225
10:05:42
108226
10:05:43
108225
10:05:45
108225
10:05:46
108223
10:05:47
108223
10:05:48
108221
10:05:49
108221
10:05:50
108221
10:05:51
108221
10:05:52
108222
10:05:53
108221
10:05:54
108222
10:05:55
108221
10:05:56
108219
10:05:57
108218
10:05:58
108213
10:05:59
108214
10:06:00
108214
10:06:01
108214
10:06:02
108214
10:06:03
108215
10:06:04
108215
10:06:05
108214
10:06:06
108213
10:06:07
108214
10:06:08
108206
10:06:09
108213
10:06:10
108212
10:06:11
108212
10:06:12
108211
10:06:13
108207
10:06:14
108210
10:06:15
108210
10:06:16
108208
10:06:17
108207
10:06:18
108207
10:06:19
108206
10:06:20
108200
10:06:21
108199
10:06:22
108199
10:06:23
108199
10:06:24
108200
10:06:25
108200
10:06:26
108200
10:06:27
108202
10:06:28
108203
10:06:29
108204
10:06:30
108204
10:06:31
108203
10:06:32
108202
10:06:33
108201
10:06:34
108201
10:06:35
108199
10:06:36
108198
10:06:37
108198
10:06:38
108199
10:06:39
108197
10:06:40
108197
10:06:41
108194
10:06:42
108195
10:06:43
108194
10:06:44
108194
10:06:45
108193
10:06:46
108193
10:06:47
108193
10:06:48
108193
10:06:49
108193
10:06:50
108194
10:06:51
108195
10:06:52
108195
10:06:53
108193
10:06:54
108193
10:06:55
108193
10:06:56
108194
10:06:57
108193
10:06:58
108192
10:06:59
108190
10:07:00
108191
10:07:01
108190
10:07:02
108191
10:07:03
108190
10:07:04
108190
10:07:05
108191
10:07:06
108191
10:07:07
108191
10:07:08
108190
10:07:09
108190
10:07:10
108190
10:07:11
108188
10:07:12
108189
10:07:13
108189
10:07:14
108188
10:07:15
108187
10:07:16
108186
10:07:17
108185
10:07:18
108183
10:07:19
108183
10:07:20
108182
10:07:21
108184
10:07:22
108185
10:07:23
108184
10:07:24
108184
10:07:25
108184
10:07:26
108184
10:07:27
108184
10:07:28
108184
10:07:29
108183
10:07:30
108181
10:07:31
108181
10:07:32
108180
10:07:33
108181
10:07:34
108182
10:07:35
108182
10:07:36
108183
10:07:37
108182
10:07:38
108182
10:07:39
108181
10:07:40
108180
10:07:41
108179
10:07:42
108179
10:07:43
108178
10:07:44
108178
10:07:45
108178
10:07:46
108174
10:07:47
108175
10:07:48
108176
10:07:49
108177
10:07:50
108176
10:07:51
108178
10:07:52
108178
10:07:53
108177
10:07:54
108177
10:07:56
108168
10:07:57
108175
10:07:58
108174
10:07:59
108175
10:08:00
108173
10:08:01
108173
10:08:02
108174
10:08:03
108176
10:08:04
108175
10:08:05
108174
10:08:06
108173
10:08:07
108172
10:08:08
108172
10:08:09
108171
10:08:10
108172
10:08:11
108172
10:08:12
108161
10:08:13
108170
10:08:14
108170
10:08:15
108171
10:08:16
108169
10:08:17
108169
10:08:18
108169
10:08:19
108168
10:08:20
108167
10:08:21
108167
10:08:22
108167
10:08:23
108168
10:08:24
108168
10:08:25
108167
10:08:26
108168
10:08:27
108168
10:08:28
108168
10:08:29
108168
10:08:30
108169
10:08:31
108168
10:08:32
108169
10:08:33
108168
10:08:34
108168
10:08:35
108167
10:08:36
108168
10:08:37
108166
10:08:38
108166
10:08:39
108167
10:08:40
108167
10:08:41
108168
10:08:42
108166
10:08:43
108166
10:08:44
108165
10:08:45
108164
10:08:46
108164
10:08:47
108162
10:08:48
108161
10:08:49
108163
10:08:50
108162
10:08:51
108162
10:08:52
108162
10:08:53
108162
10:08:54
108162
10:08:55
108162
10:08:56
108162
10:08:57
108161
10:08:58
108162
10:08:59
108162
10:09:00
108160
10:09:01
108159
10:09:02
108157
10:09:03
108157
10:09:04
108157
10:09:05
108156
10:09:06
108157
10:09:07
108156
10:09:08
108155
10:09:09
108155
10:09:10
108155
10:09:11
108155
10:09:12
108155
10:09:13
108155
10:09:14
108156
10:09:15
108155
10:09:16
108155
10:09:17
108154
10:09:18
108154
10:09:19
108152
10:09:20
108152
10:09:21
108152
10:09:22
108151
10:09:23
108149
10:09:24
108150
10:09:25
108149
10:09:26
108145
10:09:27
108150
10:09:28
108148
10:09:29
108143
10:09:30
108148
10:09:31
108148
10:09:32
108148
10:09:33
108144
10:09:34
108144
10:09:35
108146
10:09:36
108143
10:09:37
108144
10:09:38
108143
10:09:39
108143
10:09:40
108143
10:09:41
108143
10:09:42
108143
10:09:43
108142
10:09:44
108142
10:09:45
108142
10:09:46
108143
10:09:47
108144
10:09:48
108143
10:09:49
108143
10:09:50
108143
10:09:51
108137
10:09:52
108142
10:09:53
108138
10:09:54
108138
10:09:55
108138
10:09:56
108137
10:09:57
108137
10:09:58
108138
10:09:59
108137
10:10:00
108138
10:10:01
108137
10:10:02
108136
10:10:03
108135
10:10:04
108126
10:10:05
108133
10:10:06
108133
10:10:08
108133
10:10:09
108133
10:10:10
108133
10:10:11
108133
10:10:12
108134
10:10:13
108133
10:10:14
108134
10:10:15
108133
10:10:16
108134
10:10:17
108134
10:10:18
108135
10:10:19
108134
10:10:20
108134
10:10:21
108133
10:10:22
108133
10:10:23
108134
10:10:24
108133
10:10:25
108130
10:10:26
108130
10:10:27
108130
10:10:28
108129
10:10:29
108130
10:10:30
108130
10:10:31
108129
10:10:32
108130
10:10:33
108129
10:10:34
108129
10:10:35
108130
10:10:36
108129
10:10:37
108130
10:10:38
108128
10:10:39
108129
10:10:40
108129
10:10:41
108129
10:10:42
108128
10:10:43
108130
10:10:44
108130
10:10:45
108129
10:10:46
108130
10:10:47
108130
10:10:48
108130
10:10:49
108129
10:10:50
108130
10:10:51
108129
10:10:52
108129
10:10:53
108129
10:10:54
108129
10:10:55
108129
10:10:56
108127
10:10:57
108126
10:10:58
108125
10:10:59
108125
10:11:00
108126
10:11:01
108125
10:11:02
108125
10:11:03
108125
10:11:04
108125
10:11:05
108124
10:11:06
108126
10:11:07
108126
10:11:08
108124
10:11:09
108123
10:11:10
108124
10:11:11
108125
10:11:12
108125
10:11:13
108125
10:11:14
108125
10:11:15
108122
10:11:16
108119
10:11:17
108120
10:11:18
108119
10:11:19
108119
10:11:20
108118
10:11:21
108118
10:11:22
108119
10:11:23
108120
10:11:24
108119
10:11:25
108119
10:11:26
108120
10:11:27
108100
10:11:28
108110
10:11:29
108117
10:11:30
108116
10:11:31
108116
10:11:32
108116
10:11:33
108117
10:11:34
108115
10:11:35
108115
10:11:36
108116
10:11:37
108115
10:11:38
108115
10:11:39
108115
10:11:40
108114
10:11:41
108115
10:11:42
108115
10:11:43
108116
10:11:44
108116
10:11:45
108116
10:11:46
108113
10:11:47
108114
10:11:48
108113
10:11:49
108113
10:11:50
108113
10:11:51
108112
10:11:52
108111
10:11:53
108110
10:11:54
108112
10:11:55
108111
10:11:56
108111
10:11:57
108112
10:11:58
108111
10:11:59
108112
10:12:00
108114
10:12:01
108113
10:12:02
108111
10:12:03
108110
10:12:04
108110
10:12:05
108110
10:12:06
108108
10:12:07
108109
10:12:08
108110
10:12:09
108108
10:12:10
108109
10:12:11
108106
10:12:12
108108
10:12:13
108109
10:12:14
108108
10:12:15
108108
10:12:16
108109
10:12:17
108108
10:12:18
108107
10:12:20
108107
10:12:21
108107
10:12:22
108109
10:12:23
108109
10:12:24
108110
10:12:25
108108
10:12:26
108108
10:12:27
108107
10:12:28
108108
10:12:29
108106
10:12:30
108107
10:12:31
108108
10:12:32
108108
10:12:33
108107
10:12:34
108108
10:12:35
108107
10:12:36
108107
10:12:37
108108
10:12:38
108108
10:12:39
108106
10:12:40
108107
10:12:41
108108
10:12:42
108108
10:12:43
108107
10:12:44
108106
10:12:45
108106
10:12:46
108106
10:12:47
108107
10:12:48
108106
10:12:49
108106
10:12:50
108105
10:12:51
108107
10:12:52
108106
10:12:53
108107
10:12:54
108107
10:12:55
108106
10:12:56
108106
10:12:57
108105
10:12:58
108104
10:12:59
108103
10:13:00
108103
10:13:01
108103
10:13:02
108104
10:13:03
108105
10:13:04
108105
10:13:05
108105
10:13:06
108103
10:13:07
108105
10:13:08
108104
10:13:09
108102
10:13:10
108100
10:13:11
108099
10:13:12
108099
10:13:13
108099
10:13:14
108099
10:13:15
108100
10:13:16
108100
10:13:17
108101
10:13:18
108102
10:13:19
108103
10:13:20
108102
10:13:21
108101
10:13:22
108101
10:13:23
108102
10:13:24
108102
10:13:25
108103
10:13:26
108102
10:13:27
108102
10:13:28
108101
10:13:29
108097
10:13:30
108097
10:13:31
108098
10:13:32
108099
10:13:33
108098
10:13:34
108099
10:13:35
108099
10:13:36
108099
10:13:37
108099
10:13:38
108100
10:13:39
108100
10:13:40
108100
10:13:41
108098
10:13:42
108097
