00:55:52
121318
00:55:53
121317
00:55:54
121317
00:55:55
121317
00:55:56
121317
00:55:57
121317
00:55:58
121316
00:55:59
121316
00:56:00
121317
00:56:01
121315
00:56:02
121317
00:56:03
121317
00:56:04
121318
00:56:05
121318
00:56:06
121318
00:56:07
121318
00:56:08
121317
00:56:09
121318
00:56:10
121319
00:56:11
121319
00:56:12
121320
00:56:13
121320
00:56:14
121319
00:56:15
121319
00:56:16
121318
00:56:17
121317
00:56:18
121317
00:56:19
121318
00:56:20
121318
00:56:21
121317
00:56:22
121319
00:56:23
121317
00:56:24
121318
00:56:25
121318
00:56:26
121316
00:56:27
121318
00:56:28
121317
00:56:29
121318
00:56:30
121317
00:56:31
121317
00:56:32
121317
00:56:33
121317
00:56:34
120746
00:56:35
119997
00:56:36
120739
00:56:37
121063
00:56:38
121057
00:56:39
121052
00:56:40
121045
00:56:41
121032
00:56:42
121025
00:56:43
121018
00:56:44
121012
00:56:45
121004
00:56:46
120995
00:56:47
120988
00:56:48
120948
00:56:49
120948
00:56:50
120947
00:56:51
120947
00:56:52
120946
00:56:53
120947
00:56:54
120948
00:56:55
120946
00:56:56
120944
00:56:57
120944
00:56:58
120679
00:56:59
120442
00:57:00
120213
00:57:01
119977
00:57:02
119742
00:57:03
119507
00:57:04
119274
00:57:05
119039
00:57:06
117969
00:57:07
118962
00:57:08
119399
00:57:09
119266
00:57:10
118228
00:57:11
116640
00:57:12
116033
00:57:13
115510
00:57:14
115348
00:57:15
115251
00:57:16
115152
00:57:17
115151
00:57:18
115190
00:57:19
115134
00:57:20
115063
00:57:21
115058
00:57:22
115078
00:57:23
115065
00:57:24
115060
00:57:25
115041
00:57:26
115033
00:57:27
115022
00:57:28
115021
00:57:29
115022
00:57:30
114984
00:57:31
115004
00:57:32
114984
00:57:33
114981
00:57:34
114962
00:57:35
114961
00:57:36
114950
00:57:37
114944
00:57:38
114946
00:57:39
114941
00:57:40
114921
00:57:41
114919
00:57:42
114915
00:57:43
114907
00:57:44
114902
00:57:45
114895
00:57:46
114897
00:57:47
114904
00:57:48
114887
00:57:49
114882
00:57:50
114880
00:57:51
114880
00:57:52
114878
00:57:53
114844
00:57:54
114846
00:57:55
114807
00:57:57
114805
00:57:58
114775
00:57:59
114803
00:58:00
114803
00:58:01
114802
00:58:02
114804
00:58:03
114798
00:58:04
114771
00:58:05
114762
00:58:06
114260
00:58:07
115568
00:58:08
115567
00:58:09
115566
00:58:10
115566
00:58:11
115563
00:58:12
115562
00:58:13
114733
00:58:14
115086
00:58:15
115085
00:58:16
115216
00:58:17
115172
00:58:18
115143
00:58:19
115131
00:58:20
115126
00:58:21
115122
00:58:22
115121
00:58:23
115119
00:58:24
115117
00:58:25
115115
00:58:26
115112
00:58:27
115110
00:58:28
115110
00:58:29
115106
00:58:30
115107
00:58:31
115108
00:58:32
115106
00:58:33
115105
00:58:34
115102
00:58:35
115101
00:58:36
115100
00:58:37
115100
00:58:38
115098
00:58:39
115094
00:58:40
115096
00:58:41
115094
00:58:42
115093
00:58:43
115093
00:58:44
115091
00:58:45
115091
00:58:46
115092
00:58:47
115086
00:58:48
115087
00:58:49
115085
00:58:50
115085
00:58:51
115086
00:58:52
115085
00:58:53
115085
00:58:54
115085
00:58:55
115078
00:58:56
115078
00:58:57
115080
00:58:58
115078
00:58:59
115075
00:59:00
115078
00:59:01
115076
00:59:02
115074
00:59:03
115072
00:59:04
115073
00:59:05
115071
00:59:06
115071
00:59:07
115071
00:59:08
115070
00:59:09
115069
00:59:10
115068
00:59:11
115068
00:59:12
115066
00:59:13
115065
00:59:14
115064
00:59:15
115063
00:59:16
115062
00:59:17
115061
00:59:18
115060
00:59:19
115062
00:59:20
115054
00:59:21
115054
00:59:22
115052
00:59:23
115050
00:59:24
115047
00:59:25
115047
00:59:26
115045
00:59:27
115046
00:59:28
115045
00:59:29
115045
00:59:30
115043
00:59:31
115042
00:59:32
115043
00:59:33
115040
00:59:34
115038
00:59:35
115039
00:59:36
115037
00:59:37
115036
00:59:38
115036
00:59:39
115034
00:59:40
115034
00:59:41
115031
00:59:42
115029
00:59:43
115029
00:59:44
115029
00:59:45
115027
00:59:47
115026
00:59:48
115027
00:59:49
115027
00:59:50
115026
00:59:51
115024
00:59:52
115023
00:59:53
115024
00:59:54
115021
00:59:55
115021
00:59:56
115019
00:59:57
115017
00:59:58
115017
00:59:59
115015
01:00:00
115015
01:00:01
115010
01:00:02
115011
01:00:03
115010
01:00:04
115012
01:00:05
115009
01:00:06
115009
01:00:07
115005
01:00:08
115007
01:00:09
115006
01:00:10
115004
01:00:11
115004
01:00:12
115000
01:00:13
114998
01:00:14
114996
01:00:15
114996
01:00:16
114995
01:00:17
114987
01:00:18
114994
01:00:19
114993
01:00:20
114990
01:00:21
114989
01:00:22
114989
01:00:23
114990
01:00:24
114988
01:00:25
114988
01:00:26
114989
01:00:27
114987
01:00:28
114984
01:00:29
114983
01:00:30
114982
01:00:31
114981
01:00:32
114979
01:00:33
114978
01:00:34
114976
01:00:35
114976
01:00:36
114975
01:00:37
114972
01:00:38
114973
01:00:39
114972
01:00:40
114971
01:00:41
114971
01:00:42
114968
01:00:43
114969
01:00:44
114969
01:00:45
114967
01:00:46
114967
01:00:47
114966
01:00:48
114965
01:00:49
114965
01:00:50
114962
01:00:51
114961
01:00:52
114959
01:00:53
114955
01:00:54
114956
01:00:55
114954
01:00:56
114953
01:00:57
114954
01:00:58
114952
01:00:59
114952
01:01:00
114949
01:01:01
114950
01:01:02
114947
01:01:03
114945
01:01:04
114947
01:01:05
114945
01:01:06
114945
01:01:07
114945
01:01:08
114943
01:01:09
114942
01:01:10
114945
01:01:11
114941
01:01:12
114941
01:01:13
114939
01:01:14
114939
01:01:15
114937
01:01:16
114937
01:01:17
114935
01:01:18
114933
01:01:19
114933
01:01:20
114933
01:01:21
114933
01:01:22
114932
01:01:23
114930
01:01:24
114930
01:01:25
114929
01:01:26
114927
01:01:27
114924
01:01:28
114923
01:01:29
114921
01:01:30
114921
01:01:31
114920
01:01:33
114920
01:01:34
114918
01:01:35
114917
01:01:36
114917
01:01:37
114916
01:01:38
114916
01:01:39
114914
01:01:40
114912
01:01:41
114913
01:01:42
114910
01:01:43
114910
01:01:44
114908
01:01:45
114907
01:01:46
114905
01:01:47
114904
01:01:48
114904
01:01:49
114902
01:01:50
114901
01:01:51
114902
01:01:52
114900
01:01:53
114899
01:01:54
114898
01:01:55
114898
01:01:56
114897
01:01:57
114897
01:01:58
114895
01:01:59
114895
01:02:00
114892
01:02:01
114890
01:02:02
114890
01:02:03
114888
01:02:04
114886
01:02:05
114888
01:02:06
114886
01:02:07
114886
01:02:08
114885
01:02:09
114883
01:02:10
114880
01:02:11
114879
01:02:12
114881
01:02:13
114878
01:02:14
114877
01:02:15
114878
01:02:16
114878
01:02:17
114878
01:02:18
114876
01:02:19
114877
01:02:20
114872
01:02:21
114872
01:02:22
114872
01:02:23
114872
01:02:24
114870
01:02:25
114867
01:02:26
114866
01:02:27
114865
01:02:28
114865
01:02:29
114866
01:02:30
114862
01:02:31
114864
01:02:32
114865
01:02:33
114863
01:02:34
114861
01:02:35
114860
01:02:36
114858
01:02:37
114856
01:02:38
114855
01:02:39
114856
01:02:40
114853
01:02:41
114852
01:02:42
114850
01:02:43
114851
01:02:44
114849
01:02:45
114847
01:02:46
114846
01:02:47
114844
01:02:48
114842
01:02:49
114842
01:02:50
114843
01:02:51
114842
01:02:52
114844
01:02:53
114843
01:02:54
114843
01:02:55
114840
01:02:56
114840
01:02:57
114837
01:02:58
114836
01:02:59
114835
01:03:00
114834
01:03:01
114832
01:03:02
114834
01:03:03
114833
01:03:04
114832
01:03:05
114832
01:03:06
114830
01:03:07
114831
01:03:08
114828
01:03:09
114827
01:03:10
114826
01:03:11
114826
01:03:12
114824
01:03:13
114824
01:03:14
114823
01:03:15
114820
01:03:16
114821
01:03:17
114820
01:03:18
114820
01:03:19
114819
01:03:20
114818
01:03:21
114809
01:03:23
114811
01:03:24
114812
01:03:25
114811
01:03:26
114807
01:03:27
114809
01:03:28
114808
01:03:29
114807
01:03:30
114807
01:03:31
114806
01:03:32
114789
01:03:33
114804
01:03:34
114804
01:03:35
114801
01:03:36
114800
01:03:37
114798
01:03:38
114797
01:03:39
114796
01:03:40
114795
01:03:41
114794
01:03:42
114792
01:03:43
114791
01:03:44
114791
01:03:45
114790
01:03:46
114789
01:03:47
114785
01:03:48
114784
01:03:49
114781
01:03:50
114756
01:03:51
114756
01:03:52
114755
01:03:53
114754
01:03:54
114753
01:03:55
114754
01:03:56
114753
01:03:57
114750
01:03:58
114750
01:03:59
114749
01:04:00
114748
01:04:01
114747
01:04:02
114747
01:04:03
114744
01:04:04
114744
01:04:05
114743
01:04:06
114742
01:04:07
114740
01:04:08
114740
01:04:09
114740
01:04:10
114739
01:04:11
114738
01:04:12
114739
01:04:13
114735
01:04:14
114734
01:04:15
114734
01:04:16
114733
01:04:17
114731
01:04:18
114731
01:04:19
114731
01:04:20
114731
01:04:21
114732
01:04:22
114730
01:04:23
114729
01:04:24
114728
01:04:25
114727
01:04:26
114726
01:04:27
114724
01:04:28
114722
01:04:29
114720
01:04:30
114721
01:04:31
114720
01:04:32
114717
01:04:33
114715
01:04:34
114714
01:04:35
114711
01:04:36
114711
01:04:37
114711
01:04:38
114709
01:04:39
114707
01:04:40
114707
01:04:41
114704
01:04:42
114702
01:04:43
114702
01:04:44
114700
01:04:45
114698
01:04:46
114697
01:04:47
114695
01:04:48
114694
01:04:49
114693
01:04:50
114694
01:04:51
114691
01:04:52
114691
01:04:53
114690
01:04:54
114689
01:04:55
114687
01:04:56
114689
01:04:57
114687
01:04:58
114686
01:04:59
114684
01:05:00
114681
01:05:01
114681
01:05:02
114679
01:05:03
114678
01:05:04
114675
01:05:05
114676
01:05:06
114674
01:05:07
114672
01:05:08
114671
01:05:10
114672
01:05:11
114670
01:05:12
114671
01:05:13
114670
01:05:14
114667
01:05:15
114664
01:05:16
114661
01:05:17
114659
01:05:18
114658
01:05:19
114656
01:05:20
114655
01:05:21
114653
01:05:22
114653
01:05:23
114651
01:05:24
114650
01:05:25
114649
01:05:26
114648
01:05:27
114648
01:05:28
114645
01:05:29
114641
01:05:30
114643
01:05:31
114641
01:05:32
114640
01:05:33
114640
01:05:34
114638
01:05:35
114637
01:05:36
114637
01:05:37
114636
01:05:38
114636
01:05:39
114631
01:05:40
114632
01:05:41
114631
01:05:42
114629
01:05:43
114627
01:05:44
114626
01:05:45
114611
01:05:46
114623
01:05:47
114620
01:05:48
114620
01:05:49
114617
01:05:50
114617
01:05:51
114615
01:05:52
114615
01:05:53
114613
01:05:54
114614
01:05:55
114611
01:05:56
114608
01:05:57
114608
01:05:58
114608
01:05:59
114607
01:06:00
114605
01:06:01
114605
01:06:02
114604
01:06:03
114601
01:06:04
114599
01:06:05
114601
01:06:06
114600
01:06:07
114598
01:06:08
114598
01:06:09
114598
01:06:10
114595
01:06:11
114593
01:06:12
114591
01:06:13
114592
01:06:14
114589
01:06:15
114589
01:06:16
114586
01:06:17
114584
01:06:18
114585
01:06:19
114583
01:06:20
114581
01:06:21
114626
01:06:22
114622
01:06:23
114622
01:06:24
114622
01:06:25
114619
01:06:26
114617
01:06:27
114618
01:06:28
114616
01:06:29
114613
01:06:30
114612
01:06:31
114612
01:06:32
114612
01:06:33
114613
01:06:34
114609
01:06:35
114608
01:06:36
114605
01:06:37
114606
01:06:38
114605
01:06:39
114604
01:06:40
114601
01:06:41
114600
01:06:42
114600
01:06:43
114598
01:06:44
114595
01:06:45
114593
01:06:46
114593
01:06:47
114591
01:06:48
114590
01:06:49
114592
01:06:50
114590
01:06:51
114586
01:06:52
114585
01:06:53
114585
01:06:54
114583
01:06:55
114582
01:06:56
114581
01:06:57
114580
01:06:58
114580
01:07:00
114580
01:07:01
114577
01:07:02
114573
01:07:03
114573
01:07:04
114573
01:07:05
114569
01:07:06
114569
01:07:07
114567
01:07:08
114568
01:07:09
114565
01:07:10
114564
01:07:11
114565
01:07:12
114559
01:07:13
114560
01:07:14
114560
01:07:15
114558
01:07:16
114556
01:07:17
114555
01:07:18
114556
01:07:19
114554
01:07:20
114553
01:07:21
114553
01:07:22
114549
01:07:23
114548
01:07:24
114547
01:07:25
114545
01:07:26
114544
01:07:27
114547
01:07:28
114543
01:07:29
114544
01:07:30
114544
01:07:31
114542
01:07:32
114540
01:07:33
114541
01:07:34
114539
01:07:35
114538
01:07:36
114538
01:07:37
114536
01:07:38
114534
01:07:39
114533
01:07:40
114531
01:07:41
114531
01:07:42
114532
01:07:43
114530
01:07:44
114529
01:07:45
114527
01:07:46
114527
01:07:47
114527
01:07:48
114521
01:07:49
114521
01:07:50
114519
01:07:51
114519
01:07:52
114519
01:07:53
114516
01:07:54
114516
01:07:55
114515
01:07:56
114514
01:07:57
114514
01:07:58
114505
01:07:59
114510
01:08:00
114510
01:08:01
114506
01:08:02
114505
01:08:03
114504
01:08:04
114504
01:08:05
114500
01:08:06
114499
01:08:07
114498
01:08:08
114498
01:08:09
114497
01:08:10
114496
01:08:11
114496
01:08:12
114495
01:08:13
114492
01:08:14
114493
01:08:15
114490
01:08:16
114490
01:08:17
114488
01:08:18
114487
01:08:19
114485
01:08:20
114485
01:08:21
114484
01:08:22
114481
01:08:23
114479
01:08:24
114479
01:08:25
114478
01:08:26
114465
01:08:27
114463
01:08:28
114461
01:08:29
114460
01:08:30
114459
01:08:31
114457
01:08:32
114457
01:08:33
114455
01:08:34
114454
01:08:35
114454
01:08:36
114453
01:08:37
114452
01:08:38
114451
01:08:39
114448
01:08:40
114447
01:08:41
114444
01:08:42
114443
01:08:43
114441
01:08:44
114443
01:08:45
114441
01:08:46
114442
01:08:47
114441
01:08:48
114440
01:08:50
114437
01:08:51
114437
01:08:52
114435
01:08:53
114436
01:08:54
114432
01:08:55
114433
01:08:56
114432
01:08:57
114430
01:08:58
114431
01:08:59
114430
01:09:00
114413
01:09:01
114425
01:09:02
114425
01:09:03
114424
01:09:04
114416
01:09:05
114415
01:09:06
114414
01:09:07
114414
01:09:08
114413
01:09:09
114411
01:09:10
114412
01:09:11
114408
01:09:12
114407
01:09:13
114406
01:09:14
114405
01:09:15
114402
01:09:16
114401
01:09:17
114401
01:09:18
114399
01:09:19
114399
01:09:20
114398
01:09:21
114396
01:09:22
114395
01:09:23
114393
01:09:24
114393
01:09:25
114366
01:09:26
114367
01:09:27
114367
01:09:28
114363
01:09:29
114361
01:09:30
114360
01:09:31
114358
01:09:32
114356
01:09:33
114358
01:09:34
114357
01:09:35
114356
01:09:36
114356
01:09:37
114353
01:09:38
114352
01:09:39
114352
01:09:40
114351
01:09:41
114345
01:09:42
114347
01:09:43
114348
01:09:44
114347
01:09:45
114344
01:09:46
114344
01:09:47
114343
01:09:48
114342
01:09:49
114341
01:09:50
114340
01:09:51
114336
01:09:52
114336
01:09:53
114334
01:09:54
114332
01:09:55
114330
01:09:56
114330
01:09:57
114329
01:09:58
114327
01:09:59
114329
01:10:00
114327
01:10:01
114322
01:10:02
114324
01:10:03
114322
01:10:04
114323
01:10:05
114321
01:10:06
114317
01:10:07
114316
01:10:08
114318
01:10:09
114314
01:10:10
114314
01:10:11
114312
01:10:12
114310
01:10:13
114311
01:10:14
114310
01:10:15
114309
01:10:16
114307
01:10:17
114307
01:10:18
114304
01:10:19
114304
01:10:20
114304
01:10:21
114303
01:10:22
114302
01:10:23
114301
01:10:24
114298
01:10:25
114298
01:10:26
114297
01:10:27
114297
01:10:28
114296
01:10:29
114294
01:10:30
114294
01:10:31
114293
01:10:32
114290
01:10:33
114288
01:10:34
114286
01:10:35
114287
01:10:36
114285
01:10:38
114284
01:10:39
114284
01:10:40
114282
01:10:41
114282
01:10:42
114281
01:10:43
114279
01:10:44
114279
01:10:45
114278
01:10:46
114276
01:10:47
114274
01:10:48
114273
01:10:49
114271
01:10:50
114270
01:10:51
114270
01:10:52
114269
01:10:53
114265
01:10:54
114265
01:10:55
114267
01:10:56
114267
01:10:57
114261
01:10:58
114264
01:10:59
114263
01:11:00
114262
01:11:01
114261
01:11:02
114260
01:11:03
114256
01:11:04
114256
01:11:05
114256
01:11:06
114256
01:11:07
114250
01:11:08
114253
01:11:09
114251
01:11:10
114251
01:11:11
114249
01:11:12
114247
01:11:13
114229
01:11:14
114245
01:11:15
114245
01:11:16
114242
01:11:17
114244
01:11:18
114241
01:11:19
114241
01:11:20
114239
01:11:21
114239
01:11:22
114236
01:11:23
114235
01:11:24
114234
01:11:25
114233
01:11:26
114232
01:11:27
114230
01:11:28
114228
01:11:29
114228
01:11:30
114228
01:11:31
114225
01:11:32
114225
01:11:33
114223
01:11:34
114222
01:11:35
114222
01:11:36
114221
01:11:37
114219
01:11:38
114217
01:11:39
114215
01:11:40
114213
01:11:41
114215
01:11:42
114214
01:11:43
114209
01:11:44
114211
01:11:45
114208
01:11:46
114208
01:11:47
114206
01:11:48
114203
01:11:49
114203
01:11:50
114201
01:11:51
114199
01:11:52
114198
01:11:53
114197
01:11:54
114194
01:11:55
114194
01:11:56
114194
01:11:57
120992
01:11:58
120993
01:11:59
120993
01:12:00
120993
01:12:01
120994
01:12:02
120995
01:12:03
120995
01:12:04
120996
01:12:05
120997
01:12:06
120998
01:12:07
120998
01:12:08
120996
01:12:09
120998
01:12:10
120998
01:12:11
120998
01:12:12
120998
01:12:13
120998
01:12:14
120998
01:12:15
120997
01:12:16
120997
01:12:17
120998
01:12:18
120997
01:12:19
120996
01:12:20
120997
01:12:21
120996
01:12:22
120996
01:12:23
120996
01:12:24
120997
01:12:25
120999
01:12:26
120998
01:12:28
120998
01:12:29
120998
01:12:30
120997
01:12:31
120997
01:12:32
120998
01:12:33
120998
01:12:34
120998
01:12:35
120998
01:12:36
120997
01:12:37
120997
01:12:38
120996
01:12:39
120998
01:12:40
120998
01:12:41
120999
01:12:42
121000
01:12:43
121001
01:12:44
121000
01:12:45
120999
01:12:46
120997
01:12:47
120998
01:12:48
120998
01:12:49
120997
01:12:50
120997
01:12:51
120997
01:12:52
120998
01:12:53
120999
01:12:54
120998
01:12:55
120998
01:12:56
121000
01:12:57
121000
01:12:58
120999
01:12:59
120999
01:13:00
120997
01:13:01
120997
01:13:02
120996
01:13:03
120997
01:13:04
120997
01:13:05
120997
01:13:06
120995
01:13:07
120996
01:13:08
120996
01:13:09
120995
