12:08:19
115684
12:08:20
115681
12:08:21
115679
12:08:22
115681
12:08:23
115681
12:08:24
115681
12:08:25
115680
12:08:26
115680
12:08:27
115678
12:08:28
115676
12:08:29
115677
12:08:30
115678
12:08:31
115678
12:08:32
115679
12:08:33
115678
12:08:34
115680
12:08:35
115680
12:08:36
115679
12:08:37
115679
12:08:38
115677
12:08:39
115678
12:08:40
115679
12:08:41
115678
12:08:42
115678
12:08:43
115671
12:08:44
115678
12:08:45
115678
12:08:46
115678
12:08:47
115676
12:08:48
115676
12:08:49
115675
12:08:50
115676
12:08:51
115676
12:08:52
115678
12:08:53
115675
12:08:54
115677
12:08:55
115675
12:08:56
115678
12:08:57
115678
12:08:58
115676
12:08:59
115675
12:09:00
115674
12:09:01
115675
12:09:02
115674
12:09:03
115676
12:09:04
115676
12:09:05
115677
12:09:06
115677
12:09:07
115677
12:09:08
115677
12:09:09
115674
12:09:10
115674
12:09:11
115673
12:09:12
115673
12:09:13
115674
12:09:14
115673
12:09:15
115673
12:09:16
115674
12:09:17
115674
12:09:18
115674
12:09:19
115675
12:09:20
115669
12:09:21
115674
12:09:22
115675
12:09:23
115674
12:09:24
115673
12:09:25
115675
12:09:26
115673
12:09:27
115673
12:09:28
115671
12:09:29
115670
12:09:30
115671
12:09:31
115670
12:09:32
115670
12:09:33
115669
12:09:34
115668
12:09:35
115668
12:09:36
115668
12:09:37
115666
12:09:39
115668
12:09:40
115669
12:09:41
115668
12:09:42
115668
12:09:43
115667
12:09:44
115667
12:09:45
115667
12:09:46
115667
12:09:47
115666
12:09:48
115667
12:09:49
115668
12:09:50
115668
12:09:51
115665
12:09:52
115665
12:09:53
115666
12:09:54
115666
12:09:55
115665
12:09:56
115666
12:09:57
115664
12:09:58
115665
12:09:59
115665
12:10:00
115667
12:10:01
115667
12:10:02
115669
12:10:03
115668
12:10:04
115668
12:10:05
115669
12:10:06
115668
12:10:07
115668
12:10:08
115667
12:10:09
115664
12:10:10
115663
12:10:11
115663
12:10:12
115663
12:10:13
115661
12:10:14
115661
12:10:15
115662
12:10:16
115663
12:10:17
115663
12:10:18
115663
12:10:19
115662
12:10:20
115662
12:10:21
115660
12:10:22
115661
12:10:23
115662
12:10:24
115662
12:10:25
115661
12:10:26
115660
12:10:27
115660
12:10:28
115660
12:10:29
115660
12:10:30
115656
12:10:31
115657
12:10:32
115658
12:10:33
115659
12:10:34
115659
12:10:35
115658
12:10:36
115659
12:10:37
115658
12:10:38
115656
12:10:39
115658
12:10:40
115655
12:10:41
115657
12:10:42
115657
12:10:43
115658
12:10:44
115661
12:10:45
115660
12:10:46
115659
12:10:47
115659
12:10:48
115659
12:10:49
115660
12:10:50
115657
12:10:51
115657
12:10:52
115656
12:10:53
115658
12:10:54
115660
12:10:55
115659
12:10:56
115659
12:10:57
115659
12:10:58
115660
12:10:59
115660
12:11:00
115657
12:11:01
115655
12:11:02
115655
12:11:03
115657
12:11:04
115657
12:11:05
115657
12:11:06
115656
12:11:07
115647
12:11:08
115656
12:11:09
115655
12:11:10
115655
12:11:11
115652
12:11:12
115653
12:11:13
115653
12:11:14
115652
12:11:15
115651
12:11:16
115653
12:11:17
115654
12:11:18
115653
12:11:19
115651
12:11:20
115650
12:11:21
115651
12:11:22
115651
12:11:23
115651
12:11:24
115649
12:11:25
115655
12:11:26
115654
12:11:27
115655
12:11:28
115656
12:11:29
115655
12:11:30
115656
12:11:31
115656
12:11:32
115655
12:11:33
115655
12:11:34
115656
12:11:35
115655
12:11:36
115656
12:11:37
115656
12:11:38
115649
12:11:39
115655
12:11:40
115653
12:11:41
115655
12:11:42
115655
12:11:43
115656
12:11:44
115656
12:11:45
115654
12:11:46
115653
12:11:47
115653
12:11:48
115654
12:11:49
115653
12:11:50
115653
12:11:51
115650
12:11:52
115650
12:11:53
115650
12:11:55
115649
12:11:56
115649
12:11:57
115650
12:11:58
115651
12:11:59
115651
12:12:00
115650
12:12:01
115651
12:12:02
115651
12:12:03
115651
12:12:04
115651
12:12:05
115652
12:12:06
115652
12:12:07
115652
12:12:08
115651
12:12:09
115651
12:12:10
115651
12:12:11
115650
12:12:12
115645
12:12:13
115648
12:12:14
115649
12:12:15
115651
12:12:16
115649
12:12:17
115649
12:12:18
115649
12:12:19
115649
12:12:20
115648
12:12:21
115647
12:12:22
115647
12:12:23
115647
12:12:24
115647
12:12:25
115645
12:12:26
115647
12:12:27
115647
12:12:28
115648
12:12:29
115647
12:12:30
115647
12:12:31
115647
12:12:32
115646
12:12:33
115645
12:12:34
115646
12:12:35
115644
12:12:36
115643
12:12:37
115645
12:12:38
115645
12:12:39
115645
12:12:40
115645
12:12:41
115645
12:12:42
115644
12:12:43
115645
12:12:44
115645
12:12:45
115646
12:12:46
115646
12:12:47
115645
12:12:48
115644
12:12:49
115642
12:12:50
115642
12:12:51
115642
12:12:52
115642
12:12:53
115639
12:12:54
115641
12:12:55
115641
12:12:56
115640
12:12:57
115639
12:12:58
115637
12:12:59
115640
12:13:00
115639
12:13:01
115640
12:13:02
115640
12:13:03
115640
12:13:04
115641
12:13:05
115640
12:13:06
115639
12:13:07
115637
12:13:08
115636
12:13:09
115633
12:13:10
115635
12:13:11
115635
12:13:12
115635
12:13:13
115635
12:13:14
115636
12:13:15
115636
12:13:16
115637
12:13:17
115635
12:13:18
115636
12:13:19
115636
12:13:20
115637
12:13:21
115637
12:13:22
115636
12:13:23
115636
12:13:24
115635
12:13:25
115636
12:13:26
115634
12:13:27
115634
12:13:28
115633
12:13:29
115633
12:13:30
115633
12:13:31
115633
12:13:32
115633
12:13:33
115634
12:13:34
115633
12:13:35
115634
12:13:36
115634
12:13:37
115633
12:13:38
115632
12:13:39
115632
12:13:40
115634
12:13:41
115635
12:13:42
115634
12:13:43
115636
12:13:44
115636
12:13:45
115636
12:13:46
115636
12:13:47
115638
12:13:48
115637
12:13:49
115637
12:13:50
115638
12:13:51
115638
12:13:52
115639
12:13:53
115637
12:13:54
115638
12:13:55
115638
12:13:56
115638
12:13:57
115637
12:13:58
115637
12:13:59
115636
12:14:00
115636
12:14:01
115633
12:14:02
115633
12:14:03
115634
12:14:04
115634
12:14:05
115634
12:14:06
115634
12:14:07
115633
12:14:08
115633
12:14:09
115633
12:14:10
115634
12:14:11
115635
12:14:13
115634
12:14:14
115634
12:14:15
115634
12:14:16
115633
12:14:17
115633
12:14:18
115631
12:14:19
115632
12:14:20
115633
12:14:21
115628
12:14:22
115627
12:14:23
115631
12:14:24
115630
12:14:25
115630
12:14:26
115629
12:14:27
115629
12:14:28
115630
12:14:29
115631
12:14:30
115631
12:14:31
115630
12:14:32
115631
12:14:33
115632
12:14:34
115634
12:14:35
115634
12:14:36
115632
12:14:37
115633
12:14:38
115632
12:14:39
115631
12:14:40
115632
12:14:41
115631
12:14:42
115633
12:14:43
115633
12:14:44
115633
12:14:45
115633
12:14:46
115631
12:14:47
115631
12:14:48
115630
12:14:49
115629
12:14:50
115629
12:14:51
115627
12:14:52
115630
12:14:53
115630
12:14:54
115631
12:14:55
115632
12:14:56
115631
12:14:57
115632
12:14:58
115631
12:14:59
115630
12:15:00
115625
12:15:01
115628
12:15:02
115628
12:15:03
115613
12:15:04
115629
12:15:05
115628
12:15:06
115627
12:15:07
115626
12:15:08
115626
12:15:09
115627
12:15:10
115625
12:15:11
115624
12:15:12
115624
12:15:13
115625
12:15:14
115627
12:15:15
115628
12:15:16
115627
12:15:17
115627
12:15:18
115627
12:15:19
115626
12:15:20
115625
12:15:21
115624
12:15:22
115624
12:15:23
115626
12:15:24
115624
12:15:25
115625
12:15:26
115623
12:15:27
115624
12:15:28
115623
12:15:29
115623
12:15:30
115619
12:15:31
115622
12:15:32
115623
12:15:33
115623
12:15:34
115623
12:15:35
115621
12:15:36
115621
12:15:37
115620
12:15:38
115619
12:15:39
115620
12:15:40
115621
12:15:41
115620
12:15:42
115618
12:15:43
115618
12:15:44
115618
12:15:45
115617
12:15:46
115616
12:15:47
115615
12:15:48
115616
12:15:49
115615
12:15:50
115616
12:15:51
115617
12:15:52
115617
12:15:53
115617
12:15:54
115618
12:15:55
115617
12:15:56
115618
12:15:57
115618
12:15:58
115619
12:15:59
115617
12:16:00
115616
12:16:01
115617
12:16:02
115616
12:16:03
115616
12:16:04
115617
12:16:05
115616
12:16:06
115613
12:16:07
115614
12:16:08
115613
12:16:09
115613
12:16:10
115613
12:16:11
115613
12:16:12
115611
12:16:13
115612
12:16:14
115611
12:16:15
115612
12:16:16
115612
12:16:17
115612
12:16:18
115611
12:16:19
115613
12:16:20
115612
12:16:21
115610
12:16:22
115610
12:16:23
115611
12:16:24
115610
12:16:25
115614
12:16:26
115614
12:16:27
115616
12:16:28
115616
12:16:30
115616
12:16:31
115616
12:16:32
115616
12:16:33
115616
12:16:34
115615
12:16:35
115615
12:16:36
115615
12:16:37
115615
12:16:38
115615
12:16:39
115613
12:16:40
115612
12:16:41
115611
12:16:42
115610
12:16:43
115609
12:16:44
115610
12:16:45
115607
12:16:46
115608
12:16:47
115608
12:16:48
115608
12:16:49
115609
12:16:50
115608
12:16:51
115607
12:16:52
115608
12:16:53
115608
12:16:54
115608
12:16:55
115608
12:16:56
115608
12:16:57
115608
12:16:58
115608
12:16:59
115608
12:17:00
115608
12:17:01
115608
12:17:02
115608
12:17:03
115608
12:17:04
115608
12:17:05
115607
12:17:06
115607
12:17:07
115606
12:17:08
115607
12:17:09
115607
12:17:10
115606
12:17:11
115608
12:17:12
115605
12:17:13
115606
12:17:14
115606
12:17:15
115606
12:17:16
115605
12:17:17
115606
12:17:18
115605
12:17:19
115606
12:17:20
115606
12:17:21
115607
12:17:22
115607
12:17:23
115608
12:17:24
115609
12:17:25
115609
12:17:26
115609
12:17:27
115608
12:17:28
115608
12:17:29
115608
12:17:30
115609
12:17:31
115607
12:17:32
115607
12:17:33
115607
12:17:34
115607
12:17:35
115603
12:17:36
115604
12:17:37
115604
12:17:38
115604
12:17:39
115604
12:17:40
115601
12:17:41
115604
12:17:42
115601
12:17:43
115603
12:17:44
115603
12:17:45
115602
12:17:46
115601
12:17:47
115603
12:17:48
115602
12:17:49
115602
12:17:50
115602
12:17:51
115604
12:17:52
115602
12:17:53
115600
12:17:54
115599
12:17:55
115599
12:17:56
115598
12:17:57
115599
12:17:58
115598
12:17:59
115598
12:18:00
115600
12:18:01
115598
12:18:02
115599
12:18:03
115598
12:18:04
115596
12:18:05
115598
12:18:06
115598
12:18:07
115598
12:18:08
115597
12:18:09
115599
12:18:10
115599
12:18:11
115599
12:18:12
115599
12:18:13
115600
12:18:14
115600
12:18:15
115600
12:18:16
115599
12:18:17
115598
12:18:18
115598
12:18:19
115598
12:18:20
115597
12:18:21
115596
12:18:22
115595
12:18:23
115593
12:18:24
115595
12:18:25
115595
12:18:26
115595
12:18:27
115594
12:18:28
115593
12:18:29
115594
12:18:30
115594
12:18:31
115593
12:18:32
115594
12:18:33
115593
12:18:34
115593
12:18:35
115595
12:18:36
115594
12:18:37
115594
12:18:38
115594
12:18:39
115594
12:18:40
115595
12:18:41
115591
12:18:42
115591
12:18:43
115591
12:18:44
115590
12:18:45
115592
12:18:46
115591
12:18:48
115591
12:18:49
115593
12:18:50
115591
12:18:51
115592
12:18:52
115592
12:18:53
115593
12:18:54
115593
12:18:55
115591
12:18:56
115592
12:18:57
115592
12:18:58
115592
12:18:59
115592
12:19:00
115590
12:19:01
115590
12:19:02
115591
12:19:03
115591
12:19:04
115590
12:19:05
115588
12:19:06
115591
12:19:07
115592
12:19:08
115593
12:19:09
115591
12:19:10
115590
12:19:11
115590
12:19:12
115590
12:19:13
115589
12:19:14
115588
12:19:15
115588
12:19:16
115588
12:19:17
115589
12:19:18
115589
12:19:19
115588
12:19:20
115587
12:19:21
115587
12:19:22
115586
12:19:23
115585
12:19:24
115586
12:19:25
115586
12:19:26
115588
12:19:27
115587
12:19:28
115586
12:19:29
115586
12:19:30
115586
12:19:31
115586
12:19:32
115586
12:19:33
115586
12:19:34
115586
12:19:35
115587
12:19:36
115588
12:19:37
115589
12:19:38
115587
12:19:39
115588
12:19:40
115587
12:19:41
115587
12:19:42
115588
12:19:43
115583
12:19:44
115586
12:19:45
115585
12:19:46
115585
12:19:47
115586
12:19:48
115585
12:19:49
115584
12:19:50
115586
12:19:51
115584
12:19:52
115583
12:19:53
115583
12:19:54
115581
12:19:55
115579
12:19:56
115582
12:19:57
115580
12:19:58
115579
12:19:59
115579
12:20:00
115578
12:20:01
115579
12:20:02
115578
12:20:03
115576
12:20:04
115576
12:20:05
115577
12:20:06
115576
12:20:07
115575
12:20:08
115575
12:20:09
115574
12:20:10
115574
12:20:11
115575
12:20:12
115575
12:20:13
115574
12:20:14
115572
12:20:15
115572
12:20:16
115573
12:20:17
115572
12:20:18
115574
12:20:19
115575
12:20:20
115575
12:20:21
115573
12:20:22
115574
12:20:23
115573
12:20:24
115572
12:20:25
115573
12:20:26
115574
12:20:27
115574
12:20:28
115575
12:20:29
115574
12:20:30
115575
12:20:31
115573
12:20:32
115573
12:20:33
115573
12:20:34
115571
12:20:35
115573
12:20:36
115573
12:20:37
115573
12:20:38
115571
12:20:39
115572
12:20:40
115573
12:20:41
115562
12:20:42
115568
12:20:43
115569
12:20:44
115570
12:20:45
115572
12:20:46
115572
12:20:47
115572
12:20:48
115573
12:20:49
115572
12:20:50
115572
12:20:51
115571
12:20:52
115571
12:20:53
115564
12:20:54
115570
12:20:55
115572
12:20:56
115573
12:20:57
115573
12:20:58
115571
12:20:59
115572
12:21:00
115571
12:21:01
115571
12:21:02
115570
12:21:03
115571
12:21:05
115571
12:21:06
115570
12:21:07
115571
12:21:08
115570
12:21:09
115570
12:21:10
115568
12:21:11
115568
12:21:12
115570
12:21:13
115570
12:21:14
115569
12:21:15
115568
12:21:16
115567
12:21:17
115566
12:21:18
115565
12:21:19
115564
12:21:20
115566
12:21:21
115566
12:21:22
115567
12:21:23
115568
12:21:24
115568
12:21:25
115568
12:21:26
115567
12:21:27
115565
12:21:28
115565
12:21:29
115565
12:21:30
115561
12:21:31
115564
12:21:32
115564
12:21:33
115564
12:21:34
115564
12:21:35
115564
12:21:36
115562
12:21:37
115562
12:21:38
115563
12:21:39
115563
12:21:40
115564
12:21:41
115565
12:21:42
115565
12:21:43
115565
12:21:44
115565
12:21:45
115565
12:21:46
115564
12:21:47
115565
12:21:48
115564
12:21:49
115565
12:21:50
115566
12:21:51
115564
12:21:52
115563
12:21:53
115563
12:21:54
115564
12:21:55
115564
12:21:56
115564
12:21:57
115559
12:21:58
115557
12:21:59
115556
12:22:00
115556
12:22:01
115557
12:22:02
115558
12:22:03
115557
12:22:04
115554
12:22:05
115554
12:22:06
115554
12:22:07
115552
12:22:08
115551
12:22:09
115551
12:22:10
115549
12:22:11
115544
12:22:12
115550
12:22:13
115551
12:22:14
115551
12:22:15
115551
12:22:16
115550
12:22:17
115552
12:22:18
115550
12:22:19
115548
12:22:20
115547
12:22:21
115548
12:22:22
115548
12:22:23
115548
12:22:24
115548
12:22:25
115549
12:22:26
115551
12:22:27
115549
12:22:28
115551
12:22:29
115550
12:22:30
115548
12:22:31
115541
12:22:32
115548
12:22:33
115547
12:22:34
115548
12:22:35
115547
12:22:36
115547
12:22:37
115544
12:22:38
115546
12:22:39
115547
12:22:40
115546
12:22:41
115546
12:22:42
115546
12:22:43
115546
12:22:44
115546
12:22:45
115544
12:22:46
115544
12:22:47
115544
12:22:48
115546
12:22:49
115545
12:22:50
115545
12:22:51
115545
12:22:52
115546
12:22:53
115547
12:22:54
115546
12:22:55
115546
12:22:56
115544
12:22:57
115544
12:22:58
115544
12:22:59
115544
12:23:00
115543
12:23:01
115542
12:23:02
115542
12:23:03
115542
12:23:04
115541
12:23:05
115541
12:23:06
115540
12:23:07
115540
12:23:08
115540
12:23:09
115539
12:23:10
115538
12:23:11
115538
12:23:12
115538
12:23:13
115538
12:23:14
115538
12:23:15
115536
12:23:16
115534
12:23:17
115534
12:23:18
115534
12:23:19
115533
12:23:20
115533
12:23:22
115534
12:23:23
115536
12:23:24
115537
12:23:25
115537
12:23:26
115537
12:23:27
115537
12:23:28
115537
12:23:29
115537
12:23:30
115537
12:23:31
115535
12:23:32
115535
12:23:33
115535
12:23:34
115536
12:23:35
115536
12:23:36
115536
12:23:37
115535
12:23:38
115535
12:23:39
115537
12:23:40
115535
12:23:41
115534
12:23:42
115535
12:23:43
115533
12:23:44
115533
12:23:45
115532
12:23:46
115531
12:23:47
115531
12:23:48
115532
12:23:49
115532
12:23:50
115532
12:23:51
115533
12:23:52
115535
12:23:53
115534
12:23:54
115534
12:23:55
115535
12:23:56
115534
12:23:57
115534
12:23:58
115533
12:23:59
115534
12:24:00
115535
12:24:01
115534
12:24:02
115535
12:24:03
115535
12:24:04
115535
12:24:05
115534
12:24:06
115534
12:24:07
115532
12:24:08
115533
12:24:09
115534
12:24:10
115534
12:24:11
115535
12:24:12
115534
12:24:13
115533
12:24:14
115534
12:24:15
115533
12:24:16
115532
12:24:17
115533
12:24:18
115531
12:24:19
115530
12:24:20
115529
12:24:21
115527
12:24:22
115527
12:24:23
115525
12:24:24
115525
12:24:25
115524
12:24:26
115525
12:24:27
115524
12:24:28
115524
12:24:29
115525
12:24:30
115524
12:24:31
115523
12:24:32
115524
12:24:33
115523
12:24:34
115521
12:24:35
115523
12:24:36
115523
12:24:37
115522
12:24:38
115523
12:24:39
115522
12:24:40
115524
12:24:41
115523
12:24:42
115523
12:24:43
115522
12:24:44
115520
12:24:45
115521
12:24:46
115520
12:24:47
115521
12:24:48
115521
12:24:49
115521
12:24:50
115520
12:24:51
115518
12:24:52
115517
12:24:53
115516
12:24:54
115517
12:24:55
115518
12:24:56
115517
12:24:57
115518
12:24:58
115518
12:24:59
115518
12:25:00
115517
12:25:01
115514
12:25:02
115518
12:25:03
115518
12:25:04
115517
12:25:05
115518
12:25:06
115518
12:25:07
115520
12:25:08
115521
12:25:09
115520
12:25:10
115522
12:25:11
115520
12:25:12
115520
12:25:13
115520
12:25:14
115520
12:25:15
115521
12:25:16
115522
12:25:17
115521
12:25:18
115521
12:25:19
115522
12:25:20
115521
12:25:21
115520
12:25:22
115519
12:25:23
115519
12:25:24
115518
12:25:25
115518
12:25:26
115519
12:25:27
115517
12:25:28
115516
12:25:29
115517
12:25:31
115519
12:25:32
115518
12:25:33
115520
12:25:34
115518
12:25:35
115518
12:25:36
115516
12:25:37
115517
12:25:38
115518
12:25:39
115520
12:25:40
115520
12:25:41
115521
12:25:42
115520
12:25:43
115520
12:25:44
115520
12:25:45
115518
12:25:46
115518
12:25:47
115517
12:25:48
115516
12:25:49
115514
12:25:50
115512
12:25:51
115511
12:25:52
115513
12:25:53
115514
12:25:54
115514
12:25:55
115514
12:25:56
115513
12:25:57
115508
12:25:58
115512
12:25:59
115514
12:26:00
115513
12:26:01
115514
12:26:02
115516
12:26:03
115516
12:26:04
115516
12:26:05
115515
12:26:06
115514
12:26:07
115512
12:26:08
115514
12:26:09
115514
12:26:10
115513
12:26:11
115513
12:26:12
115512
12:26:13
115511
12:26:14
115513
12:26:15
115512
12:26:16
115511
12:26:17
115511
12:26:18
115513
12:26:19
115514
12:26:20
115510
12:26:21
115512
12:26:22
115509
12:26:23
115507
12:26:24
115508
12:26:25
115507
12:26:26
115507
12:26:27
115507
12:26:28
115505
12:26:29
115504
12:26:30
115499
12:26:31
115502
12:26:32
115502
12:26:33
115499
12:26:34
115504
12:26:35
115505
12:26:36
115507
12:26:37
115505
12:26:38
115505
12:26:39
115505
12:26:40
115507
12:26:41
115507
12:26:42
115507
12:26:43
115506
12:26:44
115506
12:26:45
115507
12:26:46
115506
12:26:47
115504
12:26:48
115488
12:26:49
115505
12:26:50
115505
12:26:51
115503
12:26:52
115502
12:26:53
115504
12:26:54
115503
12:26:55
115502
12:26:56
115503
12:26:57
115503
12:26:58
115503
12:26:59
115502
12:27:00
115501
12:27:01
115499
12:27:02
115497
12:27:03
115497
12:27:04
115498
12:27:05
115498
12:27:06
115498
12:27:07
115499
12:27:08
115499
12:27:09
115498
12:27:10
115497
12:27:11
115497
12:27:12
115497
12:27:13
115498
12:27:14
115496
12:27:15
115497
12:27:16
115496
12:27:17
115495
12:27:18
115495
12:27:19
115495
12:27:20
115495
12:27:21
115497
12:27:22
115500
12:27:23
115500
12:27:24
115499
12:27:25
115500
12:27:26
115500
12:27:27
115499
12:27:28
115499
12:27:29
115498
12:27:30
115498
12:27:31
115497
12:27:32
115496
12:27:33
115495
12:27:34
115496
12:27:35
115497
12:27:36
115497
12:27:37
115496
12:27:39
115496
12:27:40
115497
12:27:41
115497
12:27:42
115497
12:27:43
115497
12:27:44
115496
12:27:45
115496
12:27:46
115495
12:27:47
115495
12:27:48
115494
12:27:49
115486
12:27:50
115494
12:27:51
115496
12:27:52
115494
12:27:53
115494
12:27:54
115495
12:27:55
115495
12:27:56
115497
12:27:57
115498
12:27:58
115498
12:27:59
115496
12:28:00
115497
12:28:01
115496
12:28:02
115496
12:28:03
115495
12:28:04
115496
12:28:05
115497
12:28:06
115495
12:28:07
115492
12:28:08
115491
12:28:09
115492
12:28:10
115493
12:28:11
115492
12:28:12
115493
12:28:13
115494
12:28:14
115493
12:28:15
115493
12:28:16
115492
12:28:17
115492
12:28:18
115492
12:28:19
115492
12:28:20
115494
12:28:21
115494
12:28:22
115493
12:28:23
115494
12:28:24
115493
12:28:25
115493
12:28:26
115493
12:28:27
115493
12:28:28
115491
12:28:29
115490
12:28:30
115489
12:28:31
115489
12:28:32
115491
12:28:33
115490
12:28:34
115490
12:28:35
115491
12:28:36
115491
12:28:37
115490
12:28:38
115489
12:28:39
115489
12:28:40
115490
12:28:41
115489
12:28:42
115488
12:28:43
115486
12:28:44
115486
12:28:45
115488
12:28:46
115489
12:28:47
115490
12:28:48
115489
12:28:49
115490
12:28:50
115490
12:28:51
115490
12:28:52
115491
12:28:53
115492
12:28:54
115493
12:28:55
115492
12:28:56
115491
12:28:57
115486
12:28:58
115490
12:28:59
115489
12:29:00
115488
12:29:01
115487
12:29:02
115486
12:29:03
115485
12:29:04
115484
12:29:05
115486
12:29:06
115484
12:29:07
115484
12:29:08
115484
12:29:09
115485
12:29:10
115485
12:29:11
115486
12:29:12
115486
12:29:13
115487
12:29:14
115487
12:29:15
115488
12:29:16
115486
12:29:17
115485
12:29:18
115486
12:29:19
115485
12:29:20
115486
12:29:21
115487
12:29:22
115487
12:29:23
115486
12:29:24
115486
12:29:25
115486
12:29:26
115486
12:29:27
115487
12:29:28
115487
12:29:29
115488
12:29:30
115487
12:29:31
115486
12:29:32
115487
12:29:33
115487
12:29:34
115486
12:29:35
115481
12:29:36
115483
12:29:37
115482
12:29:38
115483
12:29:39
115483
12:29:40
115481
12:29:41
115481
12:29:42
115480
12:29:43
115478
12:29:44
115477
12:29:46
115477
12:29:47
115476
12:29:48
115477
12:29:49
115477
12:29:50
115476
12:29:51
115477
12:29:52
115477
12:29:53
115477
12:29:54
115478
12:29:55
115479
12:29:56
115481
12:29:57
115479
12:29:58
115477
12:29:59
115478
12:30:00
115478
12:30:01
115479
12:30:02
115479
12:30:03
115480
12:30:04
115480
12:30:05
115479
12:30:06
115475
12:30:07
115479
12:30:08
115479
12:30:09
115480
12:30:10
115482
12:30:11
115482
12:30:12
115483
12:30:13
115481
12:30:14
115480
12:30:15
115479
12:30:16
115479
12:30:17
115479
12:30:18
115479
12:30:19
115479
12:30:20
115478
12:30:21
115476
12:30:22
115476
12:30:23
115475
12:30:24
115475
12:30:25
115474
12:30:26
115474
12:30:27
115474
12:30:28
115474
12:30:29
115474
12:30:30
115474
12:30:31
115476
12:30:32
115476
12:30:33
115479
12:30:34
115478
12:30:35
115478
12:30:36
115478
12:30:37
115477
12:30:38
115478
12:30:39
115476
12:30:40
115477
12:30:41
115475
12:30:42
115473
12:30:43
115471
12:30:44
115473
12:30:45
115473
12:30:46
115471
12:30:47
115471
12:30:48
115470
12:30:49
115470
12:30:50
115468
12:30:51
115469
12:30:52
115468
12:30:53
115468
12:30:54
115468
12:30:55
115470
12:30:56
115470
12:30:57
115471
12:30:58
115470
12:30:59
115470
12:31:00
115469
12:31:01
115469
12:31:02
115467
12:31:03
115468
12:31:04
115467
12:31:05
115467
12:31:06
115466
12:31:07
115467
12:31:08
115469
12:31:09
115469
12:31:10
115470
12:31:11
115470
12:31:12
115470
12:31:13
115467
12:31:14
115468
12:31:15
115468
12:31:16
115465
12:31:17
115479
12:31:18
115477
12:31:19
115478
12:31:20
115476
12:31:21
115478
12:31:22
115476
12:31:23
115477
12:31:24
115468
12:31:25
115477
12:31:26
115478
12:31:27
115478
12:31:28
115478
12:31:29
115476
12:31:30
115475
12:31:31
115478
12:31:32
115476
12:31:33
115475
12:31:34
115476
12:31:35
115478
12:31:36
115479
12:31:37
115480
12:31:38
115479
12:31:39
115478
12:31:40
115474
12:31:41
115478
12:31:42
115475
12:31:43
115475
12:31:44
115477
12:31:46
115476
12:31:47
115475
12:31:48
115476
12:31:49
115475
12:31:50
115474
12:31:51
115473
12:31:52
115472
12:31:53
115471
12:31:54
115472
12:31:55
115472
12:31:56
115471
12:31:57
115470
12:31:58
115468
12:31:59
115468
12:32:00
115468
12:32:01
115469
12:32:02
115468
12:32:03
115468
12:32:04
115467
12:32:05
115469
12:32:06
115468
12:32:07
115469
12:32:08
115469
12:32:09
115469
12:32:10
115470
12:32:11
115470
12:32:12
115470
12:32:13
115470
12:32:14
115471
12:32:15
115471
12:32:16
115469
12:32:17
115469
12:32:18
115470
12:32:19
115469
12:32:20
115468
12:32:21
115468
12:32:22
115467
12:32:23
115466
12:32:24
115466
12:32:25
115465
12:32:26
115467
12:32:27
115464
12:32:28
115465
12:32:29
115464
12:32:30
115464
12:32:31
115465
12:32:32
115467
12:32:33
115466
12:32:34
115468
12:32:35
115466
12:32:36
115466
12:32:37
115466
12:32:38
115467
12:32:39
115466
12:32:40
115465
12:32:41
115465
12:32:42
115464
12:32:43
115465
12:32:44
115464
12:32:45
115464
12:32:46
115466
12:32:47
115467
12:32:48
115466
12:32:49
115465
12:32:50
115466
12:32:51
115466
12:32:52
115467
12:32:53
115466
12:32:54
115466
12:32:55
115465
12:32:56
115465
12:32:57
115462
12:32:58
115463
12:32:59
115463
12:33:00
115462
12:33:01
115462
12:33:02
115461
12:33:03
115459
12:33:04
115459
12:33:05
115447
12:33:06
115459
12:33:07
115458
12:33:08
115459
12:33:09
115459
12:33:10
115459
12:33:11
115460
12:33:12
115459
12:33:13
115460
12:33:14
115460
12:33:15
115459
12:33:16
115460
12:33:17
115460
12:33:18
115461
12:33:19
115460
12:33:20
115459
12:33:21
115459
12:33:22
115458
12:33:23
115458
12:33:24
115458
12:33:25
115459
12:33:26
115458
12:33:27
115455
12:33:28
115456
12:33:29
115455
12:33:30
115454
12:33:31
115454
12:33:32
115455
12:33:33
115454
12:33:34
115456
12:33:35
115455
12:33:36
115455
12:33:37
115454
12:33:38
115455
12:33:39
115455
12:33:40
115455
12:33:41
115455
12:33:42
115456
12:33:43
115456
12:33:44
115459
12:33:45
115458
12:33:46
115458
12:33:47
115459
12:33:48
115457
12:33:49
115456
12:33:50
115457
12:33:51
115457
12:33:52
115456
12:33:54
115455
12:33:55
115457
12:33:56
115456
12:33:57
115456
12:33:58
115455
12:33:59
115454
12:34:00
115448
12:34:01
115453
12:34:02
115452
12:34:03
115452
12:34:04
115452
12:34:05
115452
12:34:06
115452
12:34:07
115451
12:34:08
115450
12:34:09
115449
12:34:10
115448
12:34:11
115449
12:34:12
115448
12:34:13
115448
12:34:14
115448
12:34:15
115447
12:34:16
115448
12:34:17
115449
12:34:18
115449
12:34:19
115447
12:34:20
115447
12:34:21
115449
12:34:22
115449
12:34:23
115450
12:34:24
115449
12:34:25
115449
12:34:26
115448
12:34:27
115446
12:34:28
115445
12:34:29
115445
12:34:30
115444
12:34:31
115445
12:34:32
115445
12:34:33
115446
12:34:34
115448
12:34:35
115445
12:34:36
115448
12:34:37
115449
12:34:38
115449
12:34:39
115449
12:34:40
115443
12:34:41
115448
12:34:42
115447
12:34:43
115448
12:34:44
115447
12:34:45
115446
12:34:46
115448
12:34:47
115450
12:34:48
115450
12:34:49
115450
12:34:50
115448
12:34:51
115446
12:34:52
115447
12:34:53
115449
12:34:54
115449
12:34:55
115448
12:34:56
115447
12:34:57
115446
12:34:58
115447
12:34:59
115447
12:35:00
115446
12:35:01
115447
12:35:02
115447
12:35:03
115447
12:35:04
115448
12:35:05
115448
12:35:06
115447
12:35:07
115446
12:35:08
115431
12:35:09
115444
12:35:10
115445
12:35:11
115445
12:35:12
115445
12:35:13
115444
12:35:14
115443
12:35:15
115442
12:35:16
115443
12:35:17
115442
12:35:18
115441
12:35:19
115441
12:35:20
115441
12:35:21
115441
12:35:22
115442
12:35:23
115442
12:35:24
115443
12:35:25
115442
12:35:26
115443
12:35:27
115444
12:35:28
115444
12:35:29
115443
12:35:30
115444
12:35:31
115444
12:35:32
115443
12:35:33
115442
12:35:34
115443
12:35:35
115443
12:35:36
115442
12:35:37
115442
12:35:38
115440
12:35:39
115441
12:35:40
115441
12:35:41
115442
12:35:42
115442
12:35:43
115442
12:35:44
115441
12:35:45
115441
12:35:46
115439
12:35:47
115440
12:35:48
115438
12:35:49
115434
12:35:50
115438
12:35:51
115439
12:35:52
115439
12:35:53
115441
12:35:55
115441
12:35:56
115432
12:35:57
115438
12:35:58
115440
12:35:59
115438
12:36:00
115436
12:36:01
115434
12:36:02
115434
12:36:03
115432
12:36:04
115432
12:36:05
115433
12:36:06
115432
12:36:07
115433
12:36:08
115433
12:36:09
115435
12:36:10
115435
12:36:11
115434
12:36:12
115433
12:36:13
115434
12:36:14
115433
12:36:15
115433
12:36:16
115432
12:36:17
115432
12:36:18
115434
12:36:19
115434
12:36:20
115433
12:36:21
115432
12:36:22
115431
12:36:23
115431
12:36:24
115432
12:36:25
115430
12:36:26
115430
12:36:27
115431
12:36:28
115427
12:36:29
115430
12:36:30
115428
12:36:31
115432
12:36:32
115432
12:36:33
115431
12:36:34
115430
12:36:35
115429
12:36:36
115428
12:36:37
115428
12:36:38
115427
12:36:39
115427
12:36:40
115425
12:36:41
115428
12:36:42
115429
12:36:43
115428
12:36:44
115428
12:36:45
115427
12:36:46
115427
12:36:47
115426
12:36:48
115422
12:36:49
115428
12:36:50
115427
12:36:51
115428
12:36:52
115426
12:36:53
115426
12:36:54
115425
12:36:55
115424
12:36:56
115423
12:36:57
115424
12:36:58
115423
12:36:59
115426
12:37:00
115426
12:37:01
115426
12:37:02
115424
12:37:03
115424
12:37:04
115424
12:37:05
115423
12:37:06
115422
12:37:07
115421
12:37:08
115421
12:37:09
115422
12:37:10
115422
12:37:11
115422
12:37:12
115423
12:37:13
115422
12:37:14
115423
12:37:15
115422
12:37:16
115421
12:37:17
115418
12:37:18
115422
12:37:19
115421
12:37:20
115421
12:37:21
115421
12:37:22
115420
12:37:23
115420
12:37:24
115420
12:37:25
115420
12:37:26
115416
12:37:27
115419
12:37:28
115418
12:37:29
115417
12:37:30
115416
12:37:31
115415
12:37:32
115416
12:37:33
115416
12:37:34
115414
12:37:35
115416
12:37:36
115416
12:37:37
115417
12:37:38
115415
12:37:39
115414
12:37:40
115413
12:37:41
115414
12:37:42
115414
12:37:43
115416
12:37:44
115415
12:37:45
115415
12:37:46
115413
12:37:47
115412
12:37:48
115411
12:37:49
115410
12:37:50
115410
12:37:51
115409
12:37:52
115409
12:37:53
115409
12:37:54
115411
12:37:55
115410
12:37:56
115411
12:37:57
115410
12:37:58
115410
12:37:59
115410
12:38:00
115410
12:38:01
115410
12:38:02
115408
12:38:04
115410
12:38:05
115411
12:38:06
115410
12:38:07
115412
12:38:08
115411
12:38:09
115410
12:38:10
115409
12:38:11
115409
12:38:12
115408
12:38:13
115408
12:38:14
115408
12:38:15
115406
12:38:16
115407
12:38:17
115408
12:38:18
115408
12:38:19
115405
12:38:20
115407
12:38:21
115406
12:38:22
115406
12:38:23
115405
12:38:24
115405
12:38:25
115405
12:38:26
115404
12:38:27
115404
12:38:28
115404
12:38:29
115402
12:38:30
115402
12:38:31
115400
12:38:32
115401
12:38:33
115401
12:38:34
115403
12:38:35
115407
12:38:36
115407
12:38:37
115406
12:38:38
115404
12:38:39
115404
12:38:40
115401
12:38:41
115402
12:38:42
115403
12:38:43
115403
12:38:44
115403
12:38:45
115403
12:38:46
115402
12:38:47
115402
12:38:48
115402
12:38:49
115404
12:38:50
115403
12:38:51
115404
12:38:52
115405
12:38:53
115406
12:38:54
115405
12:38:55
115406
12:38:56
115406
12:38:57
115405
12:38:58
115405
12:38:59
115408
12:39:00
115403
12:39:01
115406
12:39:02
115407
12:39:03
115407
12:39:04
115407
12:39:05
115406
12:39:06
115406
12:39:07
115406
12:39:08
115406
12:39:09
115405
12:39:10
115404
12:39:11
115404
12:39:12
115406
12:39:13
115408
12:39:14
115407
12:39:15
115407
12:39:16
115405
12:39:17
115404
12:39:18
115403
12:39:19
115404
12:39:20
115404
12:39:21
115403
12:39:22
115402
12:39:23
115403
12:39:24
115402
12:39:25
115402
12:39:26
115401
12:39:27
115399
12:39:28
115399
12:39:29
115397
12:39:30
115396
12:39:31
115397
12:39:32
115397
12:39:33
115397
12:39:34
115399
12:39:35
115400
12:39:36
115399
12:39:37
115399
12:39:38
115399
12:39:39
115398
12:39:40
115397
12:39:41
115396
12:39:42
115393
12:39:43
115395
12:39:44
115394
12:39:45
115393
12:39:46
115394
12:39:47
115394
12:39:48
115392
12:39:49
115390
12:39:50
115388
12:39:51
115391
12:39:52
115392
12:39:53
115391
12:39:54
115391
12:39:55
115390
12:39:56
115391
12:39:57
115392
12:39:58
115391
12:39:59
115391
12:40:00
115392
12:40:01
115392
12:40:02
115392
12:40:03
115392
12:40:04
115392
12:40:05
115391
12:40:06
115390
12:40:07
115391
12:40:08
115390
12:40:09
115389
12:40:10
115392
12:40:12
115392
12:40:13
115392
12:40:14
115392
12:40:15
115393
12:40:16
115393
12:40:17
115391
12:40:18
115392
12:40:19
115392
12:40:20
115391
12:40:21
115391
12:40:22
115392
12:40:23
115391
12:40:24
115390
12:40:25
115391
12:40:26
115391
12:40:27
115391
12:40:28
115389
12:40:29
115388
12:40:30
115388
12:40:31
115388
12:40:32
115389
12:40:33
115387
12:40:34
115386
12:40:35
115386
12:40:36
115386
12:40:37
115386
12:40:38
115386
12:40:39
115386
12:40:40
115386
12:40:41
115387
12:40:42
115386
12:40:43
115386
12:40:44
115385
12:40:45
115385
12:40:46
115385
12:40:47
115383
12:40:48
115384
12:40:49
115382
12:40:50
115382
12:40:51
115380
12:40:52
115379
12:40:53
115377
12:40:54
115377
12:40:55
115377
12:40:56
115377
12:40:57
115377
12:40:58
115378
12:40:59
115379
12:41:00
115381
12:41:01
115379
12:41:02
115380
12:41:03
115379
12:41:04
115378
12:41:05
115377
12:41:06
115377
12:41:07
115375
12:41:08
115375
12:41:09
115375
12:41:10
115376
12:41:11
115376
12:41:12
115375
12:41:13
115375
12:41:14
115375
12:41:15
115376
12:41:16
115377
12:41:17
115375
12:41:18
115377
12:41:19
115377
12:41:20
115377
12:41:21
115375
12:41:22
115375
12:41:23
115374
12:41:24
115375
12:41:25
115375
12:41:26
115373
12:41:27
115372
12:41:28
115373
12:41:29
115371
12:41:30
115371
12:41:31
115370
12:41:32
115369
12:41:33
115369
12:41:34
115370
12:41:35
115373
12:41:36
115372
12:41:37
115369
12:41:38
115374
12:41:39
115373
12:41:40
115377
12:41:41
115376
12:41:42
115376
12:41:43
115376
12:41:44
115375
12:41:45
115374
12:41:46
115374
12:41:47
115373
12:41:48
115375
12:41:49
115374
12:41:50
115370
12:41:51
115372
12:41:52
115372
12:41:53
115370
12:41:54
115371
12:41:55
115369
12:41:56
115371
12:41:57
115372
12:41:58
115372
12:41:59
115373
12:42:00
115372
12:42:01
115373
12:42:02
115372
12:42:03
115373
12:42:04
115374
12:42:06
115372
12:42:07
115369
12:42:08
115370
12:42:09
115369
12:42:10
115369
12:42:11
115363
12:42:12
115368
12:42:13
115368
12:42:14
115367
12:42:15
115369
12:42:16
115369
12:42:17
115370
12:42:18
115369
12:42:19
115371
12:42:20
115372
12:42:21
115367
12:42:22
115370
12:42:23
115371
12:42:24
115371
12:42:25
115371
12:42:26
115372
12:42:27
115370
12:42:28
115370
12:42:29
115369
12:42:30
115370
12:42:31
115367
12:42:32
115369
12:42:33
115368
12:42:34
115368
12:42:35
115368
12:42:36
115370
12:42:37
115372
12:42:38
115373
12:42:39
115372
12:42:40
115372
12:42:41
115373
12:42:42
115374
12:42:43
115373
12:42:44
115373
12:42:45
115374
12:42:46
115374
12:42:47
115373
12:42:48
115372
12:42:49
115371
12:42:50
115373
12:42:51
115372
12:42:52
115372
12:42:53
115371
12:42:54
115372
12:42:55
115371
12:42:56
115371
12:42:57
115370
12:42:58
115362
12:42:59
115368
12:43:00
115367
12:43:01
115366
12:43:02
115365
12:43:03
115364
12:43:04
115364
12:43:05
115364
12:43:06
115363
12:43:07
115364
12:43:08
115365
12:43:09
115364
12:43:10
115355
12:43:11
115362
12:43:12
115364
12:43:13
115364
12:43:14
115365
12:43:15
115365
12:43:16
115366
12:43:17
115365
12:43:18
115364
12:43:19
115365
12:43:20
115367
12:43:21
115366
12:43:22
115365
12:43:23
115364
12:43:24
115363
12:43:25
115364
12:43:26
115363
12:43:27
115363
12:43:28
115364
12:43:29
115363
12:43:30
115363
12:43:31
115364
12:43:32
115362
12:43:33
115361
12:43:34
115362
12:43:35
115361
12:43:36
115362
12:43:37
115363
12:43:38
115361
12:43:39
115361
12:43:40
115360
12:43:41
115359
12:43:42
115358
12:43:43
115359
12:43:44
115358
12:43:45
115357
12:43:46
115358
12:43:47
115359
12:43:48
115358
12:43:49
115358
12:43:50
115358
12:43:51
115357
12:43:52
115357
12:43:53
115359
12:43:54
115359
12:43:55
115358
12:43:56
115359
12:43:57
115358
12:43:58
115355
12:43:59
115359
12:44:00
115358
12:44:01
115357
12:44:02
115358
12:44:03
115357
12:44:04
115357
12:44:05
115358
12:44:06
115357
12:44:07
115357
12:44:08
115356
12:44:09
115355
12:44:10
115354
12:44:12
115353
12:44:13
115353
12:44:14
115353
12:44:15
115352
12:44:16
115352
12:44:17
115353
12:44:18
115353
12:44:19
115354
12:44:20
115354
12:44:21
115350
12:44:22
115351
12:44:23
115349
12:44:24
115348
12:44:25
115348
12:44:26
115349
12:44:27
115350
12:44:28
115349
12:44:29
115349
12:44:30
115350
12:44:31
115341
12:44:32
115348
12:44:33
115348
12:44:34
115346
12:44:35
115349
12:44:36
115349
12:44:37
115350
12:44:38
115350
12:44:39
115351
12:44:40
115348
12:44:41
115346
12:44:42
115349
12:44:43
115348
12:44:44
115347
12:44:45
115348
12:44:46
115347
12:44:47
115346
12:44:48
115346
12:44:49
115352
12:44:50
115351
12:44:51
115354
12:44:52
115353
12:44:53
115354
12:44:54
115353
12:44:55
115353
12:44:56
115354
12:44:57
115355
12:44:58
115354
12:44:59
115355
12:45:00
115355
12:45:01
115355
12:45:02
115356
12:45:03
115355
12:45:04
115354
12:45:05
115352
12:45:06
115351
12:45:07
115352
12:45:08
115352
12:45:09
115349
12:45:10
115345
12:45:11
115349
12:45:12
115347
12:45:13
115347
12:45:14
115339
12:45:15
115344
12:45:16
115346
12:45:17
115345
12:45:18
115346
12:45:19
115347
12:45:20
115347
12:45:21
115345
12:45:22
115347
12:45:23
115347
12:45:24
115347
12:45:25
115347
12:45:26
115348
12:45:27
115346
12:45:28
115346
12:45:29
115347
12:45:30
115346
12:45:31
115345
12:45:32
115345
12:45:33
115344
12:45:34
115344
12:45:35
115343
12:45:36
115343
12:45:37
115345
12:45:38
115345
12:45:39
115345
12:45:40
115344
12:45:41
115345
12:45:42
115345
12:45:43
115345
12:45:44
115345
12:45:45
115346
12:45:46
115345
12:45:47
115344
12:45:48
115344
12:45:49
115344
12:45:50
115343
12:45:51
115342
12:45:52
115343
12:45:53
115343
12:45:54
115343
12:45:55
115343
12:45:56
115343
12:45:57
115343
12:45:58
115342
12:45:59
115343
12:46:00
115343
12:46:01
115341
12:46:02
115340
12:46:03
115338
12:46:04
115338
12:46:05
115338
12:46:06
115339
12:46:07
115339
12:46:08
115339
12:46:09
115339
12:46:10
115341
12:46:11
115341
12:46:12
115339
12:46:13
115331
12:46:14
115338
12:46:15
115339
12:46:16
115340
12:46:17
115338
12:46:18
115338
12:46:19
115338
12:46:21
115336
12:46:22
115337
12:46:23
115335
12:46:24
115334
12:46:25
115334
12:46:26
115334
12:46:27
115335
12:46:28
115334
12:46:29
115334
12:46:30
115334
12:46:31
115333
12:46:32
115332
12:46:33
115329
12:46:34
115330
12:46:35
115330
12:46:36
115332
12:46:37
115333
12:46:38
115333
12:46:39
115332
12:46:40
115331
12:46:41
115331
12:46:42
115333
12:46:43
115332
12:46:44
115331
12:46:45
115331
12:46:46
115330
12:46:47
115328
12:46:48
115331
12:46:49
115331
12:46:50
115333
12:46:51
115331
12:46:52
115331
12:46:53
115331
12:46:54
115332
12:46:55
115332
12:46:56
115332
12:46:57
115332
12:46:58
115332
12:46:59
115331
12:47:00
115332
12:47:01
115332
12:47:02
115332
12:47:03
115333
12:47:04
115333
12:47:05
115333
12:47:06
115332
12:47:07
115333
12:47:08
115333
12:47:09
115333
12:47:10
115331
12:47:11
115332
12:47:12
115334
12:47:13
115334
12:47:14
115334
12:47:15
115332
12:47:16
115321
12:47:17
115333
12:47:18
115332
12:47:19
115331
12:47:20
115331
12:47:21
115331
12:47:22
115331
12:47:23
115332
12:47:24
115329
12:47:25
115329
12:47:26
115328
12:47:27
115327
12:47:28
115328
12:47:29
115328
12:47:30
115328
12:47:31
115328
12:47:32
115327
12:47:33
115328
12:47:34
115325
12:47:35
115327
12:47:36
115327
12:47:37
115328
12:47:38
115326
12:47:39
115327
12:47:40
115327
12:47:41
115327
12:47:42
115328
12:47:43
115328
12:47:44
115329
12:47:45
115328
12:47:46
115328
12:47:47
115328
12:47:48
115327
12:47:49
115325
12:47:50
115326
12:47:51
115325
12:47:52
115325
12:47:53
115326
12:47:54
115324
12:47:55
115327
12:47:56
115326
12:47:57
115327
12:47:58
115327
12:47:59
115327
12:48:00
115321
12:48:01
115325
12:48:02
115327
12:48:03
115326
12:48:04
115327
12:48:05
115325
12:48:06
115325
12:48:07
115325
12:48:08
115327
12:48:09
115325
12:48:10
115326
12:48:11
115327
12:48:12
115326
12:48:13
115325
12:48:14
115328
12:48:15
115329
12:48:16
115328
12:48:17
115329
12:48:18
115330
12:48:19
115328
12:48:20
115328
12:48:21
115328
12:48:22
115328
12:48:23
115329
12:48:24
115329
12:48:25
115328
12:48:27
115328
12:48:28
115329
12:48:29
115328
12:48:30
115327
12:48:31
115327
12:48:32
115326
12:48:33
115324
12:48:34
115323
12:48:35
115323
12:48:36
115322
12:48:37
115322
12:48:38
115322
12:48:39
115322
12:48:40
115321
12:48:41
115321
12:48:42
115321
12:48:43
115319
12:48:44
115318
12:48:45
115320
12:48:46
115320
12:48:47
115320
12:48:48
115322
12:48:49
115321
12:48:50
115322
12:48:51
115322
12:48:52
115322
12:48:53
115323
12:48:54
115322
12:48:55
115321
12:48:56
115321
12:48:57
115321
12:48:58
115320
12:48:59
115318
12:49:00
115318
12:49:01
115318
12:49:02
115320
12:49:03
115321
12:49:04
115321
12:49:05
115319
12:49:06
115319
12:49:07
115318
12:49:08
115318
12:49:09
115318
12:49:10
115318
12:49:11
115318
12:49:12
115320
12:49:13
115320
12:49:14
115318
12:49:15
115318
12:49:16
115317
12:49:17
115317
12:49:18
115317
12:49:19
115317
12:49:20
115318
12:49:21
115317
12:49:22
115318
12:49:23
115320
12:49:24
115318
12:49:25
115320
12:49:26
115320
12:49:27
115319
12:49:28
115319
12:49:29
115319
12:49:30
115319
12:49:31
115320
12:49:32
115320
12:49:33
115318
12:49:34
115319
12:49:35
115317
12:49:36
115318
12:49:37
115318
12:49:38
115318
12:49:39
115318
12:49:40
115317
12:49:41
115317
12:49:42
115318
12:49:43
115317
12:49:44
115318
12:49:45
115319
12:49:46
115319
12:49:47
115317
12:49:48
115318
12:49:49
115315
12:49:50
115317
12:49:51
115315
12:49:52
115315
12:49:53
115315
12:49:54
115313
12:49:55
115312
12:49:56
115315
12:49:57
115318
12:49:58
115318
12:49:59
115319
12:50:00
115318
12:50:01
115316
12:50:02
115316
12:50:03
115316
12:50:04
115315
12:50:05
115316
12:50:06
115315
12:50:07
115314
12:50:08
115314
12:50:09
115312
12:50:10
115314
12:50:11
115314
12:50:12
115312
12:50:13
115314
12:50:14
115313
12:50:15
115313
12:50:16
115314
12:50:17
115314
12:50:18
115314
12:50:19
115314
12:50:20
115314
12:50:21
115315
12:50:22
115315
12:50:23
115313
12:50:24
115313
12:50:25
115313
12:50:26
115312
12:50:27
115312
12:50:28
115312
12:50:29
115311
12:50:30
115310
12:50:31
115310
12:50:32
115311
12:50:33
115311
12:50:34
115311
12:50:36
115311
12:50:37
115311
12:50:38
115310
12:50:39
115307
12:50:40
115307
12:50:41
115306
12:50:42
115306
12:50:43
115307
12:50:44
115307
12:50:45
115308
12:50:46
115307
12:50:47
115307
12:50:48
115307
12:50:49
115305
12:50:50
115305
12:50:51
115305
12:50:52
115306
12:50:53
115307
12:50:54
115305
12:50:55
115305
12:50:56
115303
12:50:57
115304
12:50:58
115304
12:50:59
115300
12:51:00
115303
12:51:01
115300
12:51:02
115302
12:51:03
115302
12:51:04
115303
12:51:05
115302
12:51:06
115302
12:51:07
115298
12:51:08
115301
12:51:09
115300
12:51:10
115297
12:51:11
115298
12:51:12
115297
12:51:13
115297
12:51:14
115297
12:51:15
115295
12:51:16
115295
12:51:17
115295
12:51:18
115294
12:51:19
115297
12:51:20
115296
12:51:21
115297
12:51:22
115297
12:51:23
115298
12:51:24
115297
12:51:25
115297
12:51:26
115296
12:51:27
115296
12:51:28
115298
12:51:29
115299
12:51:30
115292
12:51:31
115296
12:51:32
115295
12:51:33
115295
12:51:34
115295
12:51:35
115296
12:51:36
115295
12:51:37
115295
12:51:38
115295
12:51:39
115293
12:51:40
115291
12:51:41
115293
12:51:42
115293
12:51:43
115294
12:51:44
115294
12:51:45
115294
12:51:46
115295
12:51:47
115294
12:51:48
115294
12:51:49
115293
12:51:50
115276
12:51:51
115293
12:51:52
115292
12:51:53
115293
12:51:54
115291
12:51:55
115291
12:51:56
115293
12:51:57
115293
12:51:58
115292
12:51:59
115292
12:52:00
115290
12:52:01
115293
12:52:02
115293
12:52:03
115293
12:52:04
115293
12:52:05
115292
12:52:06
115292
12:52:07
115293
12:52:08
115291
12:52:09
115292
12:52:10
115292
12:52:11
115293
12:52:12
115293
12:52:13
115293
12:52:14
115293
12:52:15
115293
12:52:16
115293
12:52:17
115293
12:52:18
115293
12:52:19
115294
12:52:20
115293
12:52:21
115293
12:52:22
115292
12:52:23
115294
12:52:24
115295
12:52:25
115294
12:52:26
115293
12:52:27
115291
12:52:28
115290
12:52:29
115288
12:52:30
115289
12:52:31
115289
12:52:32
115274
12:52:33
115290
12:52:34
115290
12:52:35
115289
12:52:36
115289
12:52:37
115289
12:52:38
115288
12:52:39
115287
12:52:40
115287
12:52:41
115288
12:52:42
115287
12:52:44
115284
12:52:45
115287
12:52:46
115288
12:52:47
115289
12:52:48
115289
12:52:49
115290
12:52:50
115290
12:52:51
115292
12:52:52
115290
12:52:53
115289
12:52:54
115290
12:52:55
115289
12:52:56
115289
12:52:57
115289
12:52:58
115287
12:52:59
115290
12:53:00
115290
12:53:01
115290
12:53:02
115290
12:53:03
115292
12:53:04
115291
12:53:05
115289
12:53:06
115288
12:53:07
115289
12:53:08
115289
12:53:09
115289
12:53:10
115288
12:53:11
115288
12:53:12
115287
12:53:13
115286
12:53:14
115285
12:53:15
115286
12:53:16
115284
12:53:17
115283
12:53:18
115284
12:53:19
115285
12:53:20
115285
12:53:21
115285
12:53:22
115285
12:53:23
115285
12:53:24
115285
12:53:25
115282
12:53:26
115285
12:53:27
115285
12:53:28
115284
12:53:29
115284
12:53:30
115284
12:53:31
115285
12:53:32
115285
12:53:33
115284
12:53:34
115283
12:53:35
115283
12:53:36
115283
12:53:37
115284
12:53:38
115283
12:53:39
115283
12:53:40
115285
12:53:41
115285
12:53:42
115285
12:53:43
115285
12:53:44
115283
12:53:45
115284
12:53:46
115284
12:53:47
115284
12:53:48
115283
12:53:49
115282
12:53:50
115282
12:53:51
115282
12:53:52
115282
12:53:53
115280
12:53:54
115281
12:53:55
115280
12:53:56
115280
12:53:57
115279
12:53:58
115280
12:53:59
115281
12:54:00
115281
12:54:01
115281
12:54:02
115280
12:54:03
115282
12:54:04
115281
12:54:05
115281
12:54:06
115279
12:54:07
115280
12:54:08
115281
12:54:09
115280
12:54:10
115279
12:54:11
115278
12:54:12
115277
12:54:13
115279
12:54:14
115276
12:54:15
115278
12:54:16
115278
12:54:17
115279
12:54:18
115279
12:54:19
115278
12:54:20
115277
12:54:21
115277
12:54:22
115277
12:54:23
115278
12:54:24
115279
12:54:25
115278
12:54:26
115277
12:54:27
115277
12:54:28
115277
12:54:29
115277
12:54:30
115276
12:54:31
115276
12:54:32
115275
12:54:33
115276
12:54:34
115276
12:54:35
115275
12:54:36
115274
12:54:37
115275
12:54:38
115275
12:54:39
115274
12:54:40
115275
12:54:41
115273
12:54:42
115273
12:54:43
115274
12:54:44
115276
12:54:45
115275
12:54:46
115274
12:54:47
115272
12:54:48
115272
12:54:49
115271
12:54:51
115272
12:54:52
115271
12:54:53
115271
12:54:54
115270
12:54:55
115267
12:54:56
115268
12:54:57
115268
12:54:58
115268
12:54:59
115269
12:55:00
115270
12:55:01
115269
12:55:02
115269
12:55:03
115269
12:55:04
115270
12:55:05
115269
12:55:06
115270
12:55:07
115269
12:55:08
115268
12:55:09
115270
12:55:10
115269
12:55:11
115269
12:55:12
115270
12:55:13
115269
12:55:14
115269
12:55:15
115269
12:55:16
115269
12:55:17
115268
12:55:18
115267
12:55:19
115268
12:55:20
115269
12:55:21
115267
12:55:22
115267
12:55:23
115267
12:55:24
115268
12:55:25
115268
12:55:26
115268
12:55:27
115267
12:55:28
115266
12:55:29
115266
12:55:30
115265
12:55:31
115266
12:55:32
115268
12:55:33
115269
12:55:34
115268
12:55:35
115266
12:55:36
115266
12:55:37
115263
12:55:38
115263
12:55:39
115265
12:55:40
115265
12:55:41
115264
12:55:42
115264
12:55:43
115264
12:55:44
115263
12:55:45
115264
12:55:46
115264
12:55:47
115265
12:55:48
115263
12:55:49
115262
12:55:50
115263
12:55:51
115263
12:55:52
115264
12:55:53
115265
12:55:54
115265
12:55:55
115266
12:55:56
115265
12:55:57
115266
12:55:58
115267
12:55:59
115266
12:56:00
115267
12:56:01
115267
12:56:02
115267
12:56:03
115267
12:56:04
115267
12:56:05
115267
12:56:06
115266
12:56:07
115266
12:56:08
115265
12:56:09
115263
12:56:10
115263
12:56:11
115265
12:56:12
115265
12:56:13
115264
12:56:14
115265
12:56:15
115266
12:56:16
115266
12:56:17
115263
12:56:18
115263
12:56:19
115265
12:56:20
115265
12:56:21
115264
12:56:22
115265
12:56:23
115264
12:56:24
115264
12:56:25
115264
12:56:26
115264
12:56:27
115266
12:56:28
115265
12:56:29
115265
12:56:30
115265
12:56:31
115266
12:56:32
115264
12:56:33
115263
12:56:34
115264
12:56:35
115263
12:56:36
115262
12:56:37
115262
12:56:38
115264
12:56:39
115265
12:56:40
115265
12:56:41
115265
12:56:42
115264
12:56:43
115264
12:56:44
115264
12:56:45
115264
12:56:46
115263
12:56:47
115263
12:56:48
115265
12:56:49
115265
12:56:50
115263
12:56:51
115263
12:56:52
115262
12:56:53
115263
12:56:54
115262
12:56:55
115261
12:56:56
115261
12:56:58
115260
12:56:59
115262
12:57:00
115261
12:57:01
115261
12:57:02
115260
12:57:03
115260
12:57:04
115259
12:57:05
115260
12:57:06
115259
12:57:07
115259
12:57:08
115260
12:57:09
115260
12:57:10
115261
12:57:11
115259
12:57:12
115260
12:57:13
115261
12:57:14
115260
12:57:15
115260
12:57:16
115261
12:57:17
115259
12:57:18
115260
12:57:19
115260
12:57:20
115258
12:57:21
115258
12:57:22
115259
12:57:23
115259
12:57:24
115259
12:57:25
115259
12:57:26
115260
12:57:27
115261
12:57:28
115260
12:57:29
115261
12:57:30
115261
12:57:31
115261
12:57:32
115259
12:57:33
115259
12:57:34
115258
12:57:35
115258
12:57:36
115259
12:57:37
115259
12:57:38
115258
12:57:39
115259
12:57:40
115259
12:57:41
115258
12:57:42
115259
12:57:43
115258
12:57:44
115259
12:57:45
115260
12:57:46
115260
12:57:47
115260
12:57:48
115258
12:57:49
115260
12:57:50
115261
12:57:51
115259
12:57:52
115260
12:57:53
115260
12:57:54
115259
12:57:55
115259
12:57:56
115258
12:57:57
115258
12:57:58
115257
12:57:59
115256
12:58:00
115256
12:58:01
115255
12:58:02
115255
12:58:03
115255
12:58:04
115255
12:58:05
115255
12:58:06
115256
12:58:07
115255
12:58:08
115255
12:58:09
115254
12:58:10
115252
12:58:11
115253
12:58:12
115251
12:58:13
115252
12:58:14
115251
12:58:15
115252
12:58:16
115252
12:58:17
115252
12:58:18
115251
12:58:19
115249
12:58:20
115248
12:58:21
115250
12:58:22
115252
12:58:23
115252
12:58:24
115252
12:58:25
115245
12:58:26
115250
12:58:27
115251
12:58:28
115251
12:58:29
115251
12:58:30
115250
12:58:31
115251
12:58:32
115250
12:58:33
115251
12:58:34
115251
12:58:35
115251
12:58:36
115251
12:58:37
115250
12:58:38
115250
12:58:39
115252
12:58:40
115252
12:58:41
115251
12:58:42
115249
12:58:43
115249
12:58:44
115249
12:58:45
115249
12:58:46
115249
12:58:47
115248
12:58:48
115247
12:58:49
115248
12:58:50
115247
12:58:51
115249
12:58:52
115249
12:58:53
115249
12:58:54
115249
12:58:55
115249
12:58:56
115249
12:58:57
115249
12:58:58
115249
12:58:59
115246
12:59:00
115246
12:59:02
115247
12:59:03
115247
12:59:04
115246
12:59:05
115248
12:59:06
115247
12:59:07
115248
12:59:08
115247
12:59:09
115247
12:59:10
115244
12:59:11
115242
12:59:12
115244
12:59:13
115243
12:59:14
115244
12:59:15
115243
12:59:16
115243
12:59:17
115244
12:59:18
115244
12:59:19
115244
12:59:20
115244
12:59:21
115243
12:59:22
115244
12:59:23
115242
12:59:24
115243
12:59:25
115242
12:59:26
115241
12:59:27
115241
12:59:28
115241
12:59:29
115241
12:59:30
115242
12:59:31
115242
12:59:32
115242
12:59:33
115232
12:59:34
115243
12:59:35
115243
12:59:36
115243
12:59:37
115243
12:59:38
115244
12:59:39
115245
12:59:40
115246
12:59:41
115246
12:59:42
115247
12:59:43
115247
12:59:44
115247
12:59:45
115246
12:59:46
115245
12:59:47
115245
12:59:48
115245
12:59:49
115245
12:59:50
115245
12:59:51
115245
12:59:52
115243
12:59:53
115244
12:59:54
115245
12:59:55
115245
12:59:56
115244
12:59:57
115243
12:59:58
115241
12:59:59
115240
13:00:00
115240
13:00:01
115242
13:00:02
115241
13:00:03
115242
13:00:04
115242
13:00:05
115243
13:00:06
115242
13:00:07
115241
13:00:08
115242
13:00:09
115242
13:00:10
115242
13:00:11
115236
13:00:12
115243
13:00:13
115241
13:00:14
115241
13:00:15
115240
13:00:16
115238
13:00:17
115240
13:00:18
115240
13:00:19
115241
13:00:20
115239
13:00:21
115239
13:00:22
115239
13:00:23
115237
13:00:24
115237
13:00:25
115236
13:00:26
115236
13:00:27
115235
13:00:28
115234
13:00:29
115234
13:00:30
115236
13:00:31
115236
13:00:32
115235
13:00:33
115233
13:00:34
115234
13:00:35
115232
13:00:36
115233
13:00:37
115232
13:00:38
115233
13:00:39
115233
13:00:40
115233
13:00:41
115233
13:00:42
115233
13:00:43
115233
13:00:44
115232
13:00:45
115233
13:00:46
115233
13:00:47
115232
13:00:48
115235
13:00:49
115235
13:00:50
115234
13:00:51
115233
13:00:52
115233
13:00:53
115233
13:00:54
115234
13:00:55
115236
13:00:56
115236
13:00:57
115237
13:00:58
115236
13:00:59
115236
13:01:00
115237
13:01:01
115238
13:01:02
115236
13:01:03
115235
13:01:04
115237
13:01:05
115236
13:01:06
115234
13:01:07
115236
13:01:09
115237
13:01:10
115236
13:01:11
115237
13:01:12
115236
13:01:13
115236
13:01:14
115235
13:01:15
115235
13:01:16
115238
13:01:17
115238
13:01:18
115236
13:01:19
115234
13:01:20
115235
13:01:21
115234
13:01:22
115234
13:01:23
115234
13:01:24
115235
13:01:25
115234
13:01:26
115233
13:01:27
115234
13:01:28
115234
13:01:29
115234
13:01:30
115234
13:01:31
115233
13:01:32
115233
13:01:33
115234
13:01:34
115234
13:01:35
115233
13:01:36
115233
13:01:37
115233
13:01:38
115233
13:01:39
115232
13:01:40
115232
13:01:41
115231
13:01:42
115232
13:01:43
115232
13:01:44
115232
13:01:45
115231
13:01:46
115231
13:01:47
115231
13:01:48
115230
13:01:49
115229
13:01:50
115229
13:01:51
115229
13:01:52
115230
13:01:53
115228
13:01:54
115228
13:01:55
115227
13:01:56
115227
13:01:57
115227
13:01:58
115227
13:01:59
115227
13:02:00
115227
13:02:01
115227
13:02:02
115226
13:02:03
115226
13:02:04
115226
13:02:05
115227
13:02:06
115227
13:02:07
115226
13:02:08
115226
13:02:09
115226
13:02:10
115226
13:02:11
115226
13:02:12
115225
13:02:13
115223
13:02:14
115225
13:02:15
115225
13:02:16
115225
13:02:17
115224
13:02:18
115222
13:02:19
115224
13:02:20
115224
13:02:21
115225
13:02:22
115225
13:02:23
115225
13:02:24
115225
13:02:25
115226
13:02:26
115225
13:02:27
115223
13:02:28
115223
13:02:29
115223
13:02:30
115224
13:02:31
115223
13:02:32
115225
13:02:33
115224
13:02:34
115223
13:02:35
115222
13:02:36
115220
13:02:37
115220
13:02:38
115219
13:02:39
115220
13:02:40
115221
13:02:41
115220
13:02:42
115220
13:02:43
115220
13:02:44
115220
13:02:45
115220
13:02:46
115219
13:02:47
115218
13:02:48
115216
13:02:49
115216
13:02:50
115217
13:02:51
115217
13:02:52
115219
13:02:53
115218
13:02:54
115220
13:02:55
115220
13:02:56
115219
13:02:57
115220
13:02:58
115218
13:02:59
115219
13:03:00
115220
13:03:01
115221
13:03:02
115222
13:03:03
115222
13:03:04
115223
13:03:05
115221
13:03:06
115218
13:03:07
115220
13:03:08
115221
13:03:09
115221
13:03:10
115220
13:03:11
115220
13:03:12
115223
13:03:13
115222
13:03:14
115222
13:03:15
115223
13:03:17
115225
13:03:18
115223
13:03:19
115222
13:03:20
115221
13:03:21
115222
13:03:22
115222
13:03:23
115221
13:03:24
115220
13:03:25
115218
13:03:26
115219
13:03:27
115219
13:03:28
115218
13:03:29
115218
13:03:30
115217
13:03:31
115216
13:03:32
115215
13:03:33
115219
13:03:34
115215
13:03:35
115219
13:03:36
115219
13:03:37
115220
13:03:38
115219
13:03:39
115218
13:03:40
115220
13:03:41
115218
13:03:42
115217
13:03:43
115217
13:03:44
115217
13:03:45
115217
13:03:46
115216
13:03:47
115216
13:03:48
115215
13:03:49
115215
13:03:50
115215
13:03:51
115215
13:03:52
115217
13:03:53
115216
13:03:54
115215
13:03:55
115216
13:03:56
115214
13:03:57
115216
13:03:58
115214
13:03:59
115212
13:04:00
115211
13:04:01
115211
13:04:02
115210
13:04:03
115210
13:04:04
115211
13:04:05
115211
13:04:06
115211
13:04:07
115211
13:04:08
115208
13:04:09
115210
13:04:10
115209
13:04:11
115209
13:04:12
115208
13:04:13
115209
13:04:14
115210
13:04:15
115210
13:04:16
115208
13:04:17
115210
13:04:18
115211
13:04:19
115210
13:04:20
115209
13:04:21
115208
13:04:22
115210
13:04:23
115210
13:04:24
115210
13:04:25
115210
13:04:26
115209
13:04:27
115211
13:04:28
115209
13:04:29
115208
13:04:30
115207
13:04:31
115207
13:04:32
115208
13:04:33
115211
13:04:34
115210
13:04:35
115208
13:04:36
115208
13:04:37
115209
13:04:38
115208
13:04:39
115210
13:04:40
115212
13:04:41
115210
13:04:42
115209
13:04:43
115208
13:04:44
115207
13:04:45
115207
13:04:46
115206
13:04:47
115207
13:04:48
115208
13:04:49
115207
13:04:50
115207
13:04:51
115209
13:04:52
115208
13:04:53
115208
13:04:54
115207
13:04:55
115208
13:04:56
115208
13:04:57
115206
13:04:58
115208
13:04:59
115204
13:05:00
115205
13:05:01
115205
13:05:02
115205
13:05:03
115204
13:05:04
115205
13:05:05
115205
13:05:06
115204
13:05:07
115204
13:05:08
115203
13:05:09
115202
13:05:10
115202
13:05:11
115203
13:05:12
115203
13:05:13
115204
13:05:14
115203
13:05:15
115203
13:05:16
115203
13:05:17
115202
13:05:18
115199
13:05:19
115200
13:05:20
115199
13:05:21
115199
13:05:22
115199
13:05:24
115200
13:05:25
115200
13:05:26
115201
13:05:27
115201
13:05:28
115200
13:05:29
115199
13:05:30
115199
13:05:31
115200
13:05:32
115199
13:05:33
115200
13:05:34
115199
13:05:35
115201
13:05:36
115202
13:05:37
115202
13:05:38
115203
13:05:39
115203
13:05:40
115202
13:05:41
115203
13:05:42
115203
13:05:43
115202
13:05:44
115201
13:05:45
115201
13:05:46
115200
13:05:47
115200
13:05:48
115199
13:05:49
115199
13:05:50
115198
13:05:51
115199
13:05:52
115198
13:05:53
115200
13:05:54
115200
13:05:55
115199
13:05:56
115200
13:05:57
115199
13:05:58
115200
13:05:59
115199
13:06:00
115199
13:06:01
115197
13:06:02
115198
13:06:03
115197
13:06:04
115197
13:06:05
115196
13:06:06
115196
13:06:07
115196
13:06:08
115198
13:06:09
115195
13:06:10
115195
13:06:11
115196
13:06:12
115195
13:06:13
115196
13:06:14
115196
13:06:15
115196
13:06:16
115195
13:06:17
115194
13:06:18
115194
13:06:19
115194
13:06:20
115192
13:06:21
115191
13:06:22
115191
13:06:23
115190
13:06:24
115190
13:06:25
115189
13:06:26
115189
13:06:27
115190
13:06:28
115191
13:06:29
115191
13:06:30
115190
13:06:31
115189
13:06:32
115189
13:06:33
115190
13:06:34
115191
13:06:35
115189
13:06:36
115189
13:06:37
115189
13:06:38
115188
13:06:39
115190
13:06:40
115189
13:06:41
115189
13:06:42
115190
13:06:43
115188
13:06:44
115189
13:06:45
115189
13:06:46
115188
13:06:47
115189
13:06:48
115189
13:06:49
115189
13:06:50
115190
13:06:51
115190
13:06:52
115190
13:06:53
115190
13:06:54
115190
13:06:55
115190
13:06:56
115189
13:06:57
115188
13:06:58
115188
13:06:59
115188
13:07:00
115188
13:07:01
115188
13:07:02
115186
13:07:03
115187
13:07:04
115186
13:07:05
115186
13:07:06
115187
13:07:07
115188
13:07:08
115186
13:07:09
115186
13:07:10
115187
13:07:11
115187
13:07:12
115187
13:07:13
115187
13:07:14
115186
13:07:15
115185
13:07:16
115185
13:07:17
115185
13:07:18
115185
13:07:19
115186
13:07:20
115185
13:07:21
115187
13:07:22
115187
13:07:23
115187
13:07:24
115186
13:07:25
115185
13:07:26
115186
13:07:27
115186
13:07:28
115185
13:07:29
115187
13:07:30
115187
13:07:32
115186
13:07:33
115186
13:07:34
115186
13:07:35
115186
13:07:36
115186
13:07:37
115186
13:07:38
115185
13:07:39
115185
13:07:40
115185
13:07:41
115184
13:07:42
115183
13:07:43
115183
13:07:44
115183
13:07:45
115182
13:07:46
115182
13:07:47
115183
13:07:48
115180
13:07:49
115179
13:07:50
115179
13:07:51
115179
13:07:52
115179
13:07:53
115180
13:07:54
115181
13:07:55
115182
13:07:56
115181
13:07:57
115181
13:07:58
115182
13:07:59
115183
13:08:00
115183
