00:55:55
183585
00:55:56
183585
00:55:57
183585
00:55:58
183585
00:55:59
183585
00:56:00
183584
00:56:01
183584
00:56:02
183581
00:56:03
183581
00:56:04
183581
00:56:05
183581
00:56:06
183581
00:56:07
183581
00:56:08
183581
00:56:09
183581
00:56:10
183578
00:56:11
183578
00:56:12
183577
00:56:13
183578
00:56:14
183578
00:56:15
183578
00:56:16
183578
00:56:17
183578
00:56:18
183577
00:56:19
183577
00:56:20
183567
00:56:21
183578
00:56:22
183578
00:56:23
183578
00:56:24
183578
00:56:25
183578
00:56:26
183578
00:56:27
183577
00:56:28
183577
00:56:29
183578
00:56:30
183579
00:56:31
183578
00:56:32
183578
00:56:33
183579
00:56:34
183579
00:56:35
183579
00:56:36
183579
00:56:37
183508
00:56:38
182349
00:56:39
183166
00:56:40
183338
00:56:41
183333
00:56:42
183332
00:56:43
183316
00:56:44
183301
00:56:45
183288
00:56:46
183265
00:56:47
183252
00:56:48
183235
00:56:49
183191
00:56:50
183191
00:56:51
183189
00:56:52
183188
00:56:54
183187
00:56:55
183076
00:56:56
182674
00:56:57
182274
00:56:58
181889
00:56:59
181501
00:57:00
180923
00:57:01
181467
00:57:02
181642
00:57:03
181386
00:57:04
179558
00:57:05
178275
00:57:06
177687
00:57:07
177580
00:57:08
177562
00:57:09
177532
00:57:10
177465
00:57:11
177403
00:57:12
177346
00:57:13
177354
00:57:14
177365
00:57:15
177345
00:57:16
177367
00:57:17
177309
00:57:18
177284
00:57:19
177329
00:57:20
177244
00:57:21
177282
00:57:22
177231
00:57:23
177167
00:57:24
177178
00:57:25
177175
00:57:26
177130
00:57:27
177140
00:57:28
177105
00:57:29
177124
00:57:30
177082
00:57:31
177084
00:57:32
177051
00:57:33
177046
00:57:34
176962
00:57:35
176976
00:57:36
176990
00:57:37
176965
00:57:38
176970
00:57:39
176995
00:57:40
176952
00:57:41
176974
00:57:42
176978
00:57:43
177032
00:57:44
177024
00:57:45
177026
00:57:46
176988
00:57:47
176966
00:57:48
176979
00:57:49
176979
00:57:50
176969
00:57:51
176961
00:57:52
176947
00:57:53
176945
00:57:54
176929
00:57:55
176898
00:57:56
176926
00:57:57
176910
00:57:58
176905
00:57:59
176903
00:58:00
176888
00:58:01
176888
00:58:02
176919
00:58:03
178394
00:58:04
178039
00:58:05
178035
00:58:06
178034
00:58:07
178034
00:58:08
178034
00:58:09
178033
00:58:10
178033
00:58:11
178032
00:58:12
178032
00:58:13
178031
00:58:14
178025
00:58:15
178022
00:58:16
178022
00:58:17
178022
00:58:18
178021
00:58:19
178021
00:58:20
177324
00:58:21
177547
00:58:22
177547
00:58:23
177546
00:58:24
177509
00:58:25
177470
00:58:26
177434
00:58:27
177401
00:58:28
177383
00:58:29
177369
00:58:30
177357
00:58:31
177351
00:58:32
177350
00:58:33
177347
00:58:34
177339
00:58:35
177334
00:58:36
177331
00:58:37
177330
00:58:38
177329
00:58:39
177324
00:58:40
177322
00:58:41
177319
00:58:42
177315
00:58:43
177312
00:58:44
177308
00:58:45
177307
00:58:46
177305
00:58:47
177306
00:58:48
177302
00:58:49
177301
00:58:50
177301
00:58:51
177301
00:58:52
177298
00:58:53
177298
00:58:54
177292
00:58:55
177295
00:58:56
177292
00:58:57
177293
00:58:58
177291
00:58:59
177292
00:59:00
177288
00:59:01
177285
00:59:02
177286
00:59:03
177282
00:59:04
177280
00:59:05
177277
00:59:06
177275
00:59:07
177278
00:59:08
177276
00:59:09
177275
00:59:10
177273
00:59:11
177273
00:59:12
177274
00:59:13
177271
00:59:14
177270
00:59:15
177267
00:59:16
177264
00:59:17
177265
00:59:18
177266
00:59:19
177266
00:59:20
177266
00:59:21
177264
00:59:22
177262
00:59:23
177261
00:59:24
177261
00:59:25
177259
00:59:26
177258
00:59:27
177256
00:59:28
177260
00:59:29
177254
00:59:30
177255
00:59:31
177254
00:59:32
177254
00:59:33
177253
00:59:34
177253
00:59:35
177245
00:59:36
177248
00:59:37
177248
00:59:38
177248
00:59:39
177247
00:59:40
177247
00:59:41
177246
00:59:42
177243
00:59:43
177241
00:59:44
177241
00:59:45
177239
00:59:46
177237
00:59:47
177231
00:59:48
177231
00:59:49
177228
00:59:50
177230
00:59:51
177230
00:59:52
177230
00:59:53
177229
00:59:54
177229
00:59:55
177228
00:59:56
177229
00:59:57
177222
00:59:58
177224
00:59:59
177226
01:00:00
177225
01:00:01
177224
01:00:02
177223
01:00:03
177225
01:00:04
177223
01:00:05
177223
01:00:06
177220
01:00:07
177219
01:00:08
177222
01:00:09
177223
01:00:10
177221
01:00:11
177221
01:00:12
177217
01:00:13
177215
01:00:14
177215
01:00:15
177213
01:00:16
177212
01:00:17
177208
01:00:18
177209
01:00:19
177208
01:00:20
177209
01:00:21
177208
01:00:22
177205
01:00:23
177204
01:00:24
177204
01:00:25
177203
01:00:26
177199
01:00:27
177200
01:00:28
177198
01:00:29
177197
01:00:30
177196
01:00:31
177195
01:00:32
177195
01:00:33
177190
01:00:34
177190
01:00:35
177189
01:00:36
177188
01:00:37
177186
01:00:38
177183
01:00:39
177183
01:00:40
177182
01:00:41
177182
01:00:42
177182
01:00:43
177183
01:00:45
177183
01:00:46
177182
01:00:47
177180
01:00:48
177179
01:00:49
177177
01:00:50
177178
01:00:51
177176
01:00:52
177175
01:00:53
177175
01:00:54
177174
01:00:55
177174
01:00:56
177174
01:00:57
177171
01:00:58
177167
01:00:59
177162
01:01:00
177165
01:01:01
177166
01:01:02
177166
01:01:03
177165
01:01:04
177165
01:01:05
177164
01:01:06
177164
01:01:07
177162
01:01:08
177159
01:01:09
177159
01:01:10
177159
01:01:11
177159
01:01:12
177157
01:01:13
177159
01:01:14
177157
01:01:15
177158
01:01:16
177157
01:01:17
177157
01:01:18
177150
01:01:19
177151
01:01:20
177151
01:01:21
177149
01:01:22
177152
01:01:23
177151
01:01:24
177150
01:01:25
177150
01:01:26
177150
01:01:27
177152
01:01:28
177151
01:01:29
177150
01:01:30
177149
01:01:31
177151
01:01:32
177151
01:01:33
177151
01:01:34
177149
01:01:35
177149
01:01:36
177150
01:01:37
177151
01:01:38
177150
01:01:39
177149
01:01:40
177147
01:01:41
177147
01:01:42
177146
01:01:43
177145
01:01:44
177145
01:01:45
177144
01:01:46
177143
01:01:47
177144
01:01:48
177143
01:01:49
177142
01:01:50
177142
01:01:51
177140
01:01:52
177139
01:01:53
177138
01:01:54
177137
01:01:55
177137
01:01:56
177134
01:01:57
177135
01:01:58
177133
01:01:59
177130
01:02:00
177130
01:02:01
177127
01:02:02
177127
01:02:03
177126
01:02:04
177125
01:02:05
177125
01:02:06
177125
01:02:07
177123
01:02:08
177124
01:02:09
177110
01:02:10
177120
01:02:11
177120
01:02:12
177120
01:02:13
177118
01:02:14
177119
01:02:15
177119
01:02:16
177117
01:02:17
177116
01:02:18
177114
01:02:19
177114
01:02:20
177110
01:02:21
177108
01:02:22
177109
01:02:23
177109
01:02:24
177108
01:02:25
177106
01:02:26
177106
01:02:27
177104
01:02:28
177106
01:02:29
177105
01:02:30
177102
01:02:31
177098
01:02:32
177099
01:02:33
177097
01:02:34
177098
01:02:35
177098
01:02:36
177098
01:02:37
177095
01:02:38
177095
01:02:39
177094
01:02:40
177094
01:02:41
177093
01:02:42
177091
01:02:43
177092
01:02:44
177090
01:02:45
177091
01:02:46
177092
01:02:47
177089
01:02:48
177089
01:02:49
177090
01:02:50
177086
01:02:51
177086
01:02:52
177086
01:02:53
177085
01:02:54
177085
01:02:55
177085
01:02:56
177084
01:02:57
177082
01:02:58
177082
01:02:59
177083
01:03:00
177082
01:03:01
177081
01:03:02
177079
01:03:03
177078
01:03:04
177077
01:03:05
177077
01:03:06
177076
01:03:07
177076
01:03:08
177077
01:03:09
177077
01:03:10
177076
01:03:11
177075
01:03:12
177070
01:03:13
177074
01:03:14
177073
01:03:15
177071
01:03:16
177072
01:03:17
177071
01:03:18
177072
01:03:19
177072
01:03:20
177071
01:03:21
177068
01:03:22
177065
01:03:23
177065
01:03:24
177061
01:03:25
177061
01:03:26
177059
01:03:27
177057
01:03:28
177057
01:03:29
177049
01:03:30
177048
01:03:31
177045
01:03:32
177048
01:03:33
177045
01:03:34
177045
01:03:35
177045
01:03:36
177042
01:03:37
177044
01:03:38
177043
01:03:39
177042
01:03:40
177040
01:03:41
177036
01:03:42
177034
01:03:43
177028
01:03:44
177028
01:03:45
177027
01:03:46
177028
01:03:47
177027
01:03:48
177027
01:03:49
177027
01:03:50
177026
01:03:51
177025
01:03:52
177023
01:03:53
177022
01:03:54
177025
01:03:55
177025
01:03:56
177025
01:03:57
177023
01:03:58
176999
01:03:59
176997
01:04:00
176996
01:04:01
176997
01:04:02
176994
01:04:03
176992
01:04:04
176994
01:04:05
176992
01:04:06
176992
01:04:07
176989
01:04:08
176990
01:04:09
176991
01:04:10
176989
01:04:11
176989
01:04:12
176985
01:04:13
176979
01:04:14
176981
01:04:15
176980
01:04:16
176984
01:04:17
176983
01:04:18
176980
01:04:19
176982
01:04:20
176980
01:04:21
176982
01:04:22
176978
01:04:23
176977
01:04:24
176977
01:04:25
176977
01:04:26
176976
01:04:27
176977
01:04:28
176975
01:04:29
176974
01:04:30
176974
01:04:31
176973
01:04:32
176973
01:04:33
176971
01:04:34
176971
01:04:35
176971
01:04:36
176970
01:04:37
176969
01:04:38
176968
01:04:39
176969
01:04:40
176968
01:04:41
176966
01:04:42
176965
01:04:43
176963
01:04:44
176960
01:04:45
176959
01:04:46
176957
01:04:47
176956
01:04:48
176950
01:04:49
176949
01:04:50
176948
01:04:51
176947
01:04:53
176946
01:04:54
176944
01:04:55
176941
01:04:56
176941
01:04:57
176939
01:04:58
176937
01:04:59
176938
01:05:00
176937
01:05:01
176938
01:05:02
176936
01:05:03
176937
01:05:04
176933
01:05:05
176932
01:05:06
176930
01:05:07
176928
01:05:08
176928
01:05:09
176926
01:05:10
176923
01:05:11
176924
01:05:12
176921
01:05:13
176919
01:05:14
176916
01:05:15
176916
01:05:16
176916
01:05:17
176914
01:05:18
176912
01:05:19
176911
01:05:20
176912
01:05:21
176909
01:05:22
176907
01:05:23
176907
01:05:24
176903
01:05:25
176902
01:05:26
176900
01:05:27
176898
01:05:28
176898
01:05:29
176897
01:05:30
176896
01:05:31
176895
01:05:32
176895
01:05:33
176894
01:05:34
176895
01:05:35
176894
01:05:36
176892
01:05:37
176891
01:05:38
176891
01:05:39
176890
01:05:40
176890
01:05:41
176890
01:05:42
176890
01:05:43
176889
01:05:44
176888
01:05:45
176887
01:05:46
176884
01:05:47
176883
01:05:48
176883
01:05:49
176883
01:05:50
176880
01:05:51
176880
01:05:52
176880
01:05:53
176878
01:05:54
176877
01:05:55
176873
01:05:56
176873
01:05:57
176869
01:05:58
176868
01:05:59
176868
01:06:00
176866
01:06:01
176866
01:06:02
176866
01:06:03
176863
01:06:04
176862
01:06:05
176859
01:06:06
176858
01:06:07
176855
01:06:08
176856
01:06:09
176855
01:06:10
176855
01:06:11
176854
01:06:12
176854
01:06:13
176851
01:06:14
176852
01:06:15
176841
01:06:16
176849
01:06:17
176845
01:06:18
176847
01:06:19
176844
01:06:20
176845
01:06:21
176844
01:06:22
176843
01:06:23
176842
01:06:24
176838
01:06:25
176837
01:06:26
176838
01:06:27
176834
01:06:28
176835
01:06:29
176836
01:06:30
176835
01:06:31
176836
01:06:32
176837
01:06:33
176833
01:06:34
176833
01:06:35
176833
01:06:36
176829
01:06:37
176825
01:06:38
176829
01:06:39
176828
01:06:40
176827
01:06:41
176827
01:06:42
176825
01:06:43
176825
01:06:44
176825
01:06:45
176823
01:06:46
176823
01:06:47
176820
01:06:48
176817
01:06:49
176817
01:06:50
176816
01:06:51
176816
01:06:52
176817
01:06:53
176814
01:06:54
176815
01:06:55
176814
01:06:56
176812
01:06:57
176811
01:06:58
176810
01:06:59
176810
01:07:00
176807
01:07:01
176807
01:07:02
176808
01:07:03
176808
01:07:04
176807
01:07:05
176807
01:07:06
176805
01:07:07
176808
01:07:08
176809
01:07:09
176809
01:07:10
176806
01:07:11
176804
01:07:12
176803
01:07:13
176802
01:07:14
176801
01:07:15
176801
01:07:16
176797
01:07:17
176794
01:07:18
176791
01:07:19
176789
01:07:20
176789
01:07:21
176787
01:07:22
176784
01:07:23
176783
01:07:24
176785
01:07:25
176781
01:07:26
176781
01:07:27
176779
01:07:28
176775
01:07:29
176775
01:07:30
176775
01:07:31
176773
01:07:32
176772
01:07:33
176771
01:07:34
176772
01:07:35
176770
01:07:36
176770
01:07:37
176769
01:07:38
176767
01:07:39
176764
01:07:40
176765
01:07:41
176762
01:07:42
176766
01:07:43
176763
01:07:44
176763
01:07:45
176761
01:07:46
176760
01:07:47
176755
01:07:48
176757
01:07:49
176754
01:07:50
176755
01:07:51
176753
01:07:52
176751
01:07:53
176751
01:07:54
176750
01:07:55
176747
01:07:56
176744
01:07:57
176742
01:07:58
176738
01:07:59
176736
01:08:00
176734
01:08:01
176736
01:08:02
176735
01:08:03
176735
01:08:04
176733
01:08:05
176732
01:08:06
176731
01:08:07
176730
01:08:08
176724
01:08:09
176721
01:08:10
176722
01:08:11
176722
01:08:12
176720
01:08:13
176721
01:08:14
176719
01:08:15
176721
01:08:16
176720
01:08:17
176720
01:08:18
176717
01:08:19
176714
01:08:20
176712
01:08:21
176713
01:08:22
176712
01:08:23
176709
01:08:24
176708
01:08:25
176707
01:08:26
176707
01:08:27
176710
01:08:28
176702
01:08:29
176702
01:08:30
176702
01:08:31
176701
01:08:32
176701
01:08:33
176703
01:08:34
176688
01:08:35
176687
01:08:36
176687
01:08:37
176685
01:08:38
176681
01:08:39
176680
01:08:40
176680
01:08:41
176678
01:08:42
176678
01:08:43
176677
01:08:44
176675
01:08:45
176675
01:08:46
176675
01:08:47
176673
01:08:48
176672
01:08:49
176669
01:08:50
176666
01:08:51
176665
01:08:52
176667
01:08:53
176664
01:08:54
176662
01:08:55
176662
01:08:56
176661
01:08:57
176660
01:08:58
176661
01:08:59
176659
01:09:00
176658
01:09:02
176658
01:09:03
176656
01:09:04
176655
01:09:05
176655
01:09:06
176654
01:09:07
176654
01:09:08
176653
01:09:09
176652
01:09:10
176650
01:09:11
176650
01:09:12
176640
01:09:13
176641
01:09:14
176641
01:09:15
176640
01:09:16
176640
01:09:17
176640
01:09:18
176640
01:09:19
176640
01:09:20
176638
01:09:21
176637
01:09:22
176638
01:09:23
176637
01:09:24
176636
01:09:25
176637
01:09:26
176636
01:09:27
176636
01:09:28
176635
01:09:29
176634
01:09:30
176632
01:09:31
176634
01:09:32
176631
01:09:33
176608
01:09:34
176608
01:09:35
176608
01:09:36
176606
01:09:37
176606
01:09:38
176605
01:09:39
176605
01:09:40
176604
01:09:41
176600
01:09:42
176597
01:09:43
176596
01:09:44
176597
01:09:45
176596
01:09:46
176596
01:09:47
176597
01:09:48
176595
01:09:49
176595
01:09:50
176595
01:09:51
176596
01:09:52
176592
01:09:53
176593
01:09:54
176592
01:09:55
176592
01:09:56
176591
01:09:57
176593
01:09:58
176591
01:09:59
176588
01:10:00
176588
01:10:01
176585
01:10:02
176583
01:10:03
176582
01:10:04
176580
01:10:05
176581
01:10:06
176580
01:10:07
176579
01:10:08
176578
01:10:09
176577
01:10:10
176576
01:10:11
176572
01:10:12
176572
01:10:13
176571
01:10:14
176570
01:10:15
176570
01:10:16
176570
01:10:17
176570
01:10:18
176570
01:10:19
176568
01:10:20
176567
01:10:21
176558
01:10:22
176563
01:10:23
176562
01:10:24
176559
01:10:25
176560
01:10:26
176559
01:10:27
176558
01:10:28
176557
01:10:29
176558
01:10:30
176556
01:10:31
176555
01:10:32
176554
01:10:33
176553
01:10:34
176552
01:10:35
176550
01:10:36
176551
01:10:37
176549
01:10:38
176546
01:10:39
176547
01:10:40
176546
01:10:41
176545
01:10:42
176541
01:10:43
176539
01:10:44
176538
01:10:45
176537
01:10:46
176537
01:10:47
176534
01:10:48
176534
01:10:49
176531
01:10:50
176531
01:10:51
176531
01:10:52
176528
01:10:53
176528
01:10:54
176526
01:10:55
176526
01:10:56
176526
01:10:57
176525
01:10:58
176525
01:10:59
176525
01:11:00
176523
01:11:01
176522
01:11:02
176521
01:11:03
176522
01:11:04
176521
01:11:05
176519
01:11:06
176519
01:11:07
176520
01:11:08
176519
01:11:09
176517
01:11:10
176519
01:11:11
176517
01:11:12
176517
01:11:13
176515
01:11:14
176513
01:11:15
176513
01:11:16
176512
01:11:17
176512
01:11:18
176510
01:11:19
176509
01:11:20
176511
01:11:21
176509
01:11:22
176508
01:11:23
176507
01:11:24
176503
01:11:25
176502
01:11:26
176502
01:11:27
176501
01:11:28
176502
01:11:29
176498
01:11:30
176501
01:11:31
176500
01:11:32
176498
01:11:33
176493
01:11:34
176493
01:11:35
176494
01:11:36
176490
01:11:37
176491
01:11:38
176490
01:11:39
176488
01:11:40
176487
01:11:41
176484
01:11:42
176483
01:11:43
176479
01:11:44
176478
01:11:45
176476
01:11:46
176476
01:11:47
176474
01:11:48
176476
01:11:49
176472
01:11:50
176472
01:11:51
176472
01:11:52
176470
01:11:53
176466
01:11:54
176465
01:11:55
176463
01:11:56
176462
01:11:57
176462
01:11:58
176462
01:11:59
176461
01:12:00
176458
01:12:01
176456
01:12:02
176452
01:12:03
176455
01:12:04
178505
01:12:05
183574
01:12:06
183575
01:12:07
183575
01:12:08
183575
01:12:09
183574
01:12:10
183575
01:12:11
183575
01:12:12
183576
01:12:13
183576
01:12:14
183576
01:12:15
183575
01:12:16
183575
01:12:17
183575
01:12:18
183575
01:12:19
183574
01:12:20
183574
01:12:21
183573
01:12:22
183573
01:12:23
183573
01:12:24
183574
01:12:25
183570
01:12:26
183572
01:12:27
183573
01:12:28
183573
01:12:29
183573
01:12:30
183573
01:12:31
183573
01:12:32
183574
01:12:33
183574
01:12:34
183574
01:12:35
183575
01:12:36
183574
01:12:37
183572
01:12:38
183573
01:12:39
183572
01:12:40
183572
01:12:41
183573
01:12:42
183572
01:12:43
183572
01:12:44
183571
01:12:45
183572
01:12:46
183572
01:12:47
183572
01:12:48
183572
01:12:49
183572
01:12:50
183572
01:12:51
183572
01:12:52
183572
01:12:53
183572
01:12:54
183572
01:12:55
183572
01:12:56
183572
01:12:57
183572
01:12:58
183572
01:12:59
183572
01:13:00
183573
01:13:01
183572
01:13:02
183572
01:13:03
183572
01:13:04
183573
01:13:05
183574
01:13:06
183574
01:13:07
183574
01:13:08
183573
01:13:09
183573
01:13:10
183573
01:13:11
183573
01:13:12
183572
01:13:13
183572
01:13:14
183572
01:13:15
183573
01:13:16
183572
01:13:17
183571
01:13:18
183572
01:13:20
183572
01:13:21
183572
01:13:22
183572
01:13:23
183573
01:13:24
183573
01:13:25
183573
01:13:26
183574
