10:02:24
165489
10:02:25
165488
10:02:26
165488
10:02:27
165487
10:02:28
165487
10:02:29
165487
10:02:30
165488
10:02:31
165486
10:02:32
165486
10:02:33
165486
10:02:34
165488
10:04:31
174427
10:04:32
174428
10:04:33
174428
10:04:34
174428
10:04:35
174428
10:04:36
174378
10:04:37
174387
10:04:38
174331
10:04:39
174201
10:04:40
173947
10:04:41
173820
10:04:42
173681
10:04:43
173625
10:04:44
173549
10:04:45
173456
10:04:46
173455
10:04:47
173281
10:04:48
172628
10:04:49
171253
10:04:50
169747
10:04:51
169786
10:04:52
168372
10:04:53
165174
10:04:54
165406
10:04:55
165003
10:04:56
164110
10:04:57
163217
10:04:58
161533
10:04:59
159665
10:05:00
158121
10:05:01
157992
10:05:02
157933
10:05:03
156931
10:05:04
155725
10:05:05
155048
10:05:06
154504
10:05:07
154290
10:05:08
153978
10:05:09
153906
10:05:10
153781
10:05:11
153545
10:05:12
153505
10:05:13
153399
10:05:14
153365
10:05:15
153406
10:05:16
153247
10:05:17
153129
10:05:18
153168
10:05:19
153118
10:05:20
153204
10:05:21
153192
10:05:22
153212
10:05:23
153219
10:05:24
153767
10:05:25
155785
10:05:26
156118
10:05:27
156111
10:05:28
156106
10:05:29
156100
10:05:30
156098
10:05:31
156095
10:05:32
156090
10:05:33
156087
10:05:34
156084
10:05:35
156086
10:05:36
156087
10:05:37
156086
10:05:38
156085
10:05:39
156086
10:05:40
156084
10:05:41
156083
10:05:42
156079
10:05:43
156078
10:05:44
156076
10:05:45
156076
10:05:46
156076
10:05:47
156076
10:05:48
156077
10:05:49
156077
10:05:50
156078
10:05:51
156079
10:05:52
156080
10:05:53
156079
10:05:54
156075
10:05:55
156074
10:05:56
156074
10:05:57
156073
10:05:58
156075
10:05:59
156074
10:06:00
156073
10:06:01
156073
10:06:02
156071
10:06:03
156071
10:06:04
156070
10:06:05
156074
10:06:06
156071
10:06:07
156070
10:06:08
156070
10:06:09
156071
10:06:10
156067
10:06:11
156064
10:06:12
156063
10:06:13
156908
10:06:14
156897
10:06:15
158369
10:06:16
159014
10:06:17
159014
10:06:18
158928
10:06:19
159900
10:06:20
161797
10:06:21
161992
10:06:22
173246
10:06:23
173223
10:06:24
173115
10:06:25
173051
10:06:26
172996
10:06:27
172483
10:06:28
171838
10:06:29
171239
10:06:30
170074
10:06:31
168689
10:06:32
170518
10:06:33
170117
10:06:34
168747
10:06:35
165980
10:06:36
164048
10:06:37
162685
10:06:39
162257
10:06:40
163039
10:06:41
162558
10:06:42
162080
10:06:43
161661
10:06:44
159674
10:06:45
158224
10:06:46
157060
10:06:47
157093
10:06:48
156104
10:06:49
154991
10:06:50
154236
10:06:51
153684
10:06:52
152659
10:06:53
152233
10:06:54
151307
10:06:55
152345
10:06:56
152249
10:06:57
152073
10:06:58
152686
10:06:59
152265
10:07:00
151925
10:07:01
151790
10:07:02
151639
10:07:03
151531
10:07:04
151603
10:07:05
153225
10:07:06
153046
10:07:07
153020
10:07:08
152995
10:07:09
152983
10:07:10
152990
10:07:11
152988
10:07:12
152999
10:07:13
153009
10:07:14
152891
10:07:15
152868
10:07:16
152847
10:07:17
152843
10:07:18
152882
10:07:19
153386
10:07:20
153870
10:07:21
153869
10:07:22
153868
10:07:23
153866
10:07:24
153867
10:07:25
153863
10:07:26
153861
10:07:27
153861
10:07:28
153859
10:07:29
153863
10:07:30
153863
10:07:31
153862
10:07:32
153863
10:07:33
153862
10:07:34
153860
10:07:35
153855
10:07:36
153854
10:07:37
153855
10:07:38
153856
10:07:39
153856
10:07:40
153857
10:07:41
153864
10:07:42
153862
10:07:43
153861
10:07:44
153862
10:07:45
153859
10:07:46
153859
10:07:47
153859
10:07:48
153858
10:07:49
153858
10:07:50
153859
10:07:51
156084
10:07:52
156080
10:07:53
161067
10:07:54
161068
10:07:55
160996
10:07:56
160932
10:07:57
160915
10:07:58
161219
10:07:59
161209
10:08:00
161196
10:08:01
163340
10:08:02
163301
10:08:03
168870
10:08:04
168871
10:08:05
168807
10:08:06
168687
10:08:07
168390
10:08:08
168062
10:08:09
167777
10:08:10
167448
10:08:11
167721
10:08:12
167126
10:08:13
166824
10:08:14
166461
10:08:15
166418
10:08:16
169715
10:08:17
169602
10:08:18
169300
10:08:19
168857
10:08:20
168504
10:08:21
167935
10:08:22
167729
10:08:23
167460
10:08:24
166841
10:08:25
166960
10:08:26
166690
10:08:27
167220
10:08:28
167218
10:08:29
167165
10:08:30
167033
10:08:31
165924
10:08:32
164423
10:08:33
163320
10:08:34
163021
10:08:35
162751
10:08:36
161676
10:08:37
161340
10:08:38
160792
10:08:39
161169
10:08:40
160956
10:08:41
161245
10:08:42
160649
10:08:43
159666
10:08:44
158816
10:08:45
158476
10:08:46
158266
10:08:47
158182
10:08:48
158115
10:08:49
157947
10:08:50
157884
10:08:51
157825
10:08:52
157870
10:08:53
157992
10:08:54
159370
10:08:55
159267
10:08:56
159233
10:08:57
159564
10:08:58
159891
10:08:59
159908
10:09:00
159881
10:09:01
159845
10:09:02
159860
10:09:03
159844
10:09:04
159927
10:09:05
159919
10:09:06
159968
10:09:07
159846
10:09:08
159965
10:09:09
159825
10:09:10
160467
10:09:11
160520
10:09:12
160516
10:09:13
160515
10:09:14
160514
10:09:15
160508
10:09:16
160507
10:09:17
160502
10:09:18
160502
10:09:19
160502
10:09:20
160502
10:09:21
160503
10:09:22
160503
10:09:23
160504
10:09:24
160504
10:09:25
160502
10:09:26
160501
10:09:27
160500
10:09:28
160500
10:09:29
160501
10:09:30
160502
10:09:31
160501
10:09:32
160503
10:09:33
160503
10:09:34
160503
10:09:35
160501
10:09:36
160501
10:09:37
160498
10:09:38
161347
10:09:40
161347
10:09:41
163605
10:09:42
163603
10:09:43
163526
10:09:44
163466
10:09:45
163452
10:09:46
163397
10:09:47
163380
10:09:48
163361
10:09:49
163344
10:09:50
163316
10:09:51
163315
10:09:52
165476
10:09:53
165476
10:09:54
165280
10:09:55
164987
10:09:56
164695
10:09:57
164120
10:09:58
165701
10:09:59
165009
10:10:00
163635
10:10:01
163392
10:10:02
163307
10:10:03
163238
10:10:04
163185
10:10:05
163092
10:10:06
163018
10:10:07
163077
10:10:08
162915
10:10:09
162958
10:10:10
162859
10:10:11
162851
10:10:12
162854
10:10:13
162850
10:10:14
162842
10:10:15
162892
10:10:16
162893
10:10:17
162843
10:10:18
162866
10:10:19
162813
10:10:20
162841
10:10:21
162873
10:10:22
162915
10:10:23
162819
10:10:24
163538
10:10:25
163534
10:10:26
163529
10:10:27
163525
10:10:28
163523
10:10:29
163518
10:10:30
163519
10:10:31
163519
10:10:32
163518
10:10:33
163517
10:10:34
163515
10:10:35
163517
10:10:36
163517
10:10:37
163514
10:10:38
163514
10:10:39
163512
10:10:40
163513
10:10:41
163515
10:10:42
163514
10:10:43
163519
10:10:44
163518
10:10:45
163518
10:10:46
163519
10:10:47
163519
10:10:48
163519
10:10:49
163520
10:10:50
163519
10:10:51
163520
10:10:52
163520
10:10:53
163524
10:10:54
163525
10:10:55
163526
10:10:56
163526
10:10:57
163525
10:10:58
163525
10:10:59
163526
10:11:00
163525
10:11:01
163528
10:11:02
163526
10:11:03
163527
10:11:04
163526
10:11:05
163526
10:11:06
164378
10:11:07
164378
10:11:08
164379
10:11:09
164379
10:11:10
164377
10:11:11
164378
10:11:12
164378
10:11:13
164379
10:11:14
164377
10:11:15
164376
10:11:16
164375
10:11:17
164376
10:11:18
164375
10:11:19
164375
10:11:20
164373
10:11:21
164374
10:11:22
164373
10:11:23
164373
10:11:24
164373
10:11:25
164373
10:11:26
164373
10:11:27
164374
10:11:28
164373
10:11:29
164374
10:11:30
164373
10:11:31
164373
10:11:32
164374
10:11:33
164374
10:11:34
164376
10:11:35
164369
10:11:36
167563
10:11:37
168683
10:11:38
168552
10:11:39
168434
10:11:40
168376
10:11:41
168371
10:11:42
168372
10:11:43
168373
10:11:44
168374
10:11:45
168374
10:11:46
168373
10:11:47
168370
10:11:48
168371
10:11:49
168372
10:11:50
168372
10:11:51
168371
10:11:52
168371
10:11:53
168374
10:11:54
168374
10:11:55
168374
10:11:56
168374
10:11:57
168373
10:11:58
168724
10:11:59
168725
10:12:00
168726
10:12:01
168725
10:12:02
168725
10:12:03
168732
10:12:04
168732
10:12:05
168731
10:12:06
168732
10:12:07
168731
10:12:08
168730
10:12:09
168731
10:12:10
168731
10:12:11
168730
10:12:12
168730
10:12:13
168731
10:12:14
168733
10:12:15
168734
10:12:16
168734
10:12:17
168731
10:12:18
168731
10:12:19
168731
10:12:20
168732
10:12:21
168730
10:12:22
168732
10:12:23
168732
10:12:24
168733
10:12:25
168734
10:12:26
168733
10:12:27
168731
10:12:28
168731
10:12:29
168732
10:12:30
168732
10:12:31
168732
10:12:32
168731
10:12:33
168731
10:12:34
168732
10:12:35
168732
10:12:36
168733
10:12:37
168732
10:12:38
168732
10:12:39
168733
10:12:40
168732
10:12:41
168732
10:12:42
168731
10:12:43
168732
10:12:44
168732
10:12:45
168733
10:12:46
168733
10:12:47
168732
10:12:48
168732
10:12:49
168732
10:12:50
168731
10:12:51
168731
10:12:52
168733
10:12:53
168732
10:12:54
168732
10:12:55
168733
10:12:56
168734
10:12:57
168733
10:12:58
168733
10:12:59
168732
10:13:00
168732
10:13:01
168732
10:13:02
168732
10:13:03
168730
10:13:04
168730
10:13:05
168732
10:13:06
168733
10:13:07
168732
10:13:08
168732
10:13:09
168732
10:13:10
168732
10:13:11
168732
10:13:12
168733
10:13:13
168731
10:13:14
168732
10:13:15
168734
10:13:16
168734
10:13:17
168730
10:13:18
168730
10:13:19
168731
10:13:20
168732
10:13:21
168732
10:13:22
168732
10:13:23
168732
10:13:24
168732
10:13:25
168732
10:13:26
168732
10:13:27
168731
10:13:28
168731
10:13:29
168731
10:13:30
168731
10:13:31
168731
10:13:32
168731
10:13:33
168730
10:13:34
168729
10:13:35
168731
10:13:36
168732
10:13:37
168730
10:13:38
168730
10:13:39
168731
10:13:40
168731
10:13:41
168731
10:13:42
168731
10:13:43
168730
10:13:44
168731
