00:55:49
183458
00:55:50
183460
00:55:51
183460
00:55:52
183460
00:55:53
183460
00:55:54
183460
00:55:55
183460
00:55:56
183461
00:55:57
183461
00:55:58
183462
00:55:59
183462
00:56:00
183462
00:56:01
183462
00:56:02
183461
00:56:03
183461
00:56:04
183461
00:56:05
183461
00:56:06
183460
00:56:07
183461
00:56:08
183461
00:56:09
183462
00:56:10
183461
00:56:11
183461
00:56:12
183461
00:56:13
183462
00:56:14
183462
00:56:15
183463
00:56:16
183462
00:56:17
183463
00:56:18
183462
00:56:19
183462
00:56:20
183462
00:56:21
183462
00:56:22
183463
00:56:23
183462
00:56:24
183462
00:56:25
183460
00:56:26
183460
00:56:27
183459
00:56:28
183459
00:56:30
183459
00:56:31
183460
00:56:32
183461
00:56:33
183461
00:56:34
183461
00:56:35
182664
00:56:36
181977
00:56:37
183034
00:56:38
183212
00:56:39
183212
00:56:40
183211
00:56:41
183196
00:56:42
183211
00:56:43
183211
00:56:44
183191
00:56:45
183178
00:56:46
183156
00:56:47
183144
00:56:48
183132
00:56:49
183114
00:56:50
183073
00:56:51
183074
00:56:52
183073
00:56:53
183072
00:56:54
183073
00:56:55
182922
00:56:56
182517
00:56:57
182127
00:56:58
181740
00:56:59
181335
00:57:00
180410
00:57:01
181069
00:57:02
181525
00:57:03
180940
00:57:04
179124
00:57:05
178162
00:57:06
177607
00:57:07
177397
00:57:08
177345
00:57:09
177238
00:57:10
177209
00:57:11
177180
00:57:12
177173
00:57:13
177173
00:57:14
177167
00:57:15
177144
00:57:16
177149
00:57:17
177184
00:57:18
177103
00:57:19
177166
00:57:20
177140
00:57:21
177145
00:57:22
177178
00:57:23
177143
00:57:24
177125
00:57:25
177166
00:57:26
177152
00:57:27
177115
00:57:28
177147
00:57:29
177084
00:57:30
177135
00:57:31
177079
00:57:32
177122
00:57:33
177113
00:57:34
177096
00:57:35
177072
00:57:36
177024
00:57:37
177079
00:57:38
177040
00:57:39
177051
00:57:40
177013
00:57:41
177025
00:57:42
177012
00:57:43
176974
00:57:44
176940
00:57:45
176992
00:57:46
176989
00:57:47
176966
00:57:48
176925
00:57:49
176903
00:57:50
176925
00:57:51
176875
00:57:52
176931
00:57:53
176908
00:57:54
176876
00:57:55
176864
00:57:56
176872
00:57:57
176842
00:57:58
176830
00:57:59
176796
00:58:00
176835
00:58:01
176822
00:58:02
176798
00:58:03
176822
00:58:04
176826
00:58:05
176839
00:58:06
176336
00:58:07
177947
00:58:08
177943
00:58:09
177942
00:58:10
177942
00:58:11
177943
00:58:12
177943
00:58:13
177940
00:58:14
177941
00:58:15
177941
00:58:16
177941
00:58:17
177941
00:58:18
177940
00:58:19
177941
00:58:20
177468
00:58:21
177464
00:58:22
177464
00:58:23
177500
00:58:24
177467
00:58:25
177438
00:58:26
177411
00:58:27
177388
00:58:28
177370
00:58:29
177366
00:58:30
177360
00:58:31
177355
00:58:32
177351
00:58:33
177344
00:58:34
177341
00:58:35
177335
00:58:36
177334
00:58:37
177329
00:58:38
177328
00:58:39
177326
00:58:40
177322
00:58:41
177321
00:58:42
177321
00:58:43
177318
00:58:44
177314
00:58:45
177311
00:58:46
177309
00:58:47
177308
00:58:48
177307
00:58:49
177307
00:58:50
177306
00:58:51
177306
00:58:52
177304
00:58:53
177303
00:58:54
177300
00:58:55
177300
00:58:56
177297
00:58:57
177295
00:58:58
177295
00:58:59
177295
00:59:00
177291
00:59:01
177289
00:59:02
177289
00:59:03
177286
00:59:04
177283
00:59:05
177282
00:59:06
177282
00:59:07
177281
00:59:08
177279
00:59:09
177276
00:59:10
177278
00:59:11
177279
00:59:12
177277
00:59:13
177276
00:59:14
177275
00:59:15
177271
00:59:16
177270
00:59:17
177270
00:59:18
177272
00:59:19
177272
00:59:20
177269
00:59:21
177264
00:59:22
177265
00:59:23
177263
00:59:24
177262
00:59:25
177259
00:59:26
177260
00:59:27
177261
00:59:28
177258
00:59:29
177256
00:59:30
177254
00:59:31
177251
00:59:32
177250
00:59:33
177248
00:59:34
177248
00:59:35
177250
00:59:36
177246
00:59:37
177245
00:59:38
177246
00:59:39
177243
00:59:40
177245
00:59:41
177242
00:59:42
177241
00:59:43
177240
00:59:44
177241
00:59:45
177243
00:59:46
177241
00:59:47
177239
00:59:48
177239
00:59:49
177237
00:59:50
177237
00:59:51
177236
00:59:52
177237
00:59:53
177233
00:59:54
177234
00:59:55
177232
00:59:56
177233
00:59:57
177231
00:59:58
177231
00:59:59
177229
01:00:00
177227
01:00:01
177228
01:00:02
177227
01:00:03
177227
01:00:04
177225
01:00:05
177224
01:00:06
177223
01:00:07
177222
01:00:08
177220
01:00:09
177221
01:00:10
177221
01:00:11
177219
01:00:12
177218
01:00:13
177216
01:00:14
177219
01:00:15
177217
01:00:16
177216
01:00:17
177216
01:00:18
177215
01:00:19
177215
01:00:20
177216
01:00:21
177216
01:00:22
177215
01:00:23
177214
01:00:24
177213
01:00:25
177211
01:00:26
177211
01:00:27
177210
01:00:28
177208
01:00:29
177208
01:00:30
177207
01:00:31
177207
01:00:32
177205
01:00:33
177203
01:00:35
177202
01:00:36
177201
01:00:37
177199
01:00:38
177197
01:00:39
177197
01:00:40
177198
01:00:41
177196
01:00:42
177197
01:00:43
177196
01:00:44
177194
01:00:45
177194
01:00:46
177192
01:00:47
177176
01:00:48
177191
01:00:49
177190
01:00:50
177189
01:00:51
177191
01:00:52
177188
01:00:53
177189
01:00:54
177188
01:00:55
177187
01:00:56
177185
01:00:57
177187
01:00:58
177184
01:00:59
177185
01:01:00
177183
01:01:01
177185
01:01:02
177180
01:01:03
177180
01:01:04
177179
01:01:05
177179
01:01:06
177176
01:01:07
177178
01:01:08
177174
01:01:09
177175
01:01:10
177173
01:01:11
177173
01:01:12
177171
01:01:13
177168
01:01:14
177168
01:01:15
177167
01:01:16
177166
01:01:17
177164
01:01:18
177165
01:01:19
177165
01:01:20
177165
01:01:21
177165
01:01:22
177163
01:01:23
177162
01:01:24
177161
01:01:25
177158
01:01:26
177161
01:01:27
177158
01:01:28
177157
01:01:29
177156
01:01:30
177155
01:01:31
177155
01:01:32
177154
01:01:33
177154
01:01:34
177155
01:01:35
177153
01:01:36
177151
01:01:37
177150
01:01:38
177147
01:01:39
177150
01:01:40
177146
01:01:41
177147
01:01:42
177148
01:01:43
177145
01:01:44
177148
01:01:45
177147
01:01:46
177147
01:01:47
177147
01:01:48
177146
01:01:49
177146
01:01:50
177148
01:01:51
177145
01:01:52
177145
01:01:53
177142
01:01:54
177143
01:01:55
177143
01:01:56
177142
01:01:57
177142
01:01:58
177141
01:01:59
177142
01:02:00
177138
01:02:01
177137
01:02:02
177137
01:02:03
177134
01:02:04
177133
01:02:05
177134
01:02:06
177133
01:02:07
177133
01:02:08
177132
01:02:09
177131
01:02:10
177132
01:02:11
177132
01:02:12
177129
01:02:13
177129
01:02:14
177126
01:02:15
177128
01:02:16
177125
01:02:17
177125
01:02:18
177126
01:02:19
177123
01:02:20
177125
01:02:21
177125
01:02:22
177126
01:02:23
177124
01:02:24
177124
01:02:25
177125
01:02:26
177123
01:02:27
177124
01:02:28
177123
01:02:29
177123
01:02:30
177121
01:02:31
177121
01:02:32
177120
01:02:33
177121
01:02:34
177121
01:02:35
177120
01:02:36
177117
01:02:37
177121
01:02:38
177118
01:02:39
177116
01:02:40
177113
01:02:41
177114
01:02:42
177115
01:02:43
177113
01:02:44
177113
01:02:45
177109
01:02:46
177108
01:02:47
177109
01:02:48
177108
01:02:49
177108
01:02:50
177106
01:02:51
177105
01:02:52
177108
01:02:53
177105
01:02:54
177106
01:02:55
177102
01:02:56
177102
01:02:57
177101
01:02:58
177099
01:02:59
177099
01:03:00
177098
01:03:01
177099
01:03:02
177097
01:03:03
177097
01:03:04
177097
01:03:05
177094
01:03:06
177094
01:03:07
177092
01:03:08
177093
01:03:09
177091
01:03:10
177088
01:03:11
177086
01:03:12
177088
01:03:13
177086
01:03:14
177085
01:03:15
177082
01:03:16
177083
01:03:17
177084
01:03:18
177086
01:03:19
177086
01:03:20
177082
01:03:21
177082
01:03:22
177080
01:03:23
177081
01:03:24
177081
01:03:25
177082
01:03:26
177081
01:03:27
177077
01:03:28
177077
01:03:29
177070
01:03:30
177068
01:03:31
177068
01:03:32
177067
01:03:33
177068
01:03:34
177068
01:03:35
177067
01:03:36
177064
01:03:37
177066
01:03:38
177065
01:03:39
177066
01:03:40
177065
01:03:41
177065
01:03:42
177062
01:03:43
177062
01:03:44
177063
01:03:45
177060
01:03:46
177060
01:03:47
177059
01:03:48
177058
01:03:49
177058
01:03:50
177055
01:03:51
177055
01:03:52
177055
01:03:53
177055
01:03:54
177055
01:03:55
177058
01:03:56
177054
01:03:57
177051
01:03:58
177051
01:03:59
177049
01:04:00
177050
01:04:01
177047
01:04:02
177049
01:04:03
177046
01:04:04
177046
01:04:05
177045
01:04:06
177043
01:04:07
177045
01:04:08
177042
01:04:09
177040
01:04:10
177041
01:04:11
177037
01:04:12
177036
01:04:13
177036
01:04:14
177035
01:04:15
177033
01:04:16
177033
01:04:17
177032
01:04:18
177030
01:04:19
177030
01:04:20
177030
01:04:21
177029
01:04:22
177029
01:04:23
177028
01:04:24
177030
01:04:25
177028
01:04:26
177027
01:04:27
177025
01:04:28
177024
01:04:29
177022
01:04:30
177023
01:04:31
177021
01:04:32
177023
01:04:33
177021
01:04:34
177021
01:04:35
177021
01:04:36
177019
01:04:37
177019
01:04:38
177017
01:04:39
177016
01:04:40
177016
01:04:41
177015
01:04:42
177013
01:04:43
177013
01:04:44
177007
01:04:45
177003
01:04:46
176998
01:04:47
176992
01:04:48
176988
01:04:49
176985
01:04:50
176986
01:04:51
176985
01:04:53
176979
01:04:54
176982
01:04:55
176982
01:04:56
176983
01:04:57
176982
01:04:58
176981
01:04:59
176980
01:05:00
176981
01:05:01
176980
01:05:02
176979
01:05:03
176977
01:05:04
176978
01:05:05
176978
01:05:06
176979
01:05:07
176978
01:05:08
176979
01:05:09
176975
01:05:10
176972
01:05:11
176972
01:05:12
176971
01:05:13
176972
01:05:14
176971
01:05:15
176972
01:05:16
176969
01:05:17
176967
01:05:18
176966
01:05:19
176964
01:05:20
176966
01:05:21
176965
01:05:22
176963
01:05:23
176960
01:05:24
176959
01:05:25
176960
01:05:26
176959
01:05:27
176959
01:05:28
176958
01:05:29
176959
01:05:30
176960
01:05:31
176958
01:05:32
176959
01:05:33
176957
01:05:34
176954
01:05:35
176955
01:05:36
176953
01:05:37
176954
01:05:38
176954
01:05:39
176950
01:05:40
176948
01:05:41
176947
01:05:42
176947
01:05:43
176947
01:05:44
176945
01:05:45
176947
01:05:46
176945
01:05:47
176947
01:05:48
176947
01:05:49
176946
01:05:50
176945
01:05:51
176944
01:05:52
176946
01:05:53
176946
01:05:54
176946
01:05:55
176945
01:05:56
176944
01:05:57
176944
01:05:58
176944
01:05:59
176945
01:06:00
176945
01:06:01
176946
01:06:02
176943
01:06:03
176944
01:06:04
176944
01:06:05
176942
01:06:06
176941
01:06:07
176941
01:06:08
176941
01:06:09
176943
01:06:10
176941
01:06:11
176940
01:06:12
176942
01:06:13
176941
01:06:14
176939
01:06:15
176939
01:06:16
176936
01:06:17
176938
01:06:18
176937
01:06:19
176938
01:06:20
176937
01:06:21
176935
01:06:22
176934
01:06:23
176935
01:06:24
176935
01:06:25
176931
01:06:26
176930
01:06:27
176927
01:06:28
176927
01:06:29
176926
01:06:30
176923
01:06:31
176926
01:06:32
176921
01:06:33
176921
01:06:34
176922
01:06:35
176919
01:06:36
176919
01:06:37
176918
01:06:38
176918
01:06:39
176919
01:06:40
176919
01:06:41
176916
01:06:42
176914
01:06:43
176914
01:06:44
176914
01:06:45
176912
01:06:46
176912
01:06:47
176913
01:06:48
176912
01:06:49
176910
01:06:50
176910
01:06:51
176907
01:06:52
176908
01:06:53
176907
01:06:54
176905
01:06:55
176905
01:06:56
176905
01:06:57
176904
01:06:58
176903
01:06:59
176902
01:07:00
176899
01:07:01
176900
01:07:02
176902
01:07:03
176901
01:07:04
176900
01:07:05
176900
01:07:06
176898
01:07:07
176894
01:07:08
176895
01:07:09
176894
01:07:10
176893
01:07:11
176890
01:07:12
176892
01:07:13
176890
01:07:14
176889
01:07:15
176890
01:07:16
176886
01:07:17
176890
01:07:18
176888
01:07:19
176888
01:07:20
176889
01:07:21
176885
01:07:22
176886
01:07:23
176888
01:07:24
176889
01:07:25
176887
01:07:26
176887
01:07:27
176890
01:07:28
176888
01:07:29
176886
01:07:30
176885
01:07:31
176888
01:07:32
176887
01:07:33
176888
01:07:34
176886
01:07:35
176884
01:07:36
176885
01:07:37
176881
01:07:38
176880
01:07:39
176880
01:07:40
176878
01:07:41
176877
01:07:42
176876
01:07:43
176874
01:07:44
176878
01:07:45
176876
01:07:46
176875
01:07:47
176871
01:07:48
176873
01:07:49
176873
01:07:50
176871
01:07:51
176872
01:07:52
176871
01:07:53
176871
01:07:54
176868
01:07:55
176870
01:07:56
176869
01:07:57
176868
01:07:58
176869
01:07:59
176870
01:08:00
176865
01:08:01
176865
01:08:02
176863
01:08:03
176864
01:08:04
176863
01:08:05
176862
01:08:06
176861
01:08:07
176857
01:08:08
176857
01:08:09
176857
01:08:10
176856
01:08:11
176857
01:08:12
176853
01:08:13
176856
01:08:14
176855
01:08:15
176854
01:08:16
176853
01:08:17
176854
01:08:18
176853
01:08:19
176851
01:08:20
176849
01:08:21
176849
01:08:22
176848
01:08:23
176847
01:08:24
176847
01:08:25
176845
01:08:26
176845
01:08:27
176848
01:08:28
176844
01:08:29
176842
01:08:30
176843
01:08:31
176840
01:08:32
176840
01:08:33
176839
01:08:34
176827
01:08:35
176825
01:08:36
176825
01:08:37
176825
01:08:38
176822
01:08:39
176825
01:08:40
176824
01:08:41
176822
01:08:42
176821
01:08:43
176820
01:08:44
176820
01:08:45
176820
01:08:46
176817
01:08:47
176816
01:08:48
176814
01:08:49
176815
01:08:50
176816
01:08:51
176816
01:08:52
176816
01:08:53
176813
01:08:54
176813
01:08:55
176812
01:08:56
176811
01:08:57
176812
01:08:58
176811
01:08:59
176810
01:09:00
176810
01:09:01
176810
01:09:02
176808
01:09:03
176810
01:09:04
176811
01:09:05
176807
01:09:06
176806
01:09:07
176806
01:09:08
176805
01:09:09
176804
01:09:10
176804
01:09:11
176798
01:09:13
176796
01:09:14
176796
01:09:15
176794
01:09:16
176791
01:09:17
176793
01:09:18
176791
01:09:19
176789
01:09:20
176788
01:09:21
176789
01:09:22
176787
01:09:23
176788
01:09:24
176785
01:09:25
176786
01:09:26
176784
01:09:27
176784
01:09:28
176784
01:09:29
176783
01:09:30
176781
01:09:31
176781
01:09:32
176779
01:09:33
176727
01:09:34
176726
01:09:35
176724
01:09:36
176723
01:09:37
176723
01:09:38
176724
01:09:39
176722
01:09:40
176719
01:09:41
176721
01:09:42
176721
01:09:43
176721
01:09:44
176718
01:09:45
176717
01:09:46
176717
01:09:47
176717
01:09:48
176716
01:09:49
176714
01:09:50
176714
01:09:51
176716
01:09:52
176713
01:09:53
176715
01:09:54
176714
01:09:55
176714
01:09:56
176711
01:09:57
176710
01:09:58
176710
01:09:59
176711
01:10:00
176710
01:10:01
176712
01:10:02
176712
01:10:03
176711
01:10:04
176710
01:10:05
176709
01:10:06
176708
01:10:07
176709
01:10:08
176708
01:10:09
176706
01:10:10
176708
01:10:11
176706
01:10:12
176707
01:10:13
176708
01:10:14
176705
01:10:15
176704
01:10:16
176705
01:10:17
176704
01:10:18
176705
01:10:19
176703
01:10:20
176705
01:10:21
176702
01:10:22
176702
01:10:23
176702
01:10:24
176701
01:10:25
176700
01:10:26
176698
01:10:27
176697
01:10:28
176696
01:10:29
176695
01:10:30
176694
01:10:31
176694
01:10:32
176697
01:10:33
176696
01:10:34
176693
01:10:35
176693
01:10:36
176690
01:10:37
176691
01:10:38
176689
01:10:39
176688
01:10:40
176688
01:10:41
176688
01:10:42
176689
01:10:43
176688
01:10:44
176686
01:10:45
176685
01:10:46
176683
01:10:47
176684
01:10:48
176686
01:10:49
176685
01:10:50
176686
01:10:51
176685
01:10:52
176685
01:10:53
176684
01:10:54
176686
01:10:55
176681
01:10:56
176682
01:10:57
176680
01:10:58
176681
01:10:59
176679
01:11:00
176678
01:11:01
176678
01:11:02
176678
01:11:03
176677
01:11:04
176676
01:11:05
176675
01:11:06
176673
01:11:07
176669
01:11:08
176674
01:11:09
176672
01:11:10
176672
01:11:11
176671
01:11:12
176670
01:11:13
176669
01:11:14
176667
01:11:15
176666
01:11:16
176667
01:11:17
176662
01:11:18
176663
01:11:19
176661
01:11:20
176659
01:11:21
176658
01:11:22
176653
01:11:23
176657
01:11:24
176657
01:11:25
176657
01:11:26
176656
01:11:27
176654
01:11:28
176654
01:11:29
176656
01:11:30
176653
01:11:31
176653
01:11:32
176653
01:11:33
176652
01:11:34
176650
01:11:35
176649
01:11:36
176648
01:11:37
176649
01:11:38
176649
01:11:39
176648
01:11:40
176649
01:11:41
176647
01:11:42
176648
01:11:43
176647
01:11:44
176646
01:11:45
176646
01:11:46
176647
01:11:47
176647
01:11:48
176644
01:11:49
176646
01:11:50
176644
01:11:51
176643
01:11:52
176643
01:11:53
176644
01:11:54
176640
01:11:55
176640
01:11:56
176640
01:11:57
176639
01:11:58
176641
01:11:59
176638
01:12:00
176637
01:12:01
176635
01:12:02
176634
01:12:03
176632
01:12:04
180744
01:12:05
183457
01:12:06
183458
01:12:07
183459
01:12:08
183459
01:12:09
183458
01:12:10
183459
01:12:11
183459
01:12:12
183459
01:12:13
183458
01:12:14
183457
01:12:15
183458
01:12:16
183458
01:12:17
183458
01:12:18
183459
01:12:19
183457
01:12:20
183457
01:12:21
183457
01:12:22
183456
01:12:23
183456
01:12:24
183456
01:12:25
183456
01:12:26
183456
01:12:27
183457
01:12:28
183457
01:12:29
183457
01:12:30
183457
01:12:31
183457
01:12:32
183457
01:12:33
183457
01:12:34
183458
01:12:35
183459
01:12:36
183459
01:12:37
183459
01:12:38
183459
01:12:39
183459
01:12:40
183458
01:12:41
183459
01:12:42
183459
01:12:43
183459
01:12:44
183460
01:12:45
183460
01:12:46
183459
01:12:47
183458
01:12:48
183458
01:12:49
183459
01:12:50
183459
01:12:51
183459
01:12:52
183459
01:12:53
183459
01:12:54
183460
01:12:55
183459
01:12:56
183459
01:12:57
183458
01:12:58
183457
01:12:59
183458
01:13:00
183460
01:13:01
183459
01:13:02
183460
01:13:03
183458
01:13:04
183458
01:13:05
183460
01:13:06
183460
01:13:07
183460
01:13:08
183460
01:13:09
183460
01:13:10
183459
01:13:11
183458
01:13:12
183458
01:13:13
183459
01:13:14
183458
01:13:15
183456
01:13:16
183457
01:13:17
183457
01:13:18
183456
01:13:19
183456
01:13:20
183456
01:13:21
183455
01:13:22
183456
01:13:23
183455
01:13:24
183455
01:13:25
183456
01:13:26
183457
01:13:27
183456
01:13:28
183455
01:13:29
183455
01:13:30
183455
01:13:31
183456
01:13:32
183456
01:13:33
183454
01:13:34
183453
01:13:35
183454
01:13:36
183455
01:13:37
183454
01:13:38
183455
01:13:40
183455
01:13:41
183457
01:13:42
183456
01:13:43
183456
01:13:44
183455
01:13:45
183454
