12:08:24
174329
12:08:25
174329
12:08:26
174329
12:08:27
174329
12:08:28
174329
12:08:30
174329
12:08:31
174329
12:08:32
174327
12:08:33
174329
12:08:34
174328
12:08:35
174328
12:08:36
174328
12:08:37
174328
12:08:38
174328
12:08:39
174327
12:08:40
174328
12:08:41
174328
12:08:42
174327
12:08:43
174327
12:08:44
174327
12:08:45
174327
12:08:46
174326
12:08:47
174326
12:08:48
174326
12:08:49
174327
12:08:50
174327
12:08:51
174327
12:08:52
174325
12:08:53
174327
12:08:54
174327
12:08:55
174327
12:08:56
174327
12:08:57
174327
12:08:58
174327
12:08:59
174327
12:09:00
174328
12:09:01
174327
12:09:02
174326
12:09:03
174327
12:09:04
174326
12:09:05
174327
12:09:06
174326
12:09:07
174325
12:09:08
174326
12:09:09
174326
12:09:10
174326
12:09:11
174326
12:09:12
174326
12:09:13
174328
12:09:14
174328
12:09:15
174327
12:09:16
174326
12:09:17
174325
12:09:18
174326
12:09:19
174326
12:09:20
174326
12:09:21
174326
12:09:22
174327
12:09:23
174326
12:09:24
174326
12:09:25
174325
12:09:26
174325
12:09:27
174324
12:09:28
174324
12:09:29
174324
12:09:30
174325
12:09:31
174325
12:09:32
174325
12:09:33
174324
12:09:34
174325
12:09:35
174325
12:09:36
174325
12:09:37
174324
12:09:38
174323
12:09:39
174324
12:09:40
174324
12:09:41
174324
12:09:42
174325
12:09:43
174324
12:09:44
174324
12:09:45
174324
12:09:46
174324
12:09:47
174324
12:09:48
174324
12:09:49
174324
12:09:50
174324
12:09:51
174324
12:09:52
174324
12:09:53
174323
12:09:54
174323
12:09:55
174324
12:09:56
174324
12:09:57
174324
12:09:58
174324
12:09:59
174324
12:10:00
174324
12:10:01
174324
12:10:02
174324
12:10:03
174325
12:10:04
174324
12:10:05
174325
12:10:06
174324
12:10:07
174323
12:10:08
174323
12:10:09
174323
12:10:10
174324
12:10:11
174323
12:10:12
174324
12:10:13
174324
12:10:14
174322
12:10:15
174323
12:10:16
174324
12:10:17
174322
12:10:18
174323
12:10:19
174323
12:10:20
174324
12:10:21
174324
12:10:22
174323
12:10:23
174323
12:10:24
174321
12:10:25
174321
12:10:26
174321
12:10:27
174320
12:10:28
174320
12:10:29
174320
12:10:30
174320
12:10:31
174320
12:10:32
174320
12:10:33
174320
12:10:34
174316
12:10:35
174319
12:10:36
174319
12:10:37
174318
12:10:38
174320
12:10:39
174320
12:10:40
174321
12:10:41
174321
12:10:42
174321
12:10:43
174321
12:10:44
174318
12:10:45
174320
12:10:46
174320
12:10:47
174320
12:10:48
174320
12:10:49
174320
12:10:50
174321
12:10:51
174320
12:10:52
174320
12:10:53
174320
12:10:54
174320
12:10:55
174319
12:10:56
174320
12:10:57
174320
12:10:58
174320
12:10:59
174320
12:11:00
174320
12:11:01
174321
12:11:02
174322
12:11:03
174322
12:11:04
174322
12:11:05
174320
12:11:06
174321
12:11:07
174321
12:11:08
174321
12:11:09
174321
12:11:10
174322
12:11:11
174322
12:11:12
174322
12:11:13
174323
12:11:14
174323
12:11:15
174320
12:11:16
174321
12:11:17
174326
12:11:18
174325
12:11:19
174325
12:11:20
174326
12:11:21
174325
12:11:22
174324
12:11:23
174324
12:11:24
174324
12:11:25
174320
12:11:26
174322
12:11:27
174323
12:11:28
174323
12:11:29
174323
12:11:30
174323
12:11:31
174323
12:11:32
174323
12:11:33
174322
12:11:34
174323
12:11:35
174323
12:11:36
174322
12:11:37
174325
12:11:38
174324
12:11:39
174323
12:11:40
174325
12:11:41
174326
12:11:42
174326
12:11:43
174326
12:11:44
174326
12:11:45
174326
12:11:46
174324
12:11:47
174325
12:11:48
174326
12:11:49
174325
12:11:50
174326
12:11:51
174325
12:11:52
174324
12:11:53
174324
12:11:54
174324
12:11:55
174324
12:11:56
174323
12:11:57
174322
12:11:58
174322
12:11:59
174322
12:12:00
174322
12:12:01
174323
12:12:02
174322
12:12:03
174322
12:12:04
174322
12:12:05
174322
12:12:06
174319
12:12:07
174319
12:12:08
174318
12:12:09
174318
12:12:10
174319
12:12:11
174319
12:12:12
174319
12:12:13
174319
12:12:14
174320
12:12:15
174321
12:12:16
174319
12:12:17
174319
12:12:18
174320
12:12:19
174320
12:12:20
174320
12:12:21
174321
12:12:22
174321
12:12:23
174321
12:12:24
174321
12:12:25
174322
12:12:26
174321
12:12:27
174320
12:12:28
174320
12:12:29
174319
12:12:30
174319
12:12:31
174319
12:12:32
174319
12:12:33
174319
12:12:34
174320
12:12:35
174322
12:12:36
174321
12:12:37
174319
12:12:38
174318
12:12:39
174318
12:12:40
174318
12:12:41
174318
12:12:42
174319
12:12:43
174319
12:12:44
174319
12:12:45
174319
12:12:46
174320
12:12:47
174320
12:12:48
174320
12:12:49
174319
12:12:50
174318
12:12:51
174318
12:12:52
174318
12:12:53
174318
12:12:54
174317
12:12:55
174318
12:12:56
174320
12:12:57
174317
12:12:58
174317
12:12:59
174318
12:13:00
174317
12:13:01
174318
12:13:02
174319
12:13:03
174319
12:13:04
174319
12:13:05
174319
12:13:06
174319
12:13:07
174318
12:13:08
174318
12:13:09
174317
12:13:10
174318
12:13:11
174318
12:13:12
174318
12:13:13
174319
12:13:14
174319
12:13:16
174320
12:13:17
174320
12:13:18
174320
12:13:19
174321
12:13:20
174321
12:13:21
174322
12:13:22
174321
12:13:23
174320
12:13:24
174321
12:13:25
174320
12:13:26
174320
12:13:27
174319
12:13:28
174319
12:13:29
174319
12:13:30
174320
12:13:31
174320
12:13:32
174319
12:13:33
174319
12:13:34
174320
12:13:35
174321
12:13:36
174323
12:13:37
174323
12:13:38
174323
12:13:39
174324
12:13:40
174324
12:13:41
174324
12:13:42
174325
12:13:43
174324
12:13:44
174323
12:13:45
174324
12:13:46
174324
12:13:47
174324
12:13:48
174323
12:13:49
174322
12:13:50
174322
12:13:51
174322
12:13:52
174322
12:13:53
174322
12:13:54
174322
12:13:55
174322
12:13:56
174324
12:13:57
174324
12:13:58
174323
12:13:59
174324
12:14:00
174324
12:14:01
174324
12:14:02
174324
12:14:03
174324
12:14:04
174324
12:14:05
174324
12:14:06
174324
12:14:07
174324
12:14:08
174323
12:14:09
174324
12:14:10
174324
12:14:11
174324
12:14:12
174323
12:14:13
174324
12:14:14
174324
12:14:15
174325
12:14:16
174325
12:14:17
174322
12:14:18
174322
12:14:19
174322
12:14:20
174319
12:14:21
174320
12:14:22
174319
12:14:23
174319
12:14:24
174319
12:14:25
174321
12:14:26
174323
12:14:27
174322
12:14:28
174323
12:14:29
174323
12:14:30
174320
12:14:31
174322
12:14:32
174322
12:14:33
174322
12:14:34
174322
12:14:35
174323
12:14:36
174322
12:14:37
174322
12:14:38
174322
12:14:39
174323
12:14:40
174320
12:14:41
174321
12:14:42
174321
12:14:43
174321
12:14:44
174320
12:14:45
174321
12:14:46
174322
12:14:47
174321
12:14:48
174321
12:14:49
174321
12:14:50
174321
12:14:51
174322
12:14:52
174323
12:14:53
174323
12:14:54
174323
12:14:55
174323
12:14:56
174323
12:14:57
174323
12:14:58
174323
12:14:59
174325
12:15:00
174325
12:15:01
174322
12:15:02
174324
12:15:03
174325
12:15:04
174325
12:15:05
174327
12:15:06
174327
12:15:07
174326
12:15:08
174325
12:15:09
174325
12:15:10
174325
12:15:11
174324
12:15:12
174325
12:15:13
174325
12:15:14
174325
12:15:15
174326
12:15:16
174326
12:15:17
174326
12:15:18
174326
12:15:19
174326
12:15:20
174326
12:15:21
174322
12:15:22
174323
12:15:23
174324
12:15:24
174325
12:15:25
174325
12:15:26
174325
12:15:27
174325
12:15:28
174325
12:15:29
174325
12:15:30
174326
12:15:31
174323
12:15:32
174323
12:15:33
174324
12:15:34
174324
12:15:35
174324
12:15:36
174324
12:15:37
174323
12:15:38
174323
12:15:39
174323
12:15:40
174324
12:15:41
174323
12:15:42
174322
12:15:43
174322
12:15:44
174324
12:15:45
174324
12:15:46
174324
12:15:47
174324
12:15:48
174325
12:15:49
174326
12:15:50
174326
12:15:51
174325
12:15:52
174322
12:15:53
174323
12:15:54
174323
12:15:55
174324
12:15:56
174324
12:15:57
174323
12:15:58
174324
12:15:59
174324
12:16:00
174324
12:16:01
174325
12:16:02
174323
12:16:03
174323
12:16:04
174325
12:16:05
174325
12:16:06
174325
12:16:07
174324
12:16:08
174323
12:16:09
174323
12:16:10
174323
12:16:11
174324
12:16:12
174324
12:16:13
174324
12:16:14
174324
12:16:15
174324
12:16:16
174325
12:16:17
174324
12:16:18
174325
12:16:19
174325
12:16:20
174325
12:16:21
174325
12:16:22
174325
12:16:23
174324
12:16:24
174324
12:16:25
174324
12:16:26
174324
12:16:27
174324
12:16:28
174325
12:16:29
174324
12:16:30
174324
12:16:31
174324
12:16:32
174324
12:16:33
174323
12:16:34
174322
12:16:35
174323
12:16:36
174323
12:16:37
174324
12:16:38
174324
12:16:39
174325
12:16:40
174325
12:16:41
174325
12:16:42
174326
12:16:43
174324
12:16:44
174325
12:16:45
174324
12:16:46
174323
12:16:47
174323
12:16:48
174323
12:16:49
174322
12:16:50
174322
12:16:51
174322
12:16:52
174323
12:16:53
174322
12:16:54
174323
12:16:55
174323
12:16:56
174322
12:16:57
174323
12:16:58
174323
12:16:59
174323
12:17:00
174323
12:17:01
174323
12:17:02
174324
12:17:03
174322
12:17:04
174323
12:17:05
174322
12:17:06
174322
12:17:07
174322
12:17:08
174323
12:17:09
174323
12:17:10
174323
12:17:11
174323
12:17:12
174322
12:17:13
174322
12:17:14
174322
12:17:15
174323
12:17:16
174324
12:17:17
174324
12:17:18
174325
12:17:19
174325
12:17:20
174325
12:17:21
174325
12:17:22
174324
12:17:23
174324
12:17:24
174324
12:17:25
174324
12:17:26
174324
12:17:27
174324
12:17:28
174324
12:17:29
174324
12:17:30
174324
12:17:31
174324
12:17:32
174325
12:17:33
174324
12:17:34
174325
12:17:35
174326
12:17:36
174327
12:17:37
174326
12:17:38
174326
12:17:39
174326
12:17:40
174327
12:17:41
174327
12:17:42
174327
12:17:43
174326
12:17:44
174323
12:17:45
174325
12:17:46
174325
12:17:47
174324
12:17:48
174323
12:17:49
174324
12:17:50
174324
12:17:51
174324
12:17:52
174324
12:17:53
174324
12:17:54
174323
12:17:55
174324
12:17:56
174325
12:17:57
174327
12:17:58
174326
12:17:59
174327
12:18:00
174327
12:18:02
174327
12:18:03
174326
12:18:04
174326
12:18:05
174326
12:18:06
174325
12:18:07
174325
12:18:08
174325
12:18:09
174325
12:18:10
174324
12:18:11
174317
12:18:12
174316
12:18:13
174292
12:18:14
174204
12:18:15
174147
12:18:16
174067
12:18:17
174077
12:18:18
174055
12:18:19
174027
12:18:20
174008
12:18:21
173987
12:18:22
173965
12:18:23
173923
12:18:24
173922
12:18:25
173921
12:18:26
173921
12:18:27
173922
12:18:28
173832
12:18:29
173487
12:18:30
173116
12:18:31
172743
12:18:32
172352
12:18:33
171962
12:18:34
171410
12:18:35
172384
12:18:36
171667
12:18:37
169906
12:18:38
168607
12:18:39
168309
12:18:40
168210
12:18:41
168103
12:18:42
168076
12:18:43
167994
12:18:44
167991
12:18:45
167989
12:18:46
167939
12:18:47
167937
12:18:48
167896
12:18:49
167891
12:18:50
167907
12:18:51
167876
12:18:52
167933
12:18:53
167898
12:18:54
167952
12:18:55
167872
12:18:56
167926
12:18:57
167914
12:18:58
167944
12:18:59
167949
12:19:00
167934
12:19:01
167906
12:19:02
167960
12:19:03
167880
12:19:04
167895
12:19:05
167929
12:19:06
167945
12:19:07
167900
12:19:08
167924
12:19:09
167959
12:19:10
167914
12:19:11
167883
12:19:12
167922
12:19:13
167961
12:19:14
167951
12:19:15
167858
12:19:16
167909
12:19:17
167937
12:19:18
167903
12:19:19
167906
12:19:20
167944
12:19:21
167955
12:19:22
167849
12:19:23
167941
12:19:24
167898
12:19:25
169135
12:19:26
169277
12:19:27
169272
12:19:28
169268
12:19:29
169266
12:19:30
169265
12:19:31
169265
12:19:32
169265
12:19:33
169265
12:19:34
169265
12:19:35
169262
12:19:36
169263
12:19:37
169260
12:19:38
169261
12:19:39
169259
12:19:40
169259
12:19:41
169261
12:19:42
169262
12:19:43
169263
12:19:44
169265
12:19:45
169265
12:19:46
169266
12:19:47
169263
12:19:48
169260
12:19:49
169259
12:19:50
169259
12:19:51
169260
12:19:52
169260
12:19:53
169262
12:19:54
169262
12:19:55
169262
12:19:56
169262
12:19:57
169263
12:19:58
169263
12:19:59
169264
12:20:00
169263
12:20:01
169263
12:20:02
169263
12:20:03
169265
12:20:04
169265
12:20:05
169265
12:20:06
169264
12:20:07
169263
12:20:08
169259
12:20:09
169260
12:20:10
169261
12:20:11
169262
12:20:12
169261
12:20:13
169262
12:20:14
169263
12:20:15
169264
12:20:16
169265
12:20:17
169266
12:20:18
169265
12:20:19
169265
12:20:20
169266
12:20:21
169265
12:20:22
169267
12:20:23
169267
12:20:24
169268
12:20:25
169268
12:20:26
169270
12:20:27
169270
12:20:28
169265
12:20:29
169266
12:20:30
169264
12:20:31
169264
12:20:32
169264
12:20:33
169265
12:20:34
169265
12:20:35
169265
12:20:36
169265
12:20:37
169266
12:20:38
169263
12:20:39
169265
12:20:40
169264
12:20:41
169265
12:20:42
169265
12:20:43
169266
12:20:44
169266
12:20:45
169269
12:20:46
169270
12:20:47
169269
12:20:48
169270
12:20:49
170963
12:20:50
170953
12:20:51
173984
12:20:52
173868
12:20:53
173893
12:20:54
173860
12:20:55
173839
12:20:56
173811
12:20:57
173791
12:20:58
173771
12:20:59
173911
12:21:00
173913
12:21:01
173911
12:21:02
173911
12:21:03
173910
12:21:04
173910
12:21:05
173618
12:21:06
173226
12:21:07
172831
12:21:08
172435
12:21:09
172039
12:21:10
170378
12:21:11
170999
12:21:12
172298
12:21:13
170908
12:21:14
169225
12:21:15
168474
12:21:16
168384
12:21:17
168228
12:21:18
168173
12:21:19
168150
12:21:20
168050
12:21:21
168073
12:21:22
167986
12:21:23
167980
12:21:24
167985
12:21:25
167963
12:21:26
167972
12:21:27
167968
12:21:28
168020
12:21:29
168034
12:21:30
167998
12:21:31
168030
12:21:32
167991
12:21:33
167968
12:21:34
168028
12:21:35
167989
12:21:36
168011
12:21:37
167973
12:21:38
167979
12:21:39
167969
12:21:40
168030
12:21:41
167985
12:21:42
167982
12:21:43
167991
12:21:45
168009
12:21:46
168012
12:21:47
167945
12:21:48
167924
12:21:49
167924
12:21:50
167890
12:21:51
167875
12:21:52
167870
12:21:53
167860
12:21:54
167855
12:21:55
167895
12:21:56
167838
12:21:57
167837
12:21:58
167788
12:21:59
167823
12:22:00
167881
12:22:01
167803
12:22:02
169345
12:22:03
169310
12:22:04
169310
12:22:05
169310
12:22:06
169308
12:22:07
169307
12:22:08
169306
12:22:09
169306
12:22:10
169305
12:22:11
169299
12:22:12
169301
12:22:13
169302
12:22:14
169303
12:22:15
169304
12:22:16
169304
12:22:17
169303
12:22:18
169302
12:22:19
169300
12:22:20
169299
12:22:21
169295
12:22:22
169295
12:22:23
169295
12:22:24
169296
12:22:25
169296
12:22:26
169298
12:22:27
169299
12:22:28
169298
12:22:29
169297
12:22:30
169296
12:22:31
169295
12:22:32
169295
12:22:33
169295
12:22:34
169296
12:22:35
169297
12:22:36
169298
12:22:37
169298
12:22:38
169298
12:22:39
169298
12:22:40
169299
12:22:41
169298
12:22:42
169296
12:22:43
169299
12:22:44
169299
12:22:45
169301
12:22:46
169301
12:22:47
169301
12:22:48
169302
12:22:49
169303
12:22:50
169303
12:22:51
169302
12:22:52
169302
12:22:53
169304
12:22:54
169306
12:22:55
169306
12:22:56
169306
12:22:57
169307
12:22:58
169306
12:22:59
169307
12:23:00
169307
12:23:01
169306
12:23:02
169305
12:23:03
169306
12:23:04
169308
12:23:05
169308
12:23:06
169308
12:23:07
169309
12:23:08
169309
12:23:09
169310
12:23:10
169309
12:23:11
169310
12:23:12
169310
12:23:13
169307
12:23:14
169307
12:23:15
169308
12:23:16
169309
12:23:17
169308
12:23:18
169308
12:23:19
169307
12:23:20
169306
12:23:21
169307
12:23:22
169306
12:23:23
169304
12:23:24
171007
12:23:25
170999
12:23:26
170995
12:23:27
174074
12:23:28
173967
12:23:29
173867
12:23:30
173872
12:23:31
173855
12:23:32
173839
12:23:33
173814
12:23:34
173794
12:23:35
173776
12:23:36
173757
12:23:37
173709
12:23:38
173709
12:23:39
173706
12:23:40
173706
12:23:41
173706
12:23:42
173705
12:23:43
173597
12:23:44
173223
12:23:45
172852
12:23:46
172493
12:23:47
172121
12:23:48
171745
12:23:49
171292
12:23:50
172170
12:23:51
172078
12:23:52
170411
12:23:53
168883
12:23:54
167944
12:23:55
167903
12:23:56
167857
12:23:57
167807
12:23:58
167799
12:23:59
167992
12:24:00
167948
12:24:01
167948
12:24:02
167908
12:24:03
167944
12:24:04
167955
12:24:05
167942
12:24:06
167944
12:24:07
167938
12:24:08
167930
12:24:09
167945
12:24:10
167948
12:24:11
167920
12:24:12
167933
12:24:13
167982
12:24:14
168010
12:24:15
167945
12:24:16
168001
12:24:17
167966
12:24:18
167975
12:24:19
168002
12:24:20
167962
12:24:21
167947
12:24:22
167981
12:24:23
167993
12:24:24
167991
12:24:25
168034
12:24:26
167970
12:24:27
168017
12:24:28
167983
12:24:29
168010
12:24:30
167990
12:24:31
168055
12:24:32
167977
12:24:33
167945
12:24:34
167977
12:24:35
167974
12:24:36
167985
12:24:37
167956
12:24:38
167972
12:24:39
167974
12:24:40
168016
12:24:41
167974
12:24:42
169256
12:24:43
169254
12:24:44
169246
12:24:45
169245
12:24:46
169244
12:24:47
169242
12:24:48
169243
12:24:49
169241
12:24:50
169242
12:24:51
169243
12:24:52
169241
12:24:53
169241
12:24:54
169242
12:24:55
169240
12:24:56
169240
12:24:57
169240
12:24:58
169240
12:24:59
169240
12:25:00
169240
12:25:01
169241
12:25:02
169237
12:25:03
169237
12:25:04
169237
12:25:05
169234
12:25:06
169234
12:25:07
169232
12:25:08
169232
12:25:09
169231
12:25:10
169231
12:25:11
169232
12:25:12
169231
12:25:13
169232
12:25:14
169233
12:25:15
169233
12:25:16
169234
12:25:17
169234
12:25:18
169235
12:25:19
169233
12:25:20
169233
12:25:21
169234
12:25:22
169234
12:25:23
169236
12:25:24
169236
12:25:25
169235
12:25:26
169236
12:25:28
169235
12:25:29
169237
12:25:30
169237
12:25:31
169236
12:25:32
169236
12:25:33
169235
12:25:34
169235
12:25:35
169236
12:25:36
169235
12:25:37
169236
12:25:38
169235
12:25:39
169234
12:25:40
169235
12:25:41
169236
12:25:42
169237
12:25:43
169236
12:25:44
169236
12:25:45
169237
12:25:46
169238
12:25:47
169236
12:25:48
169236
12:25:49
169237
12:25:50
169238
12:25:51
169238
12:25:52
169239
12:25:53
169239
12:25:54
169241
12:25:55
169240
12:25:56
169241
12:25:57
169239
12:25:58
169240
12:25:59
169240
12:26:00
169241
12:26:01
169241
12:26:02
169242
12:26:03
169241
12:26:04
169243
12:26:05
170945
12:26:06
170946
12:26:07
174105
12:26:08
174113
12:26:09
174113
12:26:10
174113
12:26:11
174113
12:26:12
174112
12:26:13
174112
12:26:14
174112
12:26:15
174112
12:26:16
174113
12:26:17
174111
12:26:18
174110
12:26:19
174111
12:26:20
174111
12:26:21
174111
12:26:22
174111
12:26:23
174111
12:26:24
174111
12:26:25
174111
12:26:26
174111
12:26:27
174109
12:26:28
174110
12:26:29
174110
12:26:30
174109
12:26:31
174109
12:26:32
174110
12:26:33
174110
12:26:34
174109
12:26:35
174110
12:26:36
174110
12:26:37
174110
12:26:38
174109
12:26:39
174109
12:26:40
174109
12:26:41
174110
12:26:42
174110
12:26:43
174109
12:26:44
174110
12:26:45
174111
12:26:46
174111
12:26:47
174111
12:26:48
174110
12:26:49
174112
12:26:50
174112
12:26:51
174112
12:26:52
174112
12:26:53
174111
12:26:54
174111
12:26:55
174111
12:26:56
174112
12:26:57
174112
12:26:58
174109
12:26:59
174110
12:27:00
174313
12:27:01
174314
12:27:02
174314
12:27:03
174313
12:27:04
174314
12:27:05
174314
12:27:06
174315
12:27:07
174315
12:27:08
174313
12:27:09
174314
12:27:10
174312
12:27:11
174313
12:27:12
174313
12:27:13
174312
12:27:14
174313
12:27:15
174313
12:27:16
174313
12:27:17
174313
12:27:18
174313
12:27:19
174311
12:27:20
174311
12:27:21
174311
12:27:22
174311
12:27:23
174311
12:27:24
174311
12:27:25
174311
12:27:26
174313
12:27:27
174314
12:27:28
174314
12:27:29
174313
12:27:30
174312
12:27:31
174311
12:27:32
174311
12:27:33
174311
12:27:34
174311
12:27:35
174311
12:27:36
174311
12:27:37
174311
12:27:38
174310
12:27:39
174310
12:27:40
174310
12:27:41
174311
12:27:42
174311
12:27:43
174311
12:27:44
174312
12:27:45
174313
12:27:46
174314
12:27:47
174315
12:27:48
174314
12:27:49
174312
12:27:50
174312
12:27:51
174312
12:27:52
174313
12:27:53
174312
12:27:54
174313
12:27:55
174313
12:27:56
174313
12:27:57
174314
12:27:58
174314
12:27:59
174313
12:28:00
174313
12:28:01
174313
12:28:02
174313
12:28:03
174313
12:28:04
174314
12:28:05
174314
12:28:06
174315
12:28:07
174316
12:28:08
174317
12:28:09
174316
12:28:10
174313
12:28:11
174314
12:28:12
174314
12:28:13
174314
12:28:14
174314
12:28:15
174313
12:28:16
174313
12:28:17
174314
12:28:18
174313
12:28:19
174314
12:28:20
174315
12:28:21
174314
12:28:22
174314
12:28:23
174313
12:28:24
174313
12:28:25
174313
12:28:26
174313
12:28:27
174313
12:28:28
174313
12:28:29
174312
12:28:30
174312
12:28:31
174313
12:28:32
174314
12:28:33
174314
12:28:34
174314
12:28:35
174314
12:28:36
174314
12:28:37
174313
12:28:38
174313
12:28:39
174314
12:28:40
174314
12:28:41
174314
12:28:42
174313
12:28:43
174313
12:28:44
174314
12:28:45
174314
12:28:46
174314
12:28:47
174316
12:28:48
174318
12:28:49
174318
12:28:50
174315
12:28:51
174316
12:28:52
174316
12:28:53
174317
12:28:54
174317
12:28:55
174317
12:28:56
174317
12:28:57
174317
12:28:58
174316
12:28:59
174317
12:29:00
174319
12:29:01
174318
12:29:02
174318
12:29:03
174318
12:29:04
174318
12:29:05
174317
12:29:06
174317
12:29:07
174317
12:29:08
174317
12:29:09
174316
12:29:10
174317
12:29:11
174315
12:29:12
174314
12:29:13
174315
12:29:14
174311
12:29:15
174312
12:29:16
174312
12:29:17
174313
12:29:18
174313
12:29:19
174313
12:29:20
174313
12:29:21
174312
12:29:22
174313
12:29:23
174312
12:29:24
174313
12:29:25
174312
12:29:26
174312
12:29:27
174313
12:29:28
174315
12:29:29
174315
12:29:30
174316
12:29:31
174315
12:29:32
174316
12:29:33
174316
12:29:34
174316
12:29:35
174316
12:29:36
174317
12:29:37
174318
12:29:38
174317
12:29:39
174317
12:29:40
174318
12:29:41
174315
12:29:42
174316
12:29:43
174316
12:29:44
174316
12:29:45
174317
12:29:46
174317
12:29:47
174317
12:29:48
174319
12:29:49
174318
12:29:50
174318
12:29:51
174318
12:29:52
174317
12:29:53
174318
12:29:54
174317
12:29:55
174318
12:29:56
174317
12:29:57
174318
12:29:58
174318
12:29:59
174317
12:30:00
174317
12:30:01
174318
12:30:02
174317
12:30:03
174317
12:30:04
174317
12:30:05
174317
12:30:07
174318
12:30:08
174316
12:30:09
174320
12:30:10
174320
12:30:11
174319
12:30:12
174320
12:30:13
174317
12:30:14
174318
12:30:15
174317
12:30:16
174317
12:30:17
174317
12:30:18
174316
12:30:19
174315
12:30:20
174315
12:30:21
174316
12:30:22
174316
12:30:23
174312
12:30:24
174313
12:30:25
174314
12:30:26
174314
12:30:27
174316
12:30:28
174316
12:30:29
174316
12:30:30
174316
12:30:31
174315
12:30:32
174316
12:30:33
174315
12:30:34
174314
12:30:35
174314
12:30:36
174313
12:30:37
174313
12:30:38
174312
12:30:39
174313
12:30:40
174312
12:30:41
174313
12:30:42
174313
12:30:43
174311
12:30:44
174311
12:30:45
174310
12:30:46
174311
12:30:47
174311
12:30:48
174311
12:30:49
174312
12:30:50
174311
12:30:51
174312
12:30:52
174312
12:30:53
174312
12:30:54
174311
12:30:55
174312
12:30:56
174312
12:30:57
174311
12:30:58
174310
12:30:59
174310
12:31:00
174311
12:31:01
174311
12:31:02
174311
12:31:03
174310
12:31:04
174308
12:31:05
174309
12:31:06
174309
12:31:07
174309
12:31:08
174308
12:31:09
174310
12:31:10
174311
12:31:11
174311
12:31:12
174311
12:31:13
174310
12:31:14
174309
12:31:15
174309
12:31:16
174310
12:31:17
174310
12:31:18
174310
12:31:19
174310
12:31:20
174310
12:31:21
174312
12:31:22
174313
12:31:23
174313
12:31:24
174312
12:31:25
174310
12:31:26
174309
12:31:27
174310
12:31:28
174310
12:31:29
174310
12:31:30
174310
12:31:31
174311
12:31:32
174311
12:31:33
174311
12:31:34
174311
12:31:35
174311
12:31:36
174311
12:31:37
174312
12:31:38
174310
12:31:39
174310
12:31:40
174310
12:31:41
174309
12:31:42
174311
12:31:43
174310
12:31:44
174309
12:31:45
174309
12:31:46
174308
12:31:47
174309
12:31:48
174310
12:31:49
174310
12:31:50
174310
12:31:51
174310
12:31:52
174309
12:31:53
174309
12:31:54
174310
12:31:55
174309
12:31:56
174310
12:31:57
174310
12:31:58
174310
12:31:59
174311
12:32:00
174312
12:32:01
174314
12:32:02
174314
12:32:03
174313
12:32:04
174313
12:32:05
174312
12:32:06
174313
12:32:07
174313
12:32:08
174312
12:32:09
174313
12:32:10
174312
12:32:11
174313
12:32:12
174312
12:32:13
174312
12:32:14
174311
12:32:15
174312
12:32:16
174311
12:32:17
174311
12:32:18
174311
12:32:19
174312
12:32:20
174315
12:32:21
174314
12:32:22
174314
12:32:23
174312
12:32:24
174313
12:32:25
174313
12:32:26
174312
12:32:27
174312
12:32:28
174313
12:32:29
174313
12:32:30
174312
12:32:31
174312
12:32:32
174312
12:32:33
174312
12:32:34
174311
12:32:35
174312
12:32:36
174309
12:32:37
174309
12:32:38
174308
12:32:39
174311
12:32:40
174311
12:32:41
174312
12:32:42
174312
12:32:43
174311
12:32:44
174312
12:32:45
174312
12:32:46
174312
12:32:47
174312
12:32:48
174309
12:32:49
174311
12:32:50
174310
12:32:51
174309
12:32:52
174310
12:32:53
174310
12:32:54
174309
12:32:55
174310
12:32:56
174310
12:32:57
174308
12:32:58
174308
12:32:59
174309
12:33:00
174311
12:33:01
174312
12:33:02
174312
12:33:03
174312
12:33:04
174312
12:33:05
174311
12:33:06
174311
12:33:07
174311
12:33:08
174310
12:33:09
174310
12:33:10
174310
12:33:11
174310
12:33:12
174311
12:33:13
174310
12:33:14
174310
12:33:15
174310
12:33:16
174310
12:33:17
174310
12:33:18
174310
12:33:19
174312
12:33:20
174312
12:33:21
174312
12:33:22
174311
12:33:23
174312
12:33:24
174311
12:33:25
174312
12:33:26
174312
12:33:27
174312
12:33:28
174312
12:33:29
174312
12:33:30
174312
12:33:31
174312
12:33:32
174312
12:33:33
174312
12:33:34
174312
12:33:35
174312
12:33:36
174312
12:33:37
174312
12:33:38
174312
12:33:39
174312
12:33:40
174313
12:33:41
174313
12:33:42
174313
12:33:43
174313
12:33:44
174313
12:33:45
174314
12:33:46
174314
12:33:47
174315
12:33:48
174315
12:33:49
174315
12:33:50
174315
12:33:51
174315
12:33:52
174315
12:33:53
174315
12:33:54
174315
12:33:55
174316
12:33:56
174316
12:33:57
174316
12:33:58
174313
12:33:59
174314
12:34:00
174314
12:34:01
174314
12:34:02
174313
12:34:03
174312
12:34:04
174312
12:34:05
174311
12:34:06
174312
12:34:07
174312
12:34:08
174310
12:34:09
174310
12:34:10
174311
12:34:11
174311
12:34:12
174311
12:34:13
174311
12:34:14
174309
12:34:15
174310
12:34:16
174309
12:34:17
174310
12:34:18
174309
12:34:19
174309
12:34:20
174309
12:34:21
174309
12:34:22
174310
12:34:23
174310
12:34:24
174309
12:34:25
174310
12:34:26
174310
12:34:27
174310
12:34:28
174309
12:34:29
174311
12:34:30
174311
12:34:31
174311
12:34:32
174311
12:34:33
174311
12:34:34
174312
12:34:35
174311
12:34:36
174310
12:34:37
174310
12:34:38
174310
12:34:39
174310
12:34:40
174310
12:34:41
174310
12:34:42
174309
12:34:43
174309
12:34:44
174309
12:34:45
174308
12:34:46
174309
12:34:47
174309
12:34:48
174310
12:34:49
174310
12:34:50
174311
12:34:51
174310
12:34:52
174311
12:34:54
174311
12:34:55
174311
12:34:56
174311
12:34:57
174311
12:34:58
174311
12:34:59
174311
12:35:00
174311
12:35:01
174312
12:35:02
174311
12:35:03
174311
12:35:04
174311
12:35:05
174312
12:35:06
174311
12:35:07
174312
12:35:08
174312
12:35:09
174311
12:35:10
174312
12:35:11
174313
12:35:12
174313
12:35:13
174313
12:35:14
174313
12:35:15
174313
12:35:16
174314
12:35:17
174314
12:35:18
174314
12:35:19
174314
12:35:20
174314
12:35:21
174313
12:35:22
174313
12:35:23
174313
12:35:24
174313
12:35:25
174313
12:35:26
174312
12:35:27
174312
12:35:28
174312
12:35:29
174311
12:35:30
174311
12:35:31
174313
12:35:32
174313
12:35:33
174313
12:35:34
174312
12:35:35
174312
12:35:36
174312
12:35:37
174312
12:35:38
174312
12:35:39
174312
12:35:40
174312
12:35:41
174311
12:35:42
174310
12:35:43
174310
12:35:44
174309
12:35:45
174310
12:35:46
174310
12:35:47
174310
12:35:48
174309
12:35:49
174309
12:35:50
174308
12:35:51
174308
12:35:52
174310
12:35:53
174310
12:35:54
174310
12:35:55
174310
12:35:56
174309
12:35:57
174309
12:35:58
174309
12:35:59
174309
12:36:00
174309
12:36:01
174307
12:36:02
174307
12:36:03
174308
12:36:04
174309
12:36:05
174309
12:36:06
174309
12:36:07
174309
12:36:08
174309
12:36:09
174310
12:36:10
174310
12:36:11
174310
12:36:12
174310
12:36:13
174310
12:36:14
174311
12:36:15
174312
12:36:16
174311
12:36:17
174311
12:36:18
174311
12:36:19
174311
12:36:20
174311
12:36:21
174312
12:36:22
174310
12:36:23
174310
12:36:24
174311
12:36:25
174311
12:36:26
174311
12:36:27
174312
12:36:28
174311
12:36:29
174312
12:36:30
174312
12:36:31
174312
12:36:32
174312
12:36:33
174313
12:36:34
174313
12:36:35
174313
12:36:36
174312
12:36:37
174313
12:36:38
174313
12:36:39
174312
12:36:40
174312
12:36:41
174312
12:36:42
174311
12:36:43
174310
12:36:44
174310
12:36:45
174310
12:36:46
174309
12:36:47
174309
12:36:48
174309
12:36:49
174310
12:36:50
174310
12:36:51
174310
12:36:52
174310
12:36:53
174312
12:36:54
174312
12:36:55
174312
12:36:56
174312
12:36:57
174313
12:36:58
174313
12:36:59
174312
12:37:00
174312
12:37:01
174312
12:37:02
174312
12:37:03
174309
12:37:04
174310
12:37:05
174310
12:37:06
174311
12:37:07
174312
12:37:08
174311
12:37:09
174311
12:37:10
174311
12:37:11
174311
12:37:12
174313
12:37:13
174312
12:37:14
174312
12:37:15
174312
12:37:16
174312
12:37:17
174313
12:37:18
174312
12:37:19
174312
12:37:20
174312
12:37:21
174312
12:37:22
174313
12:37:23
174311
12:37:24
174312
12:37:25
174311
12:37:26
174311
12:37:27
174311
12:37:28
174311
12:37:29
174311
12:37:30
174312
12:37:31
174312
12:37:32
174312
12:37:33
174310
12:37:34
174311
12:37:35
174312
12:37:36
174312
12:37:37
174312
12:37:38
174312
12:37:39
174312
12:37:40
174312
12:37:41
174312
12:37:42
174312
12:37:43
174310
12:37:44
174313
12:37:45
174314
12:37:46
174314
12:37:47
174314
12:37:48
174314
12:37:49
174314
12:37:50
174314
12:37:51
174315
12:37:52
174315
12:37:53
174313
12:37:54
174313
12:37:55
174313
12:37:56
174313
12:37:57
174314
12:37:58
174313
12:37:59
174313
12:38:00
174313
12:38:01
174313
12:38:02
174314
12:38:03
174314
12:38:04
174311
12:38:05
174313
12:38:06
174314
12:38:07
174314
12:38:08
174314
12:38:09
174314
12:38:10
174314
12:38:11
174317
12:38:12
174316
12:38:13
174317
12:38:14
174314
12:38:15
174314
12:38:16
174314
12:38:17
174314
12:38:18
174314
12:38:19
174314
12:38:20
174314
12:38:21
174313
12:38:22
174314
12:38:23
174314
12:38:24
174312
12:38:25
174314
12:38:26
174313
12:38:27
174314
12:38:28
174313
12:38:29
174313
12:38:30
174314
12:38:31
174315
12:38:32
174315
12:38:33
174314
12:38:34
174315
12:38:35
174314
12:38:36
174315
12:38:37
174315
12:38:38
174315
12:38:39
174315
12:38:40
174315
12:38:41
174315
12:38:42
174316
12:38:43
174315
12:38:44
174315
12:38:45
174314
12:38:46
174312
12:38:47
174312
12:38:48
174312
12:38:49
174311
12:38:50
174311
12:38:51
174313
12:38:52
174313
12:38:53
174314
12:38:54
174314
12:38:55
174313
12:38:56
174314
12:38:57
174314
12:38:58
174315
12:38:59
174315
12:39:00
174315
12:39:01
174316
12:39:02
174316
12:39:03
174317
12:39:04
174317
12:39:05
174315
12:39:06
174315
12:39:07
174315
12:39:08
174315
12:39:09
174315
12:39:10
174315
12:39:11
174315
12:39:12
174317
12:39:13
174317
12:39:14
174316
12:39:15
174313
12:39:16
174314
12:39:17
174314
12:39:18
174315
12:39:19
174314
12:39:20
174315
12:39:21
174315
12:39:22
174315
12:39:23
174243
12:39:24
174307
12:39:25
174193
12:39:26
174079
12:39:27
174056
12:39:28
174064
12:39:29
174043
12:39:30
174015
12:39:31
173995
12:39:32
173973
12:39:33
173950
12:39:34
173909
12:39:35
173907
12:39:36
173904
12:39:37
173905
12:39:38
173904
12:39:39
173729
12:39:40
173343
12:39:41
172970
12:39:43
172591
12:39:44
172202
12:39:45
171560
12:39:46
172289
12:39:47
172366
12:39:48
172226
12:39:49
170420
12:39:50
168828
12:39:51
168384
12:39:52
168279
12:39:53
168196
12:39:54
168140
12:39:55
168148
12:39:56
168067
12:39:57
168107
12:39:58
167956
12:39:59
168081
12:40:00
168020
12:40:01
168063
12:40:02
168052
12:40:03
168039
12:40:04
168074
12:40:05
168074
12:40:06
168004
12:40:07
167937
12:40:08
168032
12:40:09
168077
12:40:10
168069
12:40:11
168064
12:40:12
167998
12:40:13
167981
12:40:14
167968
12:40:15
167943
12:40:16
167988
12:40:17
168053
12:40:18
168037
12:40:19
168069
12:40:20
168125
12:40:21
168065
12:40:22
168096
12:40:23
168053
12:40:24
168125
12:40:25
168066
12:40:26
168082
12:40:27
168077
12:40:28
168088
12:40:29
168038
12:40:30
168058
12:40:31
168061
12:40:32
168061
12:40:33
168065
12:40:34
168062
12:40:35
168060
12:40:36
168060
12:40:37
168114
12:40:38
168088
12:40:39
169460
12:40:40
169384
12:40:41
169383
12:40:42
169382
12:40:43
169381
12:40:44
169376
12:40:45
169377
12:40:46
169376
12:40:47
169374
12:40:48
169372
12:40:49
169372
12:40:50
169373
12:40:51
169374
12:40:52
169373
12:40:53
169373
12:40:54
169370
12:40:55
169367
12:40:56
169366
12:40:57
169364
12:40:58
169364
12:40:59
169360
12:41:00
169362
12:41:01
169361
12:41:02
169362
12:41:03
169362
12:41:04
169361
12:41:05
169362
12:41:06
169362
12:41:07
169361
12:41:08
169363
12:41:09
169363
12:41:10
169365
12:41:11
169368
12:41:12
169370
12:41:13
169370
12:41:14
169370
12:41:15
169370
12:41:16
169371
12:41:17
169371
12:41:18
169371
12:41:19
169368
12:41:20
169368
12:41:21
169368
12:41:22
169368
12:41:23
169366
12:41:24
169367
12:41:25
169368
12:41:26
169368
12:41:27
169369
12:41:28
169370
12:41:29
169370
12:41:30
169369
12:41:31
169369
12:41:32
169369
12:41:33
169369
12:41:34
169369
12:41:35
169371
12:41:36
169370
12:41:37
169371
12:41:38
169370
12:41:39
169365
12:41:40
169364
12:41:41
169365
12:41:42
169365
12:41:43
169363
12:41:44
169363
12:41:45
169365
12:41:46
169365
12:41:47
169364
12:41:48
169364
12:41:49
169364
12:41:50
169364
12:41:51
169365
12:41:52
169366
12:41:53
169366
12:41:54
169369
12:41:55
169370
12:41:56
169370
12:41:57
169371
12:41:58
169373
12:41:59
169373
12:42:00
169372
12:42:01
171073
12:42:02
171065
12:42:03
174070
12:42:04
174071
12:42:05
174042
12:42:06
173941
12:42:07
173916
12:42:08
173858
12:42:09
173837
12:42:10
173808
12:42:11
173788
12:42:12
173767
12:42:13
173741
12:42:14
173699
12:42:15
173698
12:42:16
173698
12:42:17
173699
12:42:18
173699
12:42:19
173580
12:42:20
173203
12:42:21
172817
12:42:22
172425
12:42:23
172032
12:42:24
171414
12:42:25
171949
12:42:26
172120
12:42:27
171039
12:42:28
169328
12:42:29
168362
12:42:30
168139
12:42:31
168068
12:42:32
167969
12:42:33
167966
12:42:34
167908
12:42:35
167943
12:42:36
167841
12:42:37
167858
12:42:38
167872
12:42:39
167850
12:42:40
167800
12:42:41
167807
12:42:42
167809
12:42:43
167841
12:42:44
167877
12:42:45
167821
12:42:46
167846
12:42:47
167845
12:42:48
167841
12:42:49
167804
12:42:50
167815
12:42:51
167807
12:42:52
167777
12:42:53
167799
12:42:54
167788
12:42:55
167791
12:42:56
167798
12:42:57
167809
12:42:58
167786
12:42:59
167967
12:43:00
168010
12:43:01
168019
12:43:02
167944
12:43:03
167975
12:43:04
168018
12:43:05
167986
12:43:06
167985
12:43:07
167996
12:43:08
168015
12:43:09
168040
12:43:10
168037
12:43:11
167964
12:43:12
168040
12:43:13
168040
12:43:14
168015
12:43:15
167996
12:43:16
169221
12:43:18
169220
12:43:19
169216
12:43:20
169216
12:43:21
169215
12:43:22
169212
12:43:23
169212
12:43:24
169209
12:43:25
169205
12:43:26
169204
12:43:27
169204
12:43:28
169205
12:43:29
169203
12:43:30
169205
12:43:31
169205
12:43:32
169201
12:43:33
169201
12:43:34
169200
12:43:35
169200
12:43:36
169199
12:43:37
169200
12:43:38
169200
12:43:39
169201
12:43:40
169201
12:43:41
169202
12:43:42
169202
12:43:43
169201
12:43:44
169200
12:43:45
169201
12:43:46
169202
12:43:47
169201
12:43:48
169202
12:43:49
169202
12:43:50
169203
12:43:51
169203
12:43:52
169203
12:43:53
169202
12:43:54
169203
12:43:55
169203
12:43:56
169204
12:43:57
169204
12:43:58
169204
12:43:59
169203
12:44:00
169204
12:44:01
169204
12:44:02
169204
12:44:03
169202
12:44:04
169202
12:44:05
169202
12:44:06
169202
12:44:07
169202
12:44:08
169202
12:44:09
169202
12:44:10
169202
12:44:11
169203
12:44:12
169204
12:44:13
169202
12:44:14
169204
12:44:15
169205
12:44:16
169206
12:44:17
169207
12:44:18
169207
12:44:19
169207
12:44:20
169206
12:44:21
169205
12:44:22
169203
12:44:23
169202
12:44:24
169200
12:44:25
169200
12:44:26
169200
12:44:27
169200
12:44:28
169201
12:44:29
169199
12:44:30
169201
12:44:31
169201
12:44:32
169201
12:44:33
169201
12:44:34
169200
12:44:35
169199
12:44:36
169200
12:44:37
169200
12:44:38
170902
12:44:39
170895
12:44:40
170879
12:44:41
174058
12:44:42
173954
12:44:43
173902
12:44:44
173858
12:44:45
173837
12:44:46
173821
12:44:47
173794
12:44:48
173775
12:44:49
173758
12:44:50
173740
12:44:51
173697
12:44:52
173698
12:44:53
173699
12:44:54
173699
12:44:55
173697
12:44:56
173578
12:44:57
173186
12:44:58
172807
12:44:59
172418
12:45:00
172230
12:45:01
171557
12:45:02
172077
12:45:03
172329
12:45:04
172216
12:45:05
170753
12:45:06
169072
12:45:07
168444
12:45:08
168255
12:45:09
168203
12:45:10
168110
12:45:11
168110
12:45:12
168096
12:45:13
168055
12:45:14
168101
12:45:15
168112
12:45:16
168104
12:45:17
168076
12:45:18
168068
12:45:19
167969
12:45:20
168042
12:45:21
167998
12:45:22
168051
12:45:23
168047
12:45:24
168051
12:45:25
168048
12:45:26
168034
12:45:27
168016
12:45:28
167980
12:45:29
167930
12:45:30
167933
12:45:31
167933
12:45:32
167980
12:45:33
167956
12:45:34
167944
12:45:35
167941
12:45:36
167944
12:45:37
167943
12:45:38
167877
12:45:39
167920
12:45:40
167859
12:45:41
167899
12:45:42
167861
12:45:43
167894
12:45:44
167811
12:45:45
167828
12:45:46
167862
12:45:47
167852
12:45:48
167830
12:45:49
167866
12:45:50
167851
12:45:51
167861
12:45:52
167862
12:45:53
169099
12:45:54
169220
12:45:55
169215
12:45:56
169213
12:45:57
169213
12:45:58
169213
12:45:59
169212
12:46:00
169212
12:46:01
169213
12:46:02
169213
12:46:03
169213
12:46:04
169213
12:46:05
169208
12:46:06
169209
12:46:07
169210
12:46:08
169211
12:46:09
169212
12:46:10
169212
12:46:11
169214
12:46:12
169215
12:46:13
169217
12:46:14
169216
12:46:15
169214
12:46:16
169213
12:46:17
169214
12:46:18
169214
12:46:19
169214
12:46:20
169213
12:46:21
169214
12:46:22
169214
12:46:23
169213
12:46:24
169215
12:46:25
169215
12:46:26
169214
12:46:27
169214
12:46:28
169213
12:46:29
169214
12:46:30
169214
12:46:31
169214
12:46:32
169214
12:46:33
169212
12:46:34
169213
12:46:35
169214
12:46:36
169213
12:46:37
169213
12:46:38
169212
12:46:39
169212
12:46:40
169213
12:46:41
169215
12:46:42
169216
12:46:43
169214
12:46:44
169215
12:46:45
169213
12:46:46
169211
12:46:47
169213
12:46:48
169212
12:46:49
169211
12:46:50
169212
12:46:51
169212
12:46:52
169212
12:46:53
169211
12:46:54
169212
12:46:55
169212
12:46:56
169210
12:46:57
169210
12:46:58
169210
12:46:59
169210
12:47:00
169211
12:47:01
169211
12:47:02
169210
12:47:03
169208
12:47:04
169209
12:47:05
169209
12:47:06
169210
12:47:07
169208
12:47:08
169207
12:47:09
169209
12:47:11
169209
12:47:12
169210
12:47:13
169210
12:47:14
169210
12:47:15
169213
12:47:16
169212
12:47:17
169213
12:47:18
169212
12:47:19
169207
12:47:20
169208
12:47:21
169208
12:47:22
170906
12:47:23
170897
12:47:24
174064
12:47:25
173972
12:47:26
173855
12:47:27
173839
12:47:28
173843
12:47:29
173822
12:47:30
173799
12:47:31
173780
12:47:32
173761
12:47:33
173739
12:47:34
173699
12:47:35
173700
12:47:36
173697
12:47:37
173696
12:47:38
173693
12:47:39
173522
12:47:40
173130
12:47:41
172738
12:47:42
172348
12:47:43
171960
12:47:44
170812
12:47:45
171474
12:47:46
172127
12:47:47
171340
12:47:48
169569
12:47:49
168471
12:47:50
168342
12:47:51
168228
12:47:52
168250
12:47:53
168093
12:47:54
167960
12:47:55
167957
12:47:56
167888
12:47:57
167910
12:47:58
167904
12:47:59
167845
12:48:00
168106
12:48:01
168103
12:48:02
168139
12:48:03
168067
12:48:04
168068
12:48:05
168066
12:48:06
168109
12:48:07
168106
12:48:08
168112
12:48:09
168093
12:48:10
168051
12:48:11
168093
12:48:12
168112
12:48:13
168112
12:48:14
168113
12:48:15
168117
12:48:16
168111
12:48:17
168150
12:48:18
168123
12:48:19
168105
12:48:20
168122
12:48:21
168105
12:48:22
168113
12:48:23
168117
12:48:24
168022
12:48:25
168116
12:48:26
168106
12:48:27
168053
12:48:28
168057
12:48:29
168071
12:48:30
168018
12:48:31
168009
12:48:32
168018
12:48:33
168110
12:48:34
168046
12:48:35
168020
12:48:36
168099
12:48:37
169376
12:48:38
169422
12:48:39
169417
12:48:40
169413
12:48:41
169413
12:48:42
169413
12:48:43
169413
12:48:44
169411
12:48:45
169412
12:48:46
169409
12:48:47
169409
12:48:48
169410
12:48:49
169409
12:48:50
169405
12:48:51
169405
12:48:52
169406
12:48:53
169406
12:48:54
169405
12:48:55
169405
12:48:56
169404
12:48:57
169403
12:48:58
169404
12:48:59
169402
12:49:00
169400
12:49:01
169403
12:49:02
169404
12:49:03
169405
12:49:04
169405
12:49:05
169407
12:49:06
169406
12:49:07
169405
12:49:08
169405
12:49:09
169404
12:49:10
169403
12:49:11
169402
12:49:12
169401
12:49:13
169402
12:49:14
169400
12:49:15
169402
12:49:16
169399
12:49:17
169400
12:49:18
169401
12:49:19
169401
12:49:20
169396
12:49:21
169396
12:49:22
169396
12:49:23
169398
12:49:24
169399
12:49:25
169399
12:49:26
169399
12:49:27
169400
12:49:28
169401
12:49:29
169402
12:49:30
169402
12:49:31
169402
12:49:32
169403
12:49:33
169403
12:49:34
169404
12:49:35
169405
12:49:36
169406
12:49:37
169406
12:49:38
169406
12:49:39
169406
12:49:40
169406
12:49:41
169405
12:49:42
169407
12:49:43
169409
12:49:44
169408
12:49:45
169407
12:49:46
169406
12:49:47
169407
12:49:48
169408
12:49:49
169408
12:49:50
169409
12:49:51
169409
12:49:52
169409
12:49:53
169410
12:49:54
169410
12:49:55
169411
12:49:56
169411
12:49:57
169411
12:49:58
169411
12:49:59
169411
12:50:00
171110
12:50:01
171105
12:50:02
171123
12:50:03
173956
12:50:04
173851
12:50:05
173856
12:50:06
173840
12:50:07
173823
12:50:08
173799
12:50:09
173782
12:50:10
173766
12:50:11
173743
12:50:12
173693
12:50:13
173694
12:50:14
173693
12:50:15
173695
12:50:16
173696
12:50:17
173695
12:50:18
173695
12:50:19
173303
12:50:20
172926
12:50:21
172551
12:50:22
172174
12:50:23
171810
12:50:24
172051
12:50:25
170666
12:50:26
172051
12:50:27
172012
12:50:28
170307
12:50:29
168797
12:50:30
168284
12:50:31
168226
12:50:32
168157
12:50:33
168077
12:50:34
168055
12:50:35
168002
12:50:36
167977
12:50:37
167964
12:50:38
167918
12:50:39
167774
12:50:40
167774
12:50:41
167685
12:50:42
167681
12:50:43
167689
12:50:44
167652
12:50:45
167713
12:50:46
167671
12:50:47
167661
12:50:48
167669
12:50:49
167632
12:50:50
167613
12:50:51
167616
12:50:52
167615
12:50:53
167542
12:50:54
167545
12:50:55
167565
12:50:57
167574
12:50:58
167573
12:50:59
167575
12:51:00
167594
12:51:01
167778
12:51:02
167810
12:51:03
167802
12:51:04
167761
12:51:05
167778
12:51:06
167775
12:51:07
167768
12:51:08
167788
12:51:09
167753
12:51:10
167747
12:51:11
167745
12:51:12
167764
12:51:13
167763
12:51:14
167766
12:51:15
167784
12:51:16
169133
12:51:17
169268
12:51:18
169267
12:51:19
169264
12:51:20
169263
12:51:21
169259
12:51:22
169259
12:51:23
169254
12:51:24
169252
12:51:25
169254
12:51:26
169253
12:51:27
169251
12:51:28
169250
12:51:29
169250
12:51:30
169249
12:51:31
169250
12:51:32
169249
12:51:33
169249
12:51:34
169247
12:51:35
169249
12:51:36
169250
12:51:37
169251
12:51:38
169252
12:51:39
169251
12:51:40
169253
12:51:41
169253
12:51:42
169254
12:51:43
169255
12:51:44
169253
12:51:45
169254
12:51:46
169254
12:51:47
169254
12:51:48
169254
12:51:49
169254
12:51:50
169256
12:51:51
169256
12:51:52
169258
12:51:53
169258
12:51:54
169256
12:51:55
169257
12:51:56
169259
12:51:57
169258
12:51:58
169257
12:51:59
169256
12:52:00
169257
12:52:01
169256
12:52:02
169256
12:52:03
169256
12:52:04
169252
12:52:05
169254
12:52:06
169254
12:52:07
169254
12:52:08
169254
12:52:09
169253
12:52:10
169255
12:52:11
169256
12:52:12
169257
12:52:13
169258
12:52:14
169255
12:52:15
169257
12:52:16
169257
12:52:17
169257
12:52:18
169258
12:52:19
169258
12:52:20
169258
12:52:21
169254
12:52:22
169257
12:52:23
169259
12:52:24
169258
12:52:25
169257
12:52:26
169258
12:52:27
169259
12:52:28
169261
12:52:29
169261
12:52:30
169262
12:52:31
169262
12:52:32
169263
12:52:33
169264
12:52:34
169263
12:52:35
169258
12:52:36
169257
12:52:37
169256
12:52:38
169257
12:52:39
169257
12:52:40
170960
12:52:41
170958
12:52:42
170959
12:52:43
170958
12:52:44
170958
12:52:45
170955
12:52:46
170955
12:52:47
170954
12:52:48
170955
12:52:49
170954
12:52:50
170955
12:52:51
170955
12:52:52
170954
12:52:53
170954
12:52:54
170953
12:52:55
170952
12:52:56
170956
12:52:57
170955
12:52:58
170955
12:52:59
170955
12:53:00
170954
12:53:01
170954
12:53:02
170955
12:53:03
170955
12:53:04
170954
12:53:05
170955
12:53:06
170955
12:53:07
170956
12:53:08
170955
12:53:09
170955
12:53:10
170955
12:53:11
170954
12:53:12
170955
12:53:13
170955
12:53:14
170956
12:53:15
170956
12:53:16
170956
12:53:17
170955
12:53:18
170955
12:53:19
170954
12:53:20
170955
12:53:21
170955
12:53:22
170955
12:53:23
170956
12:53:24
170955
12:53:25
170956
12:53:26
170956
12:53:27
170957
12:53:28
170957
12:53:29
170958
12:53:30
170957
12:53:31
170956
12:53:32
170957
12:53:33
170957
12:53:34
170956
12:53:35
170957
12:53:36
170958
12:53:37
170959
12:53:38
170959
12:53:39
170959
12:53:40
170960
12:53:41
170961
12:53:42
170961
12:53:43
170961
12:53:44
170960
12:53:45
170962
12:53:46
170959
12:53:47
170959
12:53:48
170959
12:53:49
170958
12:53:50
170958
12:53:51
170958
12:53:52
170958
12:53:53
170959
12:53:54
170959
12:53:55
170958
12:53:56
170956
12:53:57
170957
12:53:58
170958
12:53:59
170958
12:54:00
170958
12:54:01
170956
12:54:02
170958
12:54:03
170959
12:54:04
170960
12:54:05
170960
12:54:06
170961
12:54:07
170958
12:54:08
170959
12:54:09
170960
12:54:10
170960
12:54:11
170960
12:54:12
170960
12:54:13
170959
12:54:14
170960
12:54:15
170961
12:54:16
170961
12:54:17
170958
12:54:18
170958
12:54:19
170957
12:54:20
170958
12:54:21
170958
12:54:22
170958
12:54:23
170958
12:54:24
170958
12:54:25
170962
12:54:26
170962
12:54:27
170960
12:54:28
170961
12:54:29
170961
12:54:30
170961
12:54:31
170961
12:54:32
170961
12:54:33
170961
12:54:34
170961
12:54:35
170961
12:54:36
170961
12:54:37
170958
12:54:38
170960
12:54:39
170960
12:54:40
170961
12:54:41
170960
12:54:42
170961
12:54:43
170961
12:54:44
170961
12:54:45
170961
12:54:46
170961
12:54:47
170959
12:54:48
170960
12:54:49
170960
12:54:50
170960
12:54:51
170960
12:54:52
170960
12:54:53
170960
12:54:54
170960
12:54:55
170960
12:54:56
170960
12:54:57
170961
12:54:58
170960
12:54:59
170960
12:55:00
170959
12:55:01
170960
12:55:02
170961
12:55:03
170961
12:55:04
170961
12:55:05
170961
12:55:06
170961
12:55:07
170962
12:55:08
170962
12:55:09
170961
12:55:10
170961
12:55:12
170961
12:55:13
170962
12:55:14
170962
12:55:15
170961
12:55:16
170962
12:55:17
170962
12:55:18
170962
12:55:19
170961
12:55:20
170962
12:55:21
170962
12:55:22
170962
12:55:23
170962
12:55:24
170963
12:55:25
170963
12:55:26
170963
12:55:27
170963
12:55:28
170963
12:55:29
170960
12:55:30
170961
12:55:31
170961
12:55:32
170961
12:55:33
170961
12:55:34
170960
12:55:35
170961
12:55:36
170962
12:55:37
170962
12:55:38
170961
12:55:39
170961
12:55:40
170960
12:55:41
170959
12:55:42
170959
12:55:43
170960
12:55:44
170960
12:55:45
170959
12:55:46
170958
12:55:47
170959
12:55:48
170958
12:55:49
170958
12:55:50
170958
12:55:51
170958
12:55:52
170959
12:55:53
170960
12:55:54
170960
12:55:55
170960
12:55:56
170961
12:55:57
170961
12:55:58
170960
12:55:59
170960
12:56:00
170958
12:56:01
170959
12:56:02
170959
12:56:03
170958
12:56:04
170958
12:56:05
170958
12:56:06
170959
12:56:07
170961
12:56:08
170961
12:56:09
170961
12:56:10
170959
12:56:11
170960
12:56:12
170960
12:56:13
170959
12:56:14
170959
12:56:15
170959
12:56:16
170960
12:56:17
170960
12:56:18
170963
12:56:19
170963
12:56:20
170964
12:56:21
170963
12:56:22
170963
12:56:23
170962
12:56:24
170963
12:56:25
170963
12:56:26
170963
12:56:27
170962
12:56:28
170961
12:56:29
170962
12:56:30
170962
12:56:31
170959
12:56:32
170960
12:56:33
170960
12:56:34
170960
12:56:35
170960
12:56:36
170961
12:56:37
170961
12:56:38
170961
12:56:39
170958
12:56:40
170959
12:56:41
170958
12:56:42
170958
12:56:43
170959
12:56:44
170959
12:56:45
170959
12:56:46
170960
12:56:47
170959
12:56:48
170959
12:56:49
170958
12:56:50
170958
12:56:51
170957
12:56:52
170958
12:56:53
170959
12:56:54
170958
12:56:55
170958
12:56:56
170959
12:56:57
170960
12:56:58
170961
12:56:59
170961
12:57:00
170962
12:57:01
170960
12:57:02
170962
12:57:03
170961
12:57:04
170961
12:57:05
170962
12:57:06
170962
12:57:07
170963
12:57:08
170964
12:57:09
170962
12:57:10
170962
12:57:11
170958
12:57:12
170962
12:57:13
170962
12:57:14
170962
12:57:15
170963
12:57:16
170962
12:57:17
170962
12:57:18
170961
12:57:19
170960
12:57:20
170961
12:57:21
170961
12:57:22
170962
12:57:23
170961
12:57:24
170962
12:57:25
170961
12:57:26
170961
12:57:27
170961
12:57:28
170962
12:57:29
170961
12:57:30
170962
12:57:31
170961
12:57:32
170959
12:57:33
170960
12:57:34
170959
12:57:35
170960
12:57:36
170959
12:57:37
170960
12:57:38
170960
12:57:39
170960
12:57:40
170960
12:57:41
170960
12:57:42
170959
12:57:43
170958
12:57:44
170958
12:57:45
170959
12:57:46
170959
12:57:47
170959
12:57:48
170961
12:57:49
170961
12:57:50
170961
12:57:51
170961
12:57:52
170961
12:57:53
170961
12:57:54
170961
12:57:55
170961
12:57:56
170961
12:57:57
170962
12:57:58
170962
12:57:59
170962
12:58:00
170961
12:58:01
170961
12:58:02
170961
12:58:03
170958
12:58:04
170958
12:58:05
170959
12:58:06
170959
12:58:07
170959
12:58:08
170959
12:58:09
170960
12:58:10
170959
12:58:11
170959
12:58:12
170959
12:58:13
170959
12:58:14
170959
12:58:15
170959
12:58:16
170959
12:58:17
170962
12:58:18
170961
12:58:19
170962
12:58:20
170961
12:58:21
170961
12:58:22
170962
12:58:23
170962
12:58:24
170961
12:58:25
170961
12:58:26
170961
12:58:27
170960
12:58:28
170961
12:58:29
170960
12:58:30
170960
12:58:31
170960
12:58:32
170960
12:58:33
170959
12:58:34
170959
12:58:35
170960
12:58:36
170960
12:58:37
170960
12:58:38
170960
12:58:39
170960
12:58:40
170960
12:58:41
170961
12:58:42
170961
12:58:43
170959
12:58:44
170960
12:58:45
170960
12:58:46
170960
12:58:47
170960
12:58:48
170962
12:58:49
170962
12:58:50
170962
12:58:51
170962
12:58:52
170962
12:58:53
170962
12:58:54
170961
12:58:55
170961
12:58:56
170962
12:58:57
170962
12:58:58
170963
12:58:59
170963
12:59:00
170964
12:59:01
170963
12:59:02
170963
12:59:03
170964
12:59:04
170963
12:59:05
170963
12:59:06
170963
12:59:07
170963
12:59:08
170963
12:59:09
170962
12:59:10
170963
12:59:11
170963
12:59:12
170963
12:59:13
170964
12:59:14
170962
12:59:15
170962
12:59:16
170961
12:59:17
170963
12:59:18
170963
12:59:19
170962
12:59:20
170962
12:59:21
170962
12:59:22
170962
12:59:23
170963
12:59:24
170963
12:59:25
170964
12:59:26
170964
12:59:27
170963
12:59:28
170964
12:59:29
170964
12:59:30
170965
12:59:31
170965
12:59:32
170964
12:59:33
170964
12:59:34
170962
12:59:35
170963
12:59:36
170963
12:59:37
170963
12:59:38
170963
12:59:39
170964
12:59:40
170964
12:59:41
170965
12:59:42
170965
12:59:43
170965
12:59:44
170966
12:59:45
170965
12:59:46
170965
12:59:47
170965
12:59:48
170965
12:59:49
170965
12:59:50
170965
12:59:51
170965
12:59:52
170965
12:59:53
170966
12:59:54
170965
12:59:55
170964
12:59:57
170964
12:59:58
170964
12:59:59
170965
13:00:00
170964
13:00:01
170964
13:00:02
170964
13:00:03
170964
13:00:04
170963
13:00:05
170964
13:00:06
170962
13:00:07
170964
13:00:08
170963
13:00:09
170963
13:00:10
170963
13:00:11
170963
13:00:12
170963
13:00:13
170963
13:00:14
170963
13:00:15
170962
13:00:16
170962
13:00:17
170963
13:00:18
170963
13:00:19
170963
13:00:20
170961
13:00:21
170962
13:00:22
170962
13:00:23
170962
13:00:24
170962
13:00:25
170963
13:00:26
170962
13:00:27
170962
13:00:28
170963
13:00:29
170963
13:00:30
170963
13:00:31
170963
13:00:32
170963
13:00:33
170963
13:00:34
170963
13:00:35
170964
13:00:36
170964
13:00:37
170964
13:00:38
170965
13:00:39
170965
13:00:40
170964
13:00:41
170965
13:00:42
170964
13:00:43
170964
13:00:44
170964
13:00:45
170965
13:00:46
170965
13:00:47
170965
13:00:48
170965
13:00:49
170965
13:00:50
170964
13:00:51
170964
13:00:52
170964
13:00:53
170964
13:00:54
170964
13:00:55
170965
13:00:56
170964
13:00:57
170965
13:00:58
170965
13:00:59
170964
13:01:00
170964
13:01:01
170963
13:01:02
170964
13:01:03
170964
13:01:04
170964
13:01:05
170964
13:01:06
170964
13:01:07
170961
13:01:08
170962
13:01:09
170963
13:01:10
170963
13:01:11
170963
13:01:12
170963
13:01:13
170964
13:01:14
170962
13:01:15
170963
13:01:16
170963
13:01:17
170963
13:01:18
170962
13:01:19
170962
13:01:20
170962
13:01:21
170962
13:01:22
170962
13:01:23
170962
13:01:24
170962
13:01:25
170962
13:01:26
170962
13:01:27
170963
13:01:28
170960
13:01:29
170962
13:01:30
170964
13:01:31
170964
13:01:32
170964
13:01:33
170963
13:01:34
170963
13:01:35
170964
13:01:36
170964
13:01:37
170964
13:01:38
170962
13:01:39
170961
13:01:40
170960
13:01:41
170961
13:01:42
170961
13:01:43
170961
13:01:44
170962
13:01:45
170961
13:01:46
170961
13:01:47
170962
13:01:48
170961
13:01:49
170962
13:01:50
170962
13:01:51
170962
13:01:52
170962
13:01:53
170962
13:01:54
170960
13:01:55
170961
13:01:56
170960
13:01:57
170960
13:01:58
170959
13:01:59
170960
13:02:00
170962
13:02:01
170962
13:02:02
170962
13:02:03
170962
13:02:04
170961
13:02:05
170963
13:02:06
170962
13:02:07
170962
13:02:08
170962
13:02:09
170959
13:02:10
170961
13:02:11
170960
13:02:12
170960
13:02:13
170961
13:02:14
170961
13:02:15
170961
13:02:16
170962
13:02:17
170961
13:02:18
170965
13:02:19
170962
13:02:20
170962
13:02:21
170961
13:02:22
170962
13:02:23
170963
13:02:24
170963
13:02:25
170963
13:02:26
170963
13:02:27
170963
13:02:28
170963
13:02:29
170962
13:02:30
170962
13:02:31
170961
13:02:32
170958
13:02:33
170956
13:02:34
170954
13:02:35
170956
13:02:36
170956
13:02:37
170957
13:02:38
170957
13:02:39
170955
13:02:40
170954
13:02:41
170955
13:02:42
174077
13:02:43
174083
13:02:44
174082
13:02:45
174082
13:02:46
174084
13:02:47
174083
13:02:48
174083
13:02:49
174084
13:02:50
174083
13:02:51
174082
13:02:52
174081
13:02:53
174082
13:02:54
174081
13:02:55
174082
13:02:56
174081
13:02:57
174081
13:02:58
174082
13:02:59
174082
13:03:00
174286
13:03:01
174286
13:03:02
174286
13:03:03
174286
13:03:04
174285
13:03:05
174286
13:03:06
174286
13:03:07
174286
13:03:08
174287
13:03:09
174289
13:03:10
174288
13:03:11
174289
13:03:12
174289
13:03:13
174288
13:03:14
174287
13:03:15
174286
13:03:16
174287
13:03:17
174287
13:03:18
174287
13:03:19
174285
13:03:20
174285
13:03:21
174286
13:03:22
174288
13:03:23
174287
13:03:24
174287
13:03:25
174288
13:03:26
174288
13:03:27
174290
13:03:28
174290
13:03:29
174290
13:03:30
174287
13:03:31
174289
13:03:32
174290
13:03:33
174289
13:03:34
174289
13:03:35
174290
13:03:36
174289
13:03:37
174289
13:03:38
174290
13:03:39
174289
13:03:40
174290
13:03:41
174288
13:03:42
174289
13:03:43
174289
13:03:44
174289
13:03:45
174290
13:03:46
174289
13:03:47
174291
13:03:48
174293
13:03:49
174293
13:03:50
174292
13:03:51
174291
13:03:52
174292
13:03:53
174292
13:03:54
174293
13:03:55
174292
13:03:56
174292
13:03:57
174292
13:03:58
174292
13:03:59
174294
13:04:00
174293
13:04:01
174292
13:04:02
174292
13:04:03
174292
13:04:04
174292
13:04:05
174292
13:04:06
174293
13:04:07
174293
13:04:08
174293
13:04:09
174293
13:04:10
174293
13:04:11
174291
13:04:12
174292
13:04:13
174292
13:04:14
174292
13:04:15
174293
13:04:16
174293
13:04:17
174294
13:04:18
174294
13:04:19
174295
13:04:20
174295
13:04:21
174290
13:04:22
174293
13:04:23
174293
13:04:24
174293
13:04:25
174292
13:04:26
174292
13:04:27
174292
13:04:28
174294
13:04:29
174294
